Time:2019-07-12 16:04:06,981; FileName:my_log.py;-> FuncName:printLog;  LineNo.:76; LevelNo.:20;--->LevelName:INFO;----->LogMessage:当前时间：2019-07-12 16:04:06.980482 
Time:2019-07-12 16:04:06,982; FileName:my_log.py;-> FuncName:printLog;  LineNo.:76; LevelNo.:20;--->LevelName:INFO;----->LogMessage:时间串：20190712160406 
Time:2019-07-12 16:04:06,983; FileName:my_log.py;-> FuncName:printLog;  LineNo.:76; LevelNo.:20;--->LevelName:INFO;----->LogMessage:基础目录为：D:\Users\Administrator\PycharmProjects\AppSpecialTest\monkeyAndPerformance/codeResult 
Time:2019-07-12 16:04:06,984; FileName:my_log.py;-> FuncName:printLog;  LineNo.:76; LevelNo.:20;--->LevelName:INFO;----->LogMessage:当前时间：2019-07-12 16:04:06.983482 
Time:2019-07-12 16:04:06,985; FileName:my_log.py;-> FuncName:printLog;  LineNo.:76; LevelNo.:20;--->LevelName:INFO;----->LogMessage:时间串年月：201907 
Time:2019-07-12 16:04:06,986; FileName:my_log.py;-> FuncName:printLog;  LineNo.:76; LevelNo.:20;--->LevelName:INFO;----->LogMessage:已经存在目录：D:\Users\Administrator\PycharmProjects\AppSpecialTest\monkeyAndPerformance/codeResult/2019 
Time:2019-07-12 16:04:06,987; FileName:my_log.py;-> FuncName:printLog;  LineNo.:76; LevelNo.:20;--->LevelName:INFO;----->LogMessage:已经存在目录：D:\Users\Administrator\PycharmProjects\AppSpecialTest\monkeyAndPerformance/codeResult/2019/201907 
Time:2019-07-12 16:04:06,988; FileName:my_log.py;-> FuncName:printLog;  LineNo.:76; LevelNo.:20;--->LevelName:INFO;----->LogMessage:已经存在目录：D:\Users\Administrator\PycharmProjects\AppSpecialTest\monkeyAndPerformance/codeResult/2019/201907/20190712 
Time:2019-07-12 16:04:06,989; FileName:my_log.py;-> FuncName:printLog;  LineNo.:76; LevelNo.:20;--->LevelName:INFO;----->LogMessage:已经创建目录：D:\Users\Administrator\PycharmProjects\AppSpecialTest\monkeyAndPerformance/codeResult/2019/201907/20190712/20190712160406 
Time:2019-07-12 16:16:56,538; FileName:my_log.py;-> FuncName:printLog;  LineNo.:76; LevelNo.:20;--->LevelName:INFO;----->LogMessage:当前时间：2019-07-12 16:16:56.536498 
Time:2019-07-12 16:16:56,539; FileName:my_log.py;-> FuncName:printLog;  LineNo.:76; LevelNo.:20;--->LevelName:INFO;----->LogMessage:时间串：20190712161656 
Time:2019-07-12 16:16:56,541; FileName:my_log.py;-> FuncName:printLog;  LineNo.:76; LevelNo.:20;--->LevelName:INFO;----->LogMessage:D:\Users\Administrator\PycharmProjects\AppSpecialTest\monkeyAndPerformance\allCode\monkey 
Time:2019-07-12 16:16:56,541; FileName:my_log.py;-> FuncName:printLog;  LineNo.:76; LevelNo.:20;--->LevelName:INFO;----->LogMessage:基础目录为：D:\Users\Administrator\PycharmProjects\AppSpecialTest\monkeyAndPerformance/codeResult 
Time:2019-07-12 16:16:56,542; FileName:my_log.py;-> FuncName:printLog;  LineNo.:76; LevelNo.:20;--->LevelName:INFO;----->LogMessage:('com.ahdi.qrindo.wallet', '1', '360', '810EBM32TZ4K') 
Time:2019-07-12 16:16:56,542; FileName:my_log.py;-> FuncName:printLog;  LineNo.:76; LevelNo.:20;--->LevelName:INFO;----->LogMessage:当前时间：2019-07-12 16:16:56.541498 
Time:2019-07-12 16:16:56,544; FileName:my_log.py;-> FuncName:printLog;  LineNo.:76; LevelNo.:20;--->LevelName:INFO;----->LogMessage:时间串年月：201907 
Time:2019-07-12 16:16:56,544; FileName:my_log.py;-> FuncName:printLog;  LineNo.:76; LevelNo.:20;--->LevelName:INFO;----->LogMessage:基础目录为：D:\Users\Administrator\PycharmProjects\AppSpecialTest\monkeyAndPerformance/codeResult 
Time:2019-07-12 16:16:56,545; FileName:my_log.py;-> FuncName:printLog;  LineNo.:76; LevelNo.:20;--->LevelName:INFO;----->LogMessage:已经存在目录：D:\Users\Administrator\PycharmProjects\AppSpecialTest\monkeyAndPerformance/codeResult/2019 
Time:2019-07-12 16:16:56,545; FileName:my_log.py;-> FuncName:printLog;  LineNo.:76; LevelNo.:20;--->LevelName:INFO;----->LogMessage:已经存在目录：D:\Users\Administrator\PycharmProjects\AppSpecialTest\monkeyAndPerformance/codeResult/2019 
Time:2019-07-12 16:16:56,545; FileName:my_log.py;-> FuncName:printLog;  LineNo.:76; LevelNo.:20;--->LevelName:INFO;----->LogMessage:当前时间：2019-07-12 16:16:56.545499 
Time:2019-07-12 16:16:56,547; FileName:my_log.py;-> FuncName:printLog;  LineNo.:76; LevelNo.:20;--->LevelName:INFO;----->LogMessage:时间串年月：201907 
Time:2019-07-12 16:16:56,547; FileName:my_log.py;-> FuncName:printLog;  LineNo.:76; LevelNo.:20;--->LevelName:INFO;----->LogMessage:已经存在目录：D:\Users\Administrator\PycharmProjects\AppSpecialTest\monkeyAndPerformance/codeResult/2019/201907 
Time:2019-07-12 16:16:56,548; FileName:my_log.py;-> FuncName:printLog;  LineNo.:76; LevelNo.:20;--->LevelName:INFO;----->LogMessage:已经存在目录：D:\Users\Administrator\PycharmProjects\AppSpecialTest\monkeyAndPerformance/codeResult/2019 
Time:2019-07-12 16:16:56,548; FileName:my_log.py;-> FuncName:printLog;  LineNo.:76; LevelNo.:20;--->LevelName:INFO;----->LogMessage:已经存在目录：D:\Users\Administrator\PycharmProjects\AppSpecialTest\monkeyAndPerformance/codeResult/2019/201907/20190712 
Time:2019-07-12 16:16:56,549; FileName:my_log.py;-> FuncName:printLog;  LineNo.:76; LevelNo.:20;--->LevelName:INFO;----->LogMessage:已经存在目录：D:\Users\Administrator\PycharmProjects\AppSpecialTest\monkeyAndPerformance/codeResult/2019/201907 
Time:2019-07-12 16:16:56,550; FileName:my_log.py;-> FuncName:printLog;  LineNo.:76; LevelNo.:20;--->LevelName:INFO;----->LogMessage:已经创建目录：D:\Users\Administrator\PycharmProjects\AppSpecialTest\monkeyAndPerformance/codeResult/2019/201907/20190712/20190712161656 
Time:2019-07-12 16:16:56,550; FileName:my_log.py;-> FuncName:printLog;  LineNo.:76; LevelNo.:20;--->LevelName:INFO;----->LogMessage:已经创建目录：D:\Users\Administrator\PycharmProjects\AppSpecialTest\monkeyAndPerformance/codeResult/2019/201907/20190712/20190712161656 
Time:2019-07-12 16:16:56,550; FileName:my_log.py;-> FuncName:printLog;  LineNo.:76; LevelNo.:20;--->LevelName:INFO;----->LogMessage:已经存在目录：D:\Users\Administrator\PycharmProjects\AppSpecialTest\monkeyAndPerformance/codeResult/2019/201907/20190712 
Time:2019-07-12 16:16:56,551; FileName:my_log.py;-> FuncName:printLog;  LineNo.:76; LevelNo.:20;--->LevelName:INFO;----->LogMessage:已经存在目录：D:\Users\Administrator\PycharmProjects\AppSpecialTest\monkeyAndPerformance/codeResult/2019/201907/20190712/20190712161656 
Time:2019-07-12 16:16:56,552; FileName:my_log.py;-> FuncName:printLog;  LineNo.:76; LevelNo.:20;--->LevelName:INFO;----->LogMessage:Monkey Log Name:com.ahdi.qrindo.wallet_20190712161656_monkey.log 
Time:2019-07-12 16:16:57,308; FileName:my_log.py;-> FuncName:printLog;  LineNo.:76; LevelNo.:20;--->LevelName:INFO;----->LogMessage: 
Time:2019-07-12 16:16:57,315; FileName:my_log.py;-> FuncName:printLog;  LineNo.:76; LevelNo.:20;--->LevelName:INFO;----->LogMessage:Please check Exception keywords in the "D:\Users\Administrator\PycharmProjects\AppSpecialTest\monkeyAndPerformance/codeResult/2019/201907/20190712/20190712161656/com.ahdi.qrindo.wallet_20190712161656_monkey.log_CRASH.txt"
 
Time:2019-07-12 16:16:57,319; FileName:my_log.py;-> FuncName:printLog;  LineNo.:76; LevelNo.:20;--->LevelName:INFO;----->LogMessage:Please check Exception keywords in the "D:\Users\Administrator\PycharmProjects\AppSpecialTest\monkeyAndPerformance/codeResult/2019/201907/20190712/20190712161656/com.ahdi.qrindo.wallet_20190712161656_monkey.log_Exception.txt"
 
Time:2019-07-12 16:16:57,320; FileName:my_log.py;-> FuncName:printLog;  LineNo.:76; LevelNo.:20;--->LevelName:INFO;----->LogMessage:Monkey finished! 
Time:2019-07-12 16:30:52,822; FileName:my_log.py;-> FuncName:printLog;  LineNo.:76; LevelNo.:20;--->LevelName:INFO;----->LogMessage:当前时间：2019-07-12 16:30:52.821331 
Time:2019-07-12 16:30:52,823; FileName:my_log.py;-> FuncName:printLog;  LineNo.:76; LevelNo.:20;--->LevelName:INFO;----->LogMessage:时间串：20190712163052 
Time:2019-07-12 16:30:52,825; FileName:my_log.py;-> FuncName:printLog;  LineNo.:76; LevelNo.:20;--->LevelName:INFO;----->LogMessage:D:\Users\Administrator\PycharmProjects\AppSpecialTest\monkeyAndPerformance\allCode\monkey 
Time:2019-07-12 16:30:52,825; FileName:my_log.py;-> FuncName:printLog;  LineNo.:76; LevelNo.:20;--->LevelName:INFO;----->LogMessage:D:\Users\Administrator\PycharmProjects\AppSpecialTest\monkeyAndPerformance\allCode\monkey 
Time:2019-07-12 16:30:52,825; FileName:my_log.py;-> FuncName:printLog;  LineNo.:76; LevelNo.:20;--->LevelName:INFO;----->LogMessage:基础目录为：D:\Users\Administrator\PycharmProjects\AppSpecialTest\monkeyAndPerformance/codeResult 
Time:2019-07-12 16:30:52,825; FileName:my_log.py;-> FuncName:printLog;  LineNo.:76; LevelNo.:20;--->LevelName:INFO;----->LogMessage:基础目录为：D:\Users\Administrator\PycharmProjects\AppSpecialTest\monkeyAndPerformance/codeResult 
Time:2019-07-12 16:30:52,827; FileName:my_log.py;-> FuncName:printLog;  LineNo.:76; LevelNo.:20;--->LevelName:INFO;----->LogMessage:当前时间：2019-07-12 16:30:52.826331 
Time:2019-07-12 16:30:52,828; FileName:my_log.py;-> FuncName:printLog;  LineNo.:76; LevelNo.:20;--->LevelName:INFO;----->LogMessage:('com.ahdi.qrindo.wallet', '1', '360', '810EBM32TZ4K') 
Time:2019-07-12 16:30:52,828; FileName:my_log.py;-> FuncName:printLog;  LineNo.:76; LevelNo.:20;--->LevelName:INFO;----->LogMessage:时间串年月：201907 
Time:2019-07-12 16:30:52,829; FileName:my_log.py;-> FuncName:printLog;  LineNo.:76; LevelNo.:20;--->LevelName:INFO;----->LogMessage:已经存在目录：D:\Users\Administrator\PycharmProjects\AppSpecialTest\monkeyAndPerformance/codeResult/2019 
Time:2019-07-12 16:30:52,830; FileName:my_log.py;-> FuncName:printLog;  LineNo.:76; LevelNo.:20;--->LevelName:INFO;----->LogMessage:基础目录为：D:\Users\Administrator\PycharmProjects\AppSpecialTest\monkeyAndPerformance/codeResult 
Time:2019-07-12 16:30:52,830; FileName:my_log.py;-> FuncName:printLog;  LineNo.:76; LevelNo.:20;--->LevelName:INFO;----->LogMessage:已经存在目录：D:\Users\Administrator\PycharmProjects\AppSpecialTest\monkeyAndPerformance/codeResult/2019/201907 
Time:2019-07-12 16:30:52,831; FileName:my_log.py;-> FuncName:printLog;  LineNo.:76; LevelNo.:20;--->LevelName:INFO;----->LogMessage:当前时间：2019-07-12 16:30:52.830331 
Time:2019-07-12 16:30:52,831; FileName:my_log.py;-> FuncName:printLog;  LineNo.:76; LevelNo.:20;--->LevelName:INFO;----->LogMessage:已经存在目录：D:\Users\Administrator\PycharmProjects\AppSpecialTest\monkeyAndPerformance/codeResult/2019/201907/20190712 
Time:2019-07-12 16:30:52,832; FileName:my_log.py;-> FuncName:printLog;  LineNo.:76; LevelNo.:20;--->LevelName:INFO;----->LogMessage:时间串年月：201907 
Time:2019-07-12 16:30:52,833; FileName:my_log.py;-> FuncName:printLog;  LineNo.:76; LevelNo.:20;--->LevelName:INFO;----->LogMessage:已经创建目录：D:\Users\Administrator\PycharmProjects\AppSpecialTest\monkeyAndPerformance/codeResult/2019/201907/20190712/20190712163052 
Time:2019-07-12 16:30:52,834; FileName:my_log.py;-> FuncName:printLog;  LineNo.:76; LevelNo.:20;--->LevelName:INFO;----->LogMessage:已经存在目录：D:\Users\Administrator\PycharmProjects\AppSpecialTest\monkeyAndPerformance/codeResult/2019 
Time:2019-07-12 16:30:52,834; FileName:my_log.py;-> FuncName:printLog;  LineNo.:76; LevelNo.:20;--->LevelName:INFO;----->LogMessage:已经存在目录：D:\Users\Administrator\PycharmProjects\AppSpecialTest\monkeyAndPerformance/codeResult/2019 
Time:2019-07-12 16:30:52,840; FileName:my_log.py;-> FuncName:printLog;  LineNo.:76; LevelNo.:20;--->LevelName:INFO;----->LogMessage:已经存在目录：D:\Users\Administrator\PycharmProjects\AppSpecialTest\monkeyAndPerformance/codeResult/2019/201907 
Time:2019-07-12 16:30:52,841; FileName:my_log.py;-> FuncName:printLog;  LineNo.:76; LevelNo.:20;--->LevelName:INFO;----->LogMessage:已经存在目录：D:\Users\Administrator\PycharmProjects\AppSpecialTest\monkeyAndPerformance/codeResult/2019/201907/20190712 
Time:2019-07-12 16:30:52,842; FileName:my_log.py;-> FuncName:printLog;  LineNo.:76; LevelNo.:20;--->LevelName:INFO;----->LogMessage:已经存在目录：D:\Users\Administrator\PycharmProjects\AppSpecialTest\monkeyAndPerformance/codeResult/2019/201907/20190712/20190712163052 
Time:2019-07-12 16:30:52,847; FileName:my_log.py;-> FuncName:printLog;  LineNo.:76; LevelNo.:20;--->LevelName:INFO;----->LogMessage:Monkey Log Name:com.ahdi.qrindo.wallet_20190712163052_monkey.log 
Time:2019-07-12 16:30:53,644; FileName:my_log.py;-> FuncName:printLog;  LineNo.:76; LevelNo.:20;--->LevelName:INFO;----->LogMessage: 
Time:2019-07-12 16:30:53,654; FileName:my_log.py;-> FuncName:printLog;  LineNo.:76; LevelNo.:20;--->LevelName:INFO;----->LogMessage:Please check Exception keywords in the "D:\Users\Administrator\PycharmProjects\AppSpecialTest\monkeyAndPerformance/codeResult/2019/201907/20190712/20190712163052/com.ahdi.qrindo.wallet_20190712163052_monkey.log_CRASH.txt"
 
Time:2019-07-12 16:30:53,657; FileName:my_log.py;-> FuncName:printLog;  LineNo.:76; LevelNo.:20;--->LevelName:INFO;----->LogMessage:Please check Exception keywords in the "D:\Users\Administrator\PycharmProjects\AppSpecialTest\monkeyAndPerformance/codeResult/2019/201907/20190712/20190712163052/com.ahdi.qrindo.wallet_20190712163052_monkey.log_Exception.txt"
 
Time:2019-07-12 16:30:53,658; FileName:my_log.py;-> FuncName:printLog;  LineNo.:76; LevelNo.:20;--->LevelName:INFO;----->LogMessage:Monkey finished! 
Time:2019-07-12 16:31:18,924; FileName:my_log.py;-> FuncName:printLog;  LineNo.:76; LevelNo.:20;--->LevelName:INFO;----->LogMessage:当前时间：2019-07-12 16:31:18.923824 
Time:2019-07-12 16:31:18,925; FileName:my_log.py;-> FuncName:printLog;  LineNo.:76; LevelNo.:20;--->LevelName:INFO;----->LogMessage:时间串：20190712163118 
Time:2019-07-12 16:31:18,926; FileName:my_log.py;-> FuncName:printLog;  LineNo.:76; LevelNo.:20;--->LevelName:INFO;----->LogMessage:D:\Users\Administrator\PycharmProjects\AppSpecialTest\monkeyAndPerformance\allCode\monkey 
Time:2019-07-12 16:31:18,927; FileName:my_log.py;-> FuncName:printLog;  LineNo.:76; LevelNo.:20;--->LevelName:INFO;----->LogMessage:基础目录为：D:\Users\Administrator\PycharmProjects\AppSpecialTest\monkeyAndPerformance/codeResult 
Time:2019-07-12 16:31:18,930; FileName:my_log.py;-> FuncName:printLog;  LineNo.:76; LevelNo.:20;--->LevelName:INFO;----->LogMessage:('com.ahdi.qrindo.wallet', '1', '360', '810EBM32TZ4K') 
Time:2019-07-12 16:31:18,930; FileName:my_log.py;-> FuncName:printLog;  LineNo.:76; LevelNo.:20;--->LevelName:INFO;----->LogMessage:('com.ahdi.qrindo.wallet', '1', '360', '810EBM32TZ4K') 
Time:2019-07-12 16:31:18,931; FileName:my_log.py;-> FuncName:printLog;  LineNo.:76; LevelNo.:20;--->LevelName:INFO;----->LogMessage:当前时间：2019-07-12 16:31:18.928824 
Time:2019-07-12 16:31:18,933; FileName:my_log.py;-> FuncName:printLog;  LineNo.:76; LevelNo.:20;--->LevelName:INFO;----->LogMessage:时间串年月：201907 
Time:2019-07-12 16:31:18,935; FileName:my_log.py;-> FuncName:printLog;  LineNo.:76; LevelNo.:20;--->LevelName:INFO;----->LogMessage:已经存在目录：D:\Users\Administrator\PycharmProjects\AppSpecialTest\monkeyAndPerformance/codeResult/2019 
Time:2019-07-12 16:31:18,935; FileName:my_log.py;-> FuncName:printLog;  LineNo.:76; LevelNo.:20;--->LevelName:INFO;----->LogMessage:基础目录为：D:\Users\Administrator\PycharmProjects\AppSpecialTest\monkeyAndPerformance/codeResult 
Time:2019-07-12 16:31:18,936; FileName:my_log.py;-> FuncName:printLog;  LineNo.:76; LevelNo.:20;--->LevelName:INFO;----->LogMessage:已经存在目录：D:\Users\Administrator\PycharmProjects\AppSpecialTest\monkeyAndPerformance/codeResult/2019/201907 
Time:2019-07-12 16:31:18,936; FileName:my_log.py;-> FuncName:printLog;  LineNo.:76; LevelNo.:20;--->LevelName:INFO;----->LogMessage:当前时间：2019-07-12 16:31:18.935825 
Time:2019-07-12 16:31:18,937; FileName:my_log.py;-> FuncName:printLog;  LineNo.:76; LevelNo.:20;--->LevelName:INFO;----->LogMessage:已经存在目录：D:\Users\Administrator\PycharmProjects\AppSpecialTest\monkeyAndPerformance/codeResult/2019/201907/20190712 
Time:2019-07-12 16:31:18,937; FileName:my_log.py;-> FuncName:printLog;  LineNo.:76; LevelNo.:20;--->LevelName:INFO;----->LogMessage:时间串年月：201907 
Time:2019-07-12 16:31:18,938; FileName:my_log.py;-> FuncName:printLog;  LineNo.:76; LevelNo.:20;--->LevelName:INFO;----->LogMessage:已经创建目录：D:\Users\Administrator\PycharmProjects\AppSpecialTest\monkeyAndPerformance/codeResult/2019/201907/20190712/20190712163118 
Time:2019-07-12 16:31:18,939; FileName:my_log.py;-> FuncName:printLog;  LineNo.:76; LevelNo.:20;--->LevelName:INFO;----->LogMessage:已经存在目录：D:\Users\Administrator\PycharmProjects\AppSpecialTest\monkeyAndPerformance/codeResult/2019 
Time:2019-07-12 16:31:18,940; FileName:my_log.py;-> FuncName:printLog;  LineNo.:76; LevelNo.:20;--->LevelName:INFO;----->LogMessage:已经存在目录：D:\Users\Administrator\PycharmProjects\AppSpecialTest\monkeyAndPerformance/codeResult/2019/201907 
Time:2019-07-12 16:31:18,941; FileName:my_log.py;-> FuncName:printLog;  LineNo.:76; LevelNo.:20;--->LevelName:INFO;----->LogMessage:已经存在目录：D:\Users\Administrator\PycharmProjects\AppSpecialTest\monkeyAndPerformance/codeResult/2019/201907/20190712 
Time:2019-07-12 16:31:18,942; FileName:my_log.py;-> FuncName:printLog;  LineNo.:76; LevelNo.:20;--->LevelName:INFO;----->LogMessage:已经存在目录：D:\Users\Administrator\PycharmProjects\AppSpecialTest\monkeyAndPerformance/codeResult/2019/201907/20190712/20190712163118 
Time:2019-07-12 16:31:18,943; FileName:my_log.py;-> FuncName:printLog;  LineNo.:76; LevelNo.:20;--->LevelName:INFO;----->LogMessage:Monkey Log Name:com.ahdi.qrindo.wallet_20190712163118_monkey.log 
Time:2019-07-12 16:31:19,614; FileName:my_log.py;-> FuncName:printLog;  LineNo.:76; LevelNo.:20;--->LevelName:INFO;----->LogMessage: 
Time:2019-07-12 16:31:19,620; FileName:my_log.py;-> FuncName:printLog;  LineNo.:76; LevelNo.:20;--->LevelName:INFO;----->LogMessage:Please check Exception keywords in the "D:\Users\Administrator\PycharmProjects\AppSpecialTest\monkeyAndPerformance/codeResult/2019/201907/20190712/20190712163118/com.ahdi.qrindo.wallet_20190712163118_monkey.log_CRASH.txt"
 
Time:2019-07-12 16:31:19,626; FileName:my_log.py;-> FuncName:printLog;  LineNo.:76; LevelNo.:20;--->LevelName:INFO;----->LogMessage:Please check Exception keywords in the "D:\Users\Administrator\PycharmProjects\AppSpecialTest\monkeyAndPerformance/codeResult/2019/201907/20190712/20190712163118/com.ahdi.qrindo.wallet_20190712163118_monkey.log_Exception.txt"
 
Time:2019-07-12 16:31:19,629; FileName:my_log.py;-> FuncName:printLog;  LineNo.:76; LevelNo.:20;--->LevelName:INFO;----->LogMessage:Monkey finished! 
Time:2019-07-12 16:31:52,923; FileName:my_log.py;-> FuncName:printLog;  LineNo.:76; LevelNo.:20;--->LevelName:INFO;----->LogMessage:当前时间：2019-07-12 16:31:52.923769 
Time:2019-07-12 16:31:52,924; FileName:my_log.py;-> FuncName:printLog;  LineNo.:76; LevelNo.:20;--->LevelName:INFO;----->LogMessage:时间串：20190712163152 
Time:2019-07-12 16:31:52,926; FileName:my_log.py;-> FuncName:printLog;  LineNo.:76; LevelNo.:20;--->LevelName:INFO;----->LogMessage:D:\Users\Administrator\PycharmProjects\AppSpecialTest\monkeyAndPerformance\allCode\monkey 
Time:2019-07-12 16:31:52,927; FileName:my_log.py;-> FuncName:printLog;  LineNo.:76; LevelNo.:20;--->LevelName:INFO;----->LogMessage:基础目录为：D:\Users\Administrator\PycharmProjects\AppSpecialTest\monkeyAndPerformance/codeResult 
Time:2019-07-12 16:31:52,927; FileName:my_log.py;-> FuncName:printLog;  LineNo.:76; LevelNo.:20;--->LevelName:INFO;----->LogMessage:基础目录为：D:\Users\Administrator\PycharmProjects\AppSpecialTest\monkeyAndPerformance/codeResult 
Time:2019-07-12 16:31:52,929; FileName:my_log.py;-> FuncName:printLog;  LineNo.:76; LevelNo.:20;--->LevelName:INFO;----->LogMessage:当前时间：2019-07-12 16:31:52.929769 
Time:2019-07-12 16:31:52,929; FileName:my_log.py;-> FuncName:printLog;  LineNo.:76; LevelNo.:20;--->LevelName:INFO;----->LogMessage:当前时间：2019-07-12 16:31:52.929769 
Time:2019-07-12 16:31:52,930; FileName:my_log.py;-> FuncName:printLog;  LineNo.:76; LevelNo.:20;--->LevelName:INFO;----->LogMessage:时间串年月：201907 
Time:2019-07-12 16:31:52,930; FileName:my_log.py;-> FuncName:printLog;  LineNo.:76; LevelNo.:20;--->LevelName:INFO;----->LogMessage:时间串年月：201907 
Time:2019-07-12 16:31:52,931; FileName:my_log.py;-> FuncName:printLog;  LineNo.:76; LevelNo.:20;--->LevelName:INFO;----->LogMessage:已经存在目录：D:\Users\Administrator\PycharmProjects\AppSpecialTest\monkeyAndPerformance/codeResult/2019 
Time:2019-07-12 16:31:52,931; FileName:my_log.py;-> FuncName:printLog;  LineNo.:76; LevelNo.:20;--->LevelName:INFO;----->LogMessage:已经存在目录：D:\Users\Administrator\PycharmProjects\AppSpecialTest\monkeyAndPerformance/codeResult/2019 
Time:2019-07-12 16:31:52,933; FileName:my_log.py;-> FuncName:printLog;  LineNo.:76; LevelNo.:20;--->LevelName:INFO;----->LogMessage:已经存在目录：D:\Users\Administrator\PycharmProjects\AppSpecialTest\monkeyAndPerformance/codeResult/2019/201907 
Time:2019-07-12 16:31:52,933; FileName:my_log.py;-> FuncName:printLog;  LineNo.:76; LevelNo.:20;--->LevelName:INFO;----->LogMessage:已经存在目录：D:\Users\Administrator\PycharmProjects\AppSpecialTest\monkeyAndPerformance/codeResult/2019/201907 
Time:2019-07-12 16:31:52,927; FileName:my_log.py;-> FuncName:printLog;  LineNo.:76; LevelNo.:20;--->LevelName:INFO;----->LogMessage:('com.ahdi.qrindo.wallet', '1', '360', '810EBM32TZ4K') 
Time:2019-07-12 16:31:52,935; FileName:my_log.py;-> FuncName:printLog;  LineNo.:76; LevelNo.:20;--->LevelName:INFO;----->LogMessage:已经存在目录：D:\Users\Administrator\PycharmProjects\AppSpecialTest\monkeyAndPerformance/codeResult/2019/201907/20190712 
Time:2019-07-12 16:31:52,936; FileName:my_log.py;-> FuncName:printLog;  LineNo.:76; LevelNo.:20;--->LevelName:INFO;----->LogMessage:已经创建目录：D:\Users\Administrator\PycharmProjects\AppSpecialTest\monkeyAndPerformance/codeResult/2019/201907/20190712/20190712163152 
Time:2019-07-12 16:31:52,937; FileName:my_log.py;-> FuncName:printLog;  LineNo.:76; LevelNo.:20;--->LevelName:INFO;----->LogMessage:基础目录为：D:\Users\Administrator\PycharmProjects\AppSpecialTest\monkeyAndPerformance/codeResult 
Time:2019-07-12 16:31:52,938; FileName:my_log.py;-> FuncName:printLog;  LineNo.:76; LevelNo.:20;--->LevelName:INFO;----->LogMessage:当前时间：2019-07-12 16:31:52.937769 
Time:2019-07-12 16:31:52,939; FileName:my_log.py;-> FuncName:printLog;  LineNo.:76; LevelNo.:20;--->LevelName:INFO;----->LogMessage:时间串年月：201907 
Time:2019-07-12 16:31:52,940; FileName:my_log.py;-> FuncName:printLog;  LineNo.:76; LevelNo.:20;--->LevelName:INFO;----->LogMessage:已经存在目录：D:\Users\Administrator\PycharmProjects\AppSpecialTest\monkeyAndPerformance/codeResult/2019 
Time:2019-07-12 16:31:52,942; FileName:my_log.py;-> FuncName:printLog;  LineNo.:76; LevelNo.:20;--->LevelName:INFO;----->LogMessage:已经存在目录：D:\Users\Administrator\PycharmProjects\AppSpecialTest\monkeyAndPerformance/codeResult/2019/201907 
Time:2019-07-12 16:31:52,944; FileName:my_log.py;-> FuncName:printLog;  LineNo.:76; LevelNo.:20;--->LevelName:INFO;----->LogMessage:已经存在目录：D:\Users\Administrator\PycharmProjects\AppSpecialTest\monkeyAndPerformance/codeResult/2019/201907/20190712 
Time:2019-07-12 16:31:52,945; FileName:my_log.py;-> FuncName:printLog;  LineNo.:76; LevelNo.:20;--->LevelName:INFO;----->LogMessage:已经存在目录：D:\Users\Administrator\PycharmProjects\AppSpecialTest\monkeyAndPerformance/codeResult/2019/201907/20190712/20190712163152 
Time:2019-07-12 16:31:52,947; FileName:my_log.py;-> FuncName:printLog;  LineNo.:76; LevelNo.:20;--->LevelName:INFO;----->LogMessage:Monkey Log Name:com.ahdi.qrindo.wallet_20190712163152_monkey.log 
Time:2019-07-12 16:31:53,790; FileName:my_log.py;-> FuncName:printLog;  LineNo.:76; LevelNo.:20;--->LevelName:INFO;----->LogMessage: 
Time:2019-07-12 16:31:53,794; FileName:my_log.py;-> FuncName:printLog;  LineNo.:76; LevelNo.:20;--->LevelName:INFO;----->LogMessage:Please check Exception keywords in the "D:\Users\Administrator\PycharmProjects\AppSpecialTest\monkeyAndPerformance/codeResult/2019/201907/20190712/20190712163152/com.ahdi.qrindo.wallet_20190712163152_monkey.log_CRASH.txt"
 
Time:2019-07-12 16:31:53,797; FileName:my_log.py;-> FuncName:printLog;  LineNo.:76; LevelNo.:20;--->LevelName:INFO;----->LogMessage:Please check Exception keywords in the "D:\Users\Administrator\PycharmProjects\AppSpecialTest\monkeyAndPerformance/codeResult/2019/201907/20190712/20190712163152/com.ahdi.qrindo.wallet_20190712163152_monkey.log_Exception.txt"
 
Time:2019-07-12 16:31:53,799; FileName:my_log.py;-> FuncName:printLog;  LineNo.:76; LevelNo.:20;--->LevelName:INFO;----->LogMessage:Monkey finished! 
Time:2019-07-12 16:31:58,188; FileName:my_log.py;-> FuncName:printLog;  LineNo.:76; LevelNo.:20;--->LevelName:INFO;----->LogMessage:基础目录为：D:\Users\Administrator\PycharmProjects\AppSpecialTest\monkeyAndPerformance/codeResult 
Time:2019-07-12 16:31:58,191; FileName:my_log.py;-> FuncName:printLog;  LineNo.:76; LevelNo.:20;--->LevelName:INFO;----->LogMessage:当前时间：2019-07-12 16:31:58.189070 
Time:2019-07-12 16:31:58,194; FileName:my_log.py;-> FuncName:printLog;  LineNo.:76; LevelNo.:20;--->LevelName:INFO;----->LogMessage:时间串年月：201907 
Time:2019-07-12 16:31:58,197; FileName:my_log.py;-> FuncName:printLog;  LineNo.:76; LevelNo.:20;--->LevelName:INFO;----->LogMessage:已经存在目录：D:\Users\Administrator\PycharmProjects\AppSpecialTest\monkeyAndPerformance/codeResult/2019 
Time:2019-07-12 16:31:58,200; FileName:my_log.py;-> FuncName:printLog;  LineNo.:76; LevelNo.:20;--->LevelName:INFO;----->LogMessage:已经存在目录：D:\Users\Administrator\PycharmProjects\AppSpecialTest\monkeyAndPerformance/codeResult/2019/201907 
Time:2019-07-12 16:31:58,204; FileName:my_log.py;-> FuncName:printLog;  LineNo.:76; LevelNo.:20;--->LevelName:INFO;----->LogMessage:已经存在目录：D:\Users\Administrator\PycharmProjects\AppSpecialTest\monkeyAndPerformance/codeResult/2019/201907/20190712 
Time:2019-07-12 16:31:58,208; FileName:my_log.py;-> FuncName:printLog;  LineNo.:76; LevelNo.:20;--->LevelName:INFO;----->LogMessage:已经存在目录：D:\Users\Administrator\PycharmProjects\AppSpecialTest\monkeyAndPerformance/codeResult/2019/201907/20190712/20190712163152 
Time:2019-07-12 16:32:01,048; FileName:my_log.py;-> FuncName:printLog;  LineNo.:76; LevelNo.:20;--->LevelName:INFO;----->LogMessage:基础目录为：D:\Users\Administrator\PycharmProjects\AppSpecialTest\monkeyAndPerformance/codeResult 
Time:2019-07-12 16:32:01,052; FileName:my_log.py;-> FuncName:printLog;  LineNo.:76; LevelNo.:20;--->LevelName:INFO;----->LogMessage:基础目录为：D:\Users\Administrator\PycharmProjects\AppSpecialTest\monkeyAndPerformance/codeResult 
Time:2019-07-12 16:32:01,054; FileName:my_log.py;-> FuncName:printLog;  LineNo.:76; LevelNo.:20;--->LevelName:INFO;----->LogMessage:当前时间：2019-07-12 16:32:01.051233 
Time:2019-07-12 16:32:01,057; FileName:my_log.py;-> FuncName:printLog;  LineNo.:76; LevelNo.:20;--->LevelName:INFO;----->LogMessage:当前时间：2019-07-12 16:32:01.053234 
Time:2019-07-12 16:32:01,058; FileName:my_log.py;-> FuncName:printLog;  LineNo.:76; LevelNo.:20;--->LevelName:INFO;----->LogMessage:时间串年月：201907 
Time:2019-07-12 16:32:01,060; FileName:my_log.py;-> FuncName:printLog;  LineNo.:76; LevelNo.:20;--->LevelName:INFO;----->LogMessage:时间串年月：201907 
Time:2019-07-12 16:32:01,062; FileName:my_log.py;-> FuncName:printLog;  LineNo.:76; LevelNo.:20;--->LevelName:INFO;----->LogMessage:已经存在目录：D:\Users\Administrator\PycharmProjects\AppSpecialTest\monkeyAndPerformance/codeResult/2019 
Time:2019-07-12 16:32:01,065; FileName:my_log.py;-> FuncName:printLog;  LineNo.:76; LevelNo.:20;--->LevelName:INFO;----->LogMessage:已经存在目录：D:\Users\Administrator\PycharmProjects\AppSpecialTest\monkeyAndPerformance/codeResult/2019 
Time:2019-07-12 16:32:01,067; FileName:my_log.py;-> FuncName:printLog;  LineNo.:76; LevelNo.:20;--->LevelName:INFO;----->LogMessage:已经存在目录：D:\Users\Administrator\PycharmProjects\AppSpecialTest\monkeyAndPerformance/codeResult/2019/201907 
Time:2019-07-12 16:32:01,070; FileName:my_log.py;-> FuncName:printLog;  LineNo.:76; LevelNo.:20;--->LevelName:INFO;----->LogMessage:已经存在目录：D:\Users\Administrator\PycharmProjects\AppSpecialTest\monkeyAndPerformance/codeResult/2019/201907 
Time:2019-07-12 16:32:01,072; FileName:my_log.py;-> FuncName:printLog;  LineNo.:76; LevelNo.:20;--->LevelName:INFO;----->LogMessage:基础目录为：D:\Users\Administrator\PycharmProjects\AppSpecialTest\monkeyAndPerformance/codeResult 
Time:2019-07-12 16:32:01,072; FileName:my_log.py;-> FuncName:printLog;  LineNo.:76; LevelNo.:20;--->LevelName:INFO;----->LogMessage:基础目录为：D:\Users\Administrator\PycharmProjects\AppSpecialTest\monkeyAndPerformance/codeResult 
Time:2019-07-12 16:32:01,074; FileName:my_log.py;-> FuncName:printLog;  LineNo.:76; LevelNo.:20;--->LevelName:INFO;----->LogMessage:已经存在目录：D:\Users\Administrator\PycharmProjects\AppSpecialTest\monkeyAndPerformance/codeResult/2019/201907/20190712 
Time:2019-07-12 16:32:01,074; FileName:my_log.py;-> FuncName:printLog;  LineNo.:76; LevelNo.:20;--->LevelName:INFO;----->LogMessage:已经存在目录：D:\Users\Administrator\PycharmProjects\AppSpecialTest\monkeyAndPerformance/codeResult/2019/201907/20190712 
Time:2019-07-12 16:32:01,077; FileName:my_log.py;-> FuncName:printLog;  LineNo.:76; LevelNo.:20;--->LevelName:INFO;----->LogMessage:已经存在目录：D:\Users\Administrator\PycharmProjects\AppSpecialTest\monkeyAndPerformance/codeResult/2019/201907/20190712 
Time:2019-07-12 16:32:01,079; FileName:my_log.py;-> FuncName:printLog;  LineNo.:76; LevelNo.:20;--->LevelName:INFO;----->LogMessage:已经存在目录：D:\Users\Administrator\PycharmProjects\AppSpecialTest\monkeyAndPerformance/codeResult/2019/201907/20190712/20190712163152 
Time:2019-07-12 16:32:01,081; FileName:my_log.py;-> FuncName:printLog;  LineNo.:76; LevelNo.:20;--->LevelName:INFO;----->LogMessage:已经存在目录：D:\Users\Administrator\PycharmProjects\AppSpecialTest\monkeyAndPerformance/codeResult/2019/201907/20190712/20190712163152 
Time:2019-07-12 16:32:01,085; FileName:my_log.py;-> FuncName:printLog;  LineNo.:76; LevelNo.:20;--->LevelName:INFO;----->LogMessage:当前时间：2019-07-12 16:32:01.076235 
Time:2019-07-12 16:32:01,088; FileName:my_log.py;-> FuncName:printLog;  LineNo.:76; LevelNo.:20;--->LevelName:INFO;----->LogMessage:时间串年月：201907 
Time:2019-07-12 16:32:01,092; FileName:my_log.py;-> FuncName:printLog;  LineNo.:76; LevelNo.:20;--->LevelName:INFO;----->LogMessage:已经存在目录：D:\Users\Administrator\PycharmProjects\AppSpecialTest\monkeyAndPerformance/codeResult/2019 
Time:2019-07-12 16:32:01,095; FileName:my_log.py;-> FuncName:printLog;  LineNo.:76; LevelNo.:20;--->LevelName:INFO;----->LogMessage:已经存在目录：D:\Users\Administrator\PycharmProjects\AppSpecialTest\monkeyAndPerformance/codeResult/2019/201907 
Time:2019-07-12 16:32:01,097; FileName:my_log.py;-> FuncName:printLog;  LineNo.:76; LevelNo.:20;--->LevelName:INFO;----->LogMessage:已经存在目录：D:\Users\Administrator\PycharmProjects\AppSpecialTest\monkeyAndPerformance/codeResult/2019/201907/20190712 
Time:2019-07-12 16:32:01,099; FileName:my_log.py;-> FuncName:printLog;  LineNo.:76; LevelNo.:20;--->LevelName:INFO;----->LogMessage:已经存在目录：D:\Users\Administrator\PycharmProjects\AppSpecialTest\monkeyAndPerformance/codeResult/2019/201907/20190712/20190712163152 
Time:2019-07-12 16:32:04,195; FileName:my_log.py;-> FuncName:printLog;  LineNo.:76; LevelNo.:20;--->LevelName:INFO;----->LogMessage:基础目录为：D:\Users\Administrator\PycharmProjects\AppSpecialTest\monkeyAndPerformance/codeResult 
Time:2019-07-12 16:32:04,198; FileName:my_log.py;-> FuncName:printLog;  LineNo.:76; LevelNo.:20;--->LevelName:INFO;----->LogMessage:当前时间：2019-07-12 16:32:04.196413 
Time:2019-07-12 16:32:04,201; FileName:my_log.py;-> FuncName:printLog;  LineNo.:76; LevelNo.:20;--->LevelName:INFO;----->LogMessage:时间串年月：201907 
Time:2019-07-12 16:32:04,204; FileName:my_log.py;-> FuncName:printLog;  LineNo.:76; LevelNo.:20;--->LevelName:INFO;----->LogMessage:已经存在目录：D:\Users\Administrator\PycharmProjects\AppSpecialTest\monkeyAndPerformance/codeResult/2019 
Time:2019-07-12 16:32:04,208; FileName:my_log.py;-> FuncName:printLog;  LineNo.:76; LevelNo.:20;--->LevelName:INFO;----->LogMessage:已经存在目录：D:\Users\Administrator\PycharmProjects\AppSpecialTest\monkeyAndPerformance/codeResult/2019/201907 
Time:2019-07-12 16:32:04,211; FileName:my_log.py;-> FuncName:printLog;  LineNo.:76; LevelNo.:20;--->LevelName:INFO;----->LogMessage:已经存在目录：D:\Users\Administrator\PycharmProjects\AppSpecialTest\monkeyAndPerformance/codeResult/2019/201907/20190712 
Time:2019-07-12 16:32:04,214; FileName:my_log.py;-> FuncName:printLog;  LineNo.:76; LevelNo.:20;--->LevelName:INFO;----->LogMessage:已经存在目录：D:\Users\Administrator\PycharmProjects\AppSpecialTest\monkeyAndPerformance/codeResult/2019/201907/20190712/20190712163152 
Time:2019-07-12 16:33:59,481; FileName:my_log.py;-> FuncName:printLog;  LineNo.:76; LevelNo.:20;--->LevelName:INFO;----->LogMessage:当前时间：2019-07-12 16:33:59.479007 
Time:2019-07-12 16:33:59,483; FileName:my_log.py;-> FuncName:printLog;  LineNo.:76; LevelNo.:20;--->LevelName:INFO;----->LogMessage:时间串：20190712163359 
Time:2019-07-12 16:33:59,487; FileName:my_log.py;-> FuncName:printLog;  LineNo.:76; LevelNo.:20;--->LevelName:INFO;----->LogMessage:D:\Users\Administrator\PycharmProjects\AppSpecialTest\monkeyAndPerformance\allCode\monkey 
Time:2019-07-12 16:33:59,491; FileName:my_log.py;-> FuncName:printLog;  LineNo.:76; LevelNo.:20;--->LevelName:INFO;----->LogMessage:('com.ahdi.qrindo.wallet', '1', '360', '810EBM32TZ4K') 
Time:2019-07-12 16:33:59,491; FileName:my_log.py;-> FuncName:printLog;  LineNo.:76; LevelNo.:20;--->LevelName:INFO;----->LogMessage:('com.ahdi.qrindo.wallet', '1', '360', '810EBM32TZ4K') 
Time:2019-07-12 16:33:59,493; FileName:my_log.py;-> FuncName:printLog;  LineNo.:76; LevelNo.:20;--->LevelName:INFO;----->LogMessage:基础目录为：D:\Users\Administrator\PycharmProjects\AppSpecialTest\monkeyAndPerformance/codeResult 
Time:2019-07-12 16:33:59,493; FileName:my_log.py;-> FuncName:printLog;  LineNo.:76; LevelNo.:20;--->LevelName:INFO;----->LogMessage:基础目录为：D:\Users\Administrator\PycharmProjects\AppSpecialTest\monkeyAndPerformance/codeResult 
Time:2019-07-12 16:33:59,495; FileName:my_log.py;-> FuncName:printLog;  LineNo.:76; LevelNo.:20;--->LevelName:INFO;----->LogMessage:当前时间：2019-07-12 16:33:59.494008 
Time:2019-07-12 16:33:59,495; FileName:my_log.py;-> FuncName:printLog;  LineNo.:76; LevelNo.:20;--->LevelName:INFO;----->LogMessage:当前时间：2019-07-12 16:33:59.494008 
Time:2019-07-12 16:33:59,499; FileName:my_log.py;-> FuncName:printLog;  LineNo.:76; LevelNo.:20;--->LevelName:INFO;----->LogMessage:时间串年月：201907 
Time:2019-07-12 16:33:59,499; FileName:my_log.py;-> FuncName:printLog;  LineNo.:76; LevelNo.:20;--->LevelName:INFO;----->LogMessage:时间串年月：201907 
Time:2019-07-12 16:33:59,489; FileName:my_log.py;-> FuncName:printLog;  LineNo.:76; LevelNo.:20;--->LevelName:INFO;----->LogMessage:基础目录为：D:\Users\Administrator\PycharmProjects\AppSpecialTest\monkeyAndPerformance/codeResult 
Time:2019-07-12 16:33:59,489; FileName:my_log.py;-> FuncName:printLog;  LineNo.:76; LevelNo.:20;--->LevelName:INFO;----->LogMessage:基础目录为：D:\Users\Administrator\PycharmProjects\AppSpecialTest\monkeyAndPerformance/codeResult 
Time:2019-07-12 16:33:59,507; FileName:my_log.py;-> FuncName:printLog;  LineNo.:76; LevelNo.:20;--->LevelName:INFO;----->LogMessage:当前时间：2019-07-12 16:33:59.506009 
Time:2019-07-12 16:33:59,507; FileName:my_log.py;-> FuncName:printLog;  LineNo.:76; LevelNo.:20;--->LevelName:INFO;----->LogMessage:当前时间：2019-07-12 16:33:59.506009 
Time:2019-07-12 16:33:59,508; FileName:my_log.py;-> FuncName:printLog;  LineNo.:76; LevelNo.:20;--->LevelName:INFO;----->LogMessage:已经存在目录：D:\Users\Administrator\PycharmProjects\AppSpecialTest\monkeyAndPerformance/codeResult/2019 
Time:2019-07-12 16:33:59,510; FileName:my_log.py;-> FuncName:printLog;  LineNo.:76; LevelNo.:20;--->LevelName:INFO;----->LogMessage:时间串年月：201907 
Time:2019-07-12 16:33:59,510; FileName:my_log.py;-> FuncName:printLog;  LineNo.:76; LevelNo.:20;--->LevelName:INFO;----->LogMessage:已经存在目录：D:\Users\Administrator\PycharmProjects\AppSpecialTest\monkeyAndPerformance/codeResult/2019/201907 
Time:2019-07-12 16:33:59,511; FileName:my_log.py;-> FuncName:printLog;  LineNo.:76; LevelNo.:20;--->LevelName:INFO;----->LogMessage:已经存在目录：D:\Users\Administrator\PycharmProjects\AppSpecialTest\monkeyAndPerformance/codeResult/2019 
Time:2019-07-12 16:33:59,512; FileName:my_log.py;-> FuncName:printLog;  LineNo.:76; LevelNo.:20;--->LevelName:INFO;----->LogMessage:已经存在目录：D:\Users\Administrator\PycharmProjects\AppSpecialTest\monkeyAndPerformance/codeResult/2019/201907/20190712 
Time:2019-07-12 16:33:59,512; FileName:my_log.py;-> FuncName:printLog;  LineNo.:76; LevelNo.:20;--->LevelName:INFO;----->LogMessage:已经存在目录：D:\Users\Administrator\PycharmProjects\AppSpecialTest\monkeyAndPerformance/codeResult/2019/201907/20190712 
Time:2019-07-12 16:33:59,515; FileName:my_log.py;-> FuncName:printLog;  LineNo.:76; LevelNo.:20;--->LevelName:INFO;----->LogMessage:已经创建目录：D:\Users\Administrator\PycharmProjects\AppSpecialTest\monkeyAndPerformance/codeResult/2019/201907/20190712/20190712163359 
Time:2019-07-12 16:33:59,515; FileName:my_log.py;-> FuncName:printLog;  LineNo.:76; LevelNo.:20;--->LevelName:INFO;----->LogMessage:已经创建目录：D:\Users\Administrator\PycharmProjects\AppSpecialTest\monkeyAndPerformance/codeResult/2019/201907/20190712/20190712163359 
Time:2019-07-12 16:33:59,514; FileName:my_log.py;-> FuncName:printLog;  LineNo.:76; LevelNo.:20;--->LevelName:INFO;----->LogMessage:已经存在目录：D:\Users\Administrator\PycharmProjects\AppSpecialTest\monkeyAndPerformance/codeResult/2019/201907 
Time:2019-07-12 16:33:59,517; FileName:my_log.py;-> FuncName:printLog;  LineNo.:76; LevelNo.:20;--->LevelName:INFO;----->LogMessage:Monkey Log Name:com.ahdi.qrindo.wallet_20190712163359_monkey.log 
Time:2019-07-12 16:33:59,517; FileName:my_log.py;-> FuncName:printLog;  LineNo.:76; LevelNo.:20;--->LevelName:INFO;----->LogMessage:Monkey Log Name:com.ahdi.qrindo.wallet_20190712163359_monkey.log 
Time:2019-07-12 16:33:59,517; FileName:my_log.py;-> FuncName:printLog;  LineNo.:76; LevelNo.:20;--->LevelName:INFO;----->LogMessage:已经存在目录：D:\Users\Administrator\PycharmProjects\AppSpecialTest\monkeyAndPerformance/codeResult/2019/201907/20190712 
Time:2019-07-12 16:33:59,519; FileName:my_log.py;-> FuncName:printLog;  LineNo.:76; LevelNo.:20;--->LevelName:INFO;----->LogMessage:已经存在目录：D:\Users\Administrator\PycharmProjects\AppSpecialTest\monkeyAndPerformance/codeResult/2019/201907/20190712/20190712163359 
Time:2019-07-12 16:34:00,581; FileName:my_log.py;-> FuncName:printLog;  LineNo.:76; LevelNo.:20;--->LevelName:INFO;----->LogMessage: 
Time:2019-07-12 16:34:00,698; FileName:my_log.py;-> FuncName:printLog;  LineNo.:76; LevelNo.:20;--->LevelName:INFO;----->LogMessage:Please check Exception keywords in the "D:\Users\Administrator\PycharmProjects\AppSpecialTest\monkeyAndPerformance/codeResult/2019/201907/20190712/20190712163359/com.ahdi.qrindo.wallet_20190712163359_monkey.log_CRASH.txt"
 
Time:2019-07-12 16:34:00,703; FileName:my_log.py;-> FuncName:printLog;  LineNo.:76; LevelNo.:20;--->LevelName:INFO;----->LogMessage:Please check Exception keywords in the "D:\Users\Administrator\PycharmProjects\AppSpecialTest\monkeyAndPerformance/codeResult/2019/201907/20190712/20190712163359/com.ahdi.qrindo.wallet_20190712163359_monkey.log_Exception.txt"
 
Time:2019-07-12 16:34:00,705; FileName:my_log.py;-> FuncName:printLog;  LineNo.:76; LevelNo.:20;--->LevelName:INFO;----->LogMessage:Monkey finished! 
Time:2019-07-12 16:34:04,701; FileName:my_log.py;-> FuncName:printLog;  LineNo.:76; LevelNo.:20;--->LevelName:INFO;----->LogMessage:基础目录为：D:\Users\Administrator\PycharmProjects\AppSpecialTest\monkeyAndPerformance/codeResult 
Time:2019-07-12 16:34:04,705; FileName:my_log.py;-> FuncName:printLog;  LineNo.:76; LevelNo.:20;--->LevelName:INFO;----->LogMessage:当前时间：2019-07-12 16:34:04.702306 
Time:2019-07-12 16:34:04,708; FileName:my_log.py;-> FuncName:printLog;  LineNo.:76; LevelNo.:20;--->LevelName:INFO;----->LogMessage:时间串年月：201907 
Time:2019-07-12 16:34:04,711; FileName:my_log.py;-> FuncName:printLog;  LineNo.:76; LevelNo.:20;--->LevelName:INFO;----->LogMessage:已经存在目录：D:\Users\Administrator\PycharmProjects\AppSpecialTest\monkeyAndPerformance/codeResult/2019 
Time:2019-07-12 16:34:04,714; FileName:my_log.py;-> FuncName:printLog;  LineNo.:76; LevelNo.:20;--->LevelName:INFO;----->LogMessage:已经存在目录：D:\Users\Administrator\PycharmProjects\AppSpecialTest\monkeyAndPerformance/codeResult/2019/201907 
Time:2019-07-12 16:34:04,717; FileName:my_log.py;-> FuncName:printLog;  LineNo.:76; LevelNo.:20;--->LevelName:INFO;----->LogMessage:已经存在目录：D:\Users\Administrator\PycharmProjects\AppSpecialTest\monkeyAndPerformance/codeResult/2019/201907/20190712 
Time:2019-07-12 16:34:04,720; FileName:my_log.py;-> FuncName:printLog;  LineNo.:76; LevelNo.:20;--->LevelName:INFO;----->LogMessage:已经存在目录：D:\Users\Administrator\PycharmProjects\AppSpecialTest\monkeyAndPerformance/codeResult/2019/201907/20190712/20190712163359 
Time:2019-07-12 16:34:07,697; FileName:my_log.py;-> FuncName:printLog;  LineNo.:76; LevelNo.:20;--->LevelName:INFO;----->LogMessage:基础目录为：D:\Users\Administrator\PycharmProjects\AppSpecialTest\monkeyAndPerformance/codeResult 
Time:2019-07-12 16:34:07,699; FileName:my_log.py;-> FuncName:printLog;  LineNo.:76; LevelNo.:20;--->LevelName:INFO;----->LogMessage:基础目录为：D:\Users\Administrator\PycharmProjects\AppSpecialTest\monkeyAndPerformance/codeResult 
Time:2019-07-12 16:34:07,699; FileName:my_log.py;-> FuncName:printLog;  LineNo.:76; LevelNo.:20;--->LevelName:INFO;----->LogMessage:基础目录为：D:\Users\Administrator\PycharmProjects\AppSpecialTest\monkeyAndPerformance/codeResult 
Time:2019-07-12 16:34:07,698; FileName:my_log.py;-> FuncName:printLog;  LineNo.:76; LevelNo.:20;--->LevelName:INFO;----->LogMessage:基础目录为：D:\Users\Administrator\PycharmProjects\AppSpecialTest\monkeyAndPerformance/codeResult 
Time:2019-07-12 16:34:07,703; FileName:my_log.py;-> FuncName:printLog;  LineNo.:76; LevelNo.:20;--->LevelName:INFO;----->LogMessage:当前时间：2019-07-12 16:34:07.699477 
Time:2019-07-12 16:34:07,708; FileName:my_log.py;-> FuncName:printLog;  LineNo.:76; LevelNo.:20;--->LevelName:INFO;----->LogMessage:当前时间：2019-07-12 16:34:07.703478 
Time:2019-07-12 16:34:07,709; FileName:my_log.py;-> FuncName:printLog;  LineNo.:76; LevelNo.:20;--->LevelName:INFO;----->LogMessage:时间串年月：201907 
Time:2019-07-12 16:34:07,709; FileName:my_log.py;-> FuncName:printLog;  LineNo.:76; LevelNo.:20;--->LevelName:INFO;----->LogMessage:时间串年月：201907 
Time:2019-07-12 16:34:07,710; FileName:my_log.py;-> FuncName:printLog;  LineNo.:76; LevelNo.:20;--->LevelName:INFO;----->LogMessage:当前时间：2019-07-12 16:34:07.702478 
Time:2019-07-12 16:34:07,714; FileName:my_log.py;-> FuncName:printLog;  LineNo.:76; LevelNo.:20;--->LevelName:INFO;----->LogMessage:时间串年月：201907 
Time:2019-07-12 16:34:07,710; FileName:my_log.py;-> FuncName:printLog;  LineNo.:76; LevelNo.:20;--->LevelName:INFO;----->LogMessage:当前时间：2019-07-12 16:34:07.702478 
Time:2019-07-12 16:34:07,719; FileName:my_log.py;-> FuncName:printLog;  LineNo.:76; LevelNo.:20;--->LevelName:INFO;----->LogMessage:已经存在目录：D:\Users\Administrator\PycharmProjects\AppSpecialTest\monkeyAndPerformance/codeResult/2019 
Time:2019-07-12 16:34:07,719; FileName:my_log.py;-> FuncName:printLog;  LineNo.:76; LevelNo.:20;--->LevelName:INFO;----->LogMessage:已经存在目录：D:\Users\Administrator\PycharmProjects\AppSpecialTest\monkeyAndPerformance/codeResult/2019 
Time:2019-07-12 16:34:07,722; FileName:my_log.py;-> FuncName:printLog;  LineNo.:76; LevelNo.:20;--->LevelName:INFO;----->LogMessage:时间串年月：201907 
Time:2019-07-12 16:34:07,722; FileName:my_log.py;-> FuncName:printLog;  LineNo.:76; LevelNo.:20;--->LevelName:INFO;----->LogMessage:时间串年月：201907 
Time:2019-07-12 16:34:07,727; FileName:my_log.py;-> FuncName:printLog;  LineNo.:76; LevelNo.:20;--->LevelName:INFO;----->LogMessage:已经存在目录：D:\Users\Administrator\PycharmProjects\AppSpecialTest\monkeyAndPerformance/codeResult/2019/201907 
Time:2019-07-12 16:34:07,728; FileName:my_log.py;-> FuncName:printLog;  LineNo.:76; LevelNo.:20;--->LevelName:INFO;----->LogMessage:已经存在目录：D:\Users\Administrator\PycharmProjects\AppSpecialTest\monkeyAndPerformance/codeResult/2019 
Time:2019-07-12 16:34:07,729; FileName:my_log.py;-> FuncName:printLog;  LineNo.:76; LevelNo.:20;--->LevelName:INFO;----->LogMessage:已经存在目录：D:\Users\Administrator\PycharmProjects\AppSpecialTest\monkeyAndPerformance/codeResult/2019 
Time:2019-07-12 16:34:07,730; FileName:my_log.py;-> FuncName:printLog;  LineNo.:76; LevelNo.:20;--->LevelName:INFO;----->LogMessage:已经存在目录：D:\Users\Administrator\PycharmProjects\AppSpecialTest\monkeyAndPerformance/codeResult/2019/201907/20190712 
Time:2019-07-12 16:34:07,732; FileName:my_log.py;-> FuncName:printLog;  LineNo.:76; LevelNo.:20;--->LevelName:INFO;----->LogMessage:已经存在目录：D:\Users\Administrator\PycharmProjects\AppSpecialTest\monkeyAndPerformance/codeResult/2019/201907 
Time:2019-07-12 16:34:07,733; FileName:my_log.py;-> FuncName:printLog;  LineNo.:76; LevelNo.:20;--->LevelName:INFO;----->LogMessage:已经存在目录：D:\Users\Administrator\PycharmProjects\AppSpecialTest\monkeyAndPerformance/codeResult/2019/201907 
Time:2019-07-12 16:34:07,733; FileName:my_log.py;-> FuncName:printLog;  LineNo.:76; LevelNo.:20;--->LevelName:INFO;----->LogMessage:已经存在目录：D:\Users\Administrator\PycharmProjects\AppSpecialTest\monkeyAndPerformance/codeResult/2019/201907/20190712/20190712163359 
Time:2019-07-12 16:34:07,735; FileName:my_log.py;-> FuncName:printLog;  LineNo.:76; LevelNo.:20;--->LevelName:INFO;----->LogMessage:已经存在目录：D:\Users\Administrator\PycharmProjects\AppSpecialTest\monkeyAndPerformance/codeResult/2019/201907/20190712 
Time:2019-07-12 16:34:07,736; FileName:my_log.py;-> FuncName:printLog;  LineNo.:76; LevelNo.:20;--->LevelName:INFO;----->LogMessage:已经存在目录：D:\Users\Administrator\PycharmProjects\AppSpecialTest\monkeyAndPerformance/codeResult/2019/201907/20190712 
Time:2019-07-12 16:34:07,738; FileName:my_log.py;-> FuncName:printLog;  LineNo.:76; LevelNo.:20;--->LevelName:INFO;----->LogMessage:已经存在目录：D:\Users\Administrator\PycharmProjects\AppSpecialTest\monkeyAndPerformance/codeResult/2019/201907/20190712/20190712163359 
Time:2019-07-12 16:34:07,738; FileName:my_log.py;-> FuncName:printLog;  LineNo.:76; LevelNo.:20;--->LevelName:INFO;----->LogMessage:已经存在目录：D:\Users\Administrator\PycharmProjects\AppSpecialTest\monkeyAndPerformance/codeResult/2019/201907/20190712/20190712163359 
Time:2019-07-12 16:34:10,795; FileName:my_log.py;-> FuncName:printLog;  LineNo.:76; LevelNo.:20;--->LevelName:INFO;----->LogMessage:基础目录为：D:\Users\Administrator\PycharmProjects\AppSpecialTest\monkeyAndPerformance/codeResult 
Time:2019-07-12 16:34:10,799; FileName:my_log.py;-> FuncName:printLog;  LineNo.:76; LevelNo.:20;--->LevelName:INFO;----->LogMessage:当前时间：2019-07-12 16:34:10.796654 
Time:2019-07-12 16:34:10,802; FileName:my_log.py;-> FuncName:printLog;  LineNo.:76; LevelNo.:20;--->LevelName:INFO;----->LogMessage:时间串年月：201907 
Time:2019-07-12 16:34:10,805; FileName:my_log.py;-> FuncName:printLog;  LineNo.:76; LevelNo.:20;--->LevelName:INFO;----->LogMessage:已经存在目录：D:\Users\Administrator\PycharmProjects\AppSpecialTest\monkeyAndPerformance/codeResult/2019 
Time:2019-07-12 16:34:10,809; FileName:my_log.py;-> FuncName:printLog;  LineNo.:76; LevelNo.:20;--->LevelName:INFO;----->LogMessage:已经存在目录：D:\Users\Administrator\PycharmProjects\AppSpecialTest\monkeyAndPerformance/codeResult/2019/201907 
Time:2019-07-12 16:34:10,812; FileName:my_log.py;-> FuncName:printLog;  LineNo.:76; LevelNo.:20;--->LevelName:INFO;----->LogMessage:已经存在目录：D:\Users\Administrator\PycharmProjects\AppSpecialTest\monkeyAndPerformance/codeResult/2019/201907/20190712 
Time:2019-07-12 16:34:10,815; FileName:my_log.py;-> FuncName:printLog;  LineNo.:76; LevelNo.:20;--->LevelName:INFO;----->LogMessage:已经存在目录：D:\Users\Administrator\PycharmProjects\AppSpecialTest\monkeyAndPerformance/codeResult/2019/201907/20190712/20190712163359 
Time:2019-07-12 16:36:20,900; FileName:my_log.py;-> FuncName:printLog;  LineNo.:76; LevelNo.:20;--->LevelName:INFO;----->LogMessage:当前时间：2019-07-12 16:36:20.899096 
Time:2019-07-12 16:36:20,901; FileName:my_log.py;-> FuncName:printLog;  LineNo.:76; LevelNo.:20;--->LevelName:INFO;----->LogMessage:时间串：20190712163620 
Time:2019-07-12 16:36:20,902; FileName:my_log.py;-> FuncName:printLog;  LineNo.:76; LevelNo.:20;--->LevelName:INFO;----->LogMessage:D:\Users\Administrator\PycharmProjects\AppSpecialTest\monkeyAndPerformance\allCode\monkey 
Time:2019-07-12 16:36:20,902; FileName:my_log.py;-> FuncName:printLog;  LineNo.:76; LevelNo.:20;--->LevelName:INFO;----->LogMessage:D:\Users\Administrator\PycharmProjects\AppSpecialTest\monkeyAndPerformance\allCode\monkey 
Time:2019-07-12 16:36:20,905; FileName:my_log.py;-> FuncName:printLog;  LineNo.:76; LevelNo.:20;--->LevelName:INFO;----->LogMessage:('com.ahdi.qrindo.wallet', '1000', '360', '810EBM32TZ4K') 
Time:2019-07-12 16:36:20,905; FileName:my_log.py;-> FuncName:printLog;  LineNo.:76; LevelNo.:20;--->LevelName:INFO;----->LogMessage:('com.ahdi.qrindo.wallet', '1000', '360', '810EBM32TZ4K') 
Time:2019-07-12 16:36:20,903; FileName:my_log.py;-> FuncName:printLog;  LineNo.:76; LevelNo.:20;--->LevelName:INFO;----->LogMessage:基础目录为：D:\Users\Administrator\PycharmProjects\AppSpecialTest\monkeyAndPerformance/codeResult 
Time:2019-07-12 16:36:20,908; FileName:my_log.py;-> FuncName:printLog;  LineNo.:76; LevelNo.:20;--->LevelName:INFO;----->LogMessage:当前时间：2019-07-12 16:36:20.907096 
Time:2019-07-12 16:36:20,909; FileName:my_log.py;-> FuncName:printLog;  LineNo.:76; LevelNo.:20;--->LevelName:INFO;----->LogMessage:时间串年月：201907 
Time:2019-07-12 16:36:20,912; FileName:my_log.py;-> FuncName:printLog;  LineNo.:76; LevelNo.:20;--->LevelName:INFO;----->LogMessage:基础目录为：D:\Users\Administrator\PycharmProjects\AppSpecialTest\monkeyAndPerformance/codeResult 
Time:2019-07-12 16:36:20,913; FileName:my_log.py;-> FuncName:printLog;  LineNo.:76; LevelNo.:20;--->LevelName:INFO;----->LogMessage:当前时间：2019-07-12 16:36:20.913097 
Time:2019-07-12 16:36:20,914; FileName:my_log.py;-> FuncName:printLog;  LineNo.:76; LevelNo.:20;--->LevelName:INFO;----->LogMessage:时间串年月：201907 
Time:2019-07-12 16:36:20,915; FileName:my_log.py;-> FuncName:printLog;  LineNo.:76; LevelNo.:20;--->LevelName:INFO;----->LogMessage:已经存在目录：D:\Users\Administrator\PycharmProjects\AppSpecialTest\monkeyAndPerformance/codeResult/2019 
Time:2019-07-12 16:36:20,916; FileName:my_log.py;-> FuncName:printLog;  LineNo.:76; LevelNo.:20;--->LevelName:INFO;----->LogMessage:已经存在目录：D:\Users\Administrator\PycharmProjects\AppSpecialTest\monkeyAndPerformance/codeResult/2019/201907 
Time:2019-07-12 16:36:20,917; FileName:my_log.py;-> FuncName:printLog;  LineNo.:76; LevelNo.:20;--->LevelName:INFO;----->LogMessage:已经存在目录：D:\Users\Administrator\PycharmProjects\AppSpecialTest\monkeyAndPerformance/codeResult/2019/201907/20190712 
Time:2019-07-12 16:36:20,918; FileName:my_log.py;-> FuncName:printLog;  LineNo.:76; LevelNo.:20;--->LevelName:INFO;----->LogMessage:已经创建目录：D:\Users\Administrator\PycharmProjects\AppSpecialTest\monkeyAndPerformance/codeResult/2019/201907/20190712/20190712163620 
Time:2019-07-12 16:36:20,918; FileName:my_log.py;-> FuncName:printLog;  LineNo.:76; LevelNo.:20;--->LevelName:INFO;----->LogMessage:Monkey Log Name:com.ahdi.qrindo.wallet_20190712163620_monkey.log 
Time:2019-07-12 16:36:20,921; FileName:my_log.py;-> FuncName:printLog;  LineNo.:76; LevelNo.:20;--->LevelName:INFO;----->LogMessage:已经存在目录：D:\Users\Administrator\PycharmProjects\AppSpecialTest\monkeyAndPerformance/codeResult/2019 
Time:2019-07-12 16:36:20,923; FileName:my_log.py;-> FuncName:printLog;  LineNo.:76; LevelNo.:20;--->LevelName:INFO;----->LogMessage:已经存在目录：D:\Users\Administrator\PycharmProjects\AppSpecialTest\monkeyAndPerformance/codeResult/2019/201907 
Time:2019-07-12 16:36:20,925; FileName:my_log.py;-> FuncName:printLog;  LineNo.:76; LevelNo.:20;--->LevelName:INFO;----->LogMessage:已经存在目录：D:\Users\Administrator\PycharmProjects\AppSpecialTest\monkeyAndPerformance/codeResult/2019/201907/20190712 
Time:2019-07-12 16:36:20,926; FileName:my_log.py;-> FuncName:printLog;  LineNo.:76; LevelNo.:20;--->LevelName:INFO;----->LogMessage:已经存在目录：D:\Users\Administrator\PycharmProjects\AppSpecialTest\monkeyAndPerformance/codeResult/2019/201907/20190712/20190712163620 
Time:2019-07-12 16:38:28,952; FileName:my_log.py;-> FuncName:printLog;  LineNo.:76; LevelNo.:20;--->LevelName:INFO;----->LogMessage: 
Time:2019-07-12 16:38:28,964; FileName:my_log.py;-> FuncName:printLog;  LineNo.:76; LevelNo.:20;--->LevelName:INFO;----->LogMessage:Please check Exception keywords in the "D:\Users\Administrator\PycharmProjects\AppSpecialTest\monkeyAndPerformance/codeResult/2019/201907/20190712/20190712163620/com.ahdi.qrindo.wallet_20190712163620_monkey.log_CRASH.txt"
 
Time:2019-07-12 16:38:28,970; FileName:my_log.py;-> FuncName:printLog;  LineNo.:76; LevelNo.:20;--->LevelName:INFO;----->LogMessage:Please check Exception keywords in the "D:\Users\Administrator\PycharmProjects\AppSpecialTest\monkeyAndPerformance/codeResult/2019/201907/20190712/20190712163620/com.ahdi.qrindo.wallet_20190712163620_monkey.log_Exception.txt"
 
Time:2019-07-12 16:38:28,971; FileName:my_log.py;-> FuncName:printLog;  LineNo.:76; LevelNo.:20;--->LevelName:INFO;----->LogMessage:Monkey finished! 
Time:2019-07-12 16:39:01,714; FileName:my_log.py;-> FuncName:printLog;  LineNo.:76; LevelNo.:20;--->LevelName:INFO;----->LogMessage:Kill monkey success！ 
Time:2019-07-12 16:39:09,385; FileName:my_log.py;-> FuncName:printLog;  LineNo.:76; LevelNo.:20;--->LevelName:INFO;----->LogMessage:No monkey Running！ 
Time:2019-07-12 16:42:41,396; FileName:my_log.py;-> FuncName:printLog;  LineNo.:76; LevelNo.:20;--->LevelName:INFO;----->LogMessage:当前时间：2019-07-12 16:42:41.395859 
Time:2019-07-12 16:42:41,397; FileName:my_log.py;-> FuncName:printLog;  LineNo.:76; LevelNo.:20;--->LevelName:INFO;----->LogMessage:时间串：20190712164241 
Time:2019-07-12 16:42:41,399; FileName:my_log.py;-> FuncName:printLog;  LineNo.:76; LevelNo.:20;--->LevelName:INFO;----->LogMessage:D:\Users\Administrator\PycharmProjects\AppSpecialTest\monkeyAndPerformance\allCode\monkey 
Time:2019-07-12 16:42:41,400; FileName:my_log.py;-> FuncName:printLog;  LineNo.:76; LevelNo.:20;--->LevelName:INFO;----->LogMessage:('com.ahdi.qrindo.wallet', '1000', '360', '810EBM32TZ4K') 
Time:2019-07-12 16:42:41,401; FileName:my_log.py;-> FuncName:printLog;  LineNo.:76; LevelNo.:20;--->LevelName:INFO;----->LogMessage:基础目录为：D:\Users\Administrator\PycharmProjects\AppSpecialTest\monkeyAndPerformance/codeResult 
Time:2019-07-12 16:42:41,402; FileName:my_log.py;-> FuncName:printLog;  LineNo.:76; LevelNo.:20;--->LevelName:INFO;----->LogMessage:基础目录为：D:\Users\Administrator\PycharmProjects\AppSpecialTest\monkeyAndPerformance/codeResult 
Time:2019-07-12 16:42:41,402; FileName:my_log.py;-> FuncName:printLog;  LineNo.:76; LevelNo.:20;--->LevelName:INFO;----->LogMessage:当前时间：2019-07-12 16:42:41.401859 
Time:2019-07-12 16:42:41,402; FileName:my_log.py;-> FuncName:printLog;  LineNo.:76; LevelNo.:20;--->LevelName:INFO;----->LogMessage:当前时间：2019-07-12 16:42:41.401859 
Time:2019-07-12 16:42:41,405; FileName:my_log.py;-> FuncName:printLog;  LineNo.:76; LevelNo.:20;--->LevelName:INFO;----->LogMessage:时间串年月：201907 
Time:2019-07-12 16:42:41,405; FileName:my_log.py;-> FuncName:printLog;  LineNo.:76; LevelNo.:20;--->LevelName:INFO;----->LogMessage:时间串年月：201907 
Time:2019-07-12 16:42:41,403; FileName:my_log.py;-> FuncName:printLog;  LineNo.:76; LevelNo.:20;--->LevelName:INFO;----->LogMessage:当前时间：2019-07-12 16:42:41.402859 
Time:2019-07-12 16:42:41,403; FileName:my_log.py;-> FuncName:printLog;  LineNo.:76; LevelNo.:20;--->LevelName:INFO;----->LogMessage:当前时间：2019-07-12 16:42:41.402859 
Time:2019-07-12 16:42:41,406; FileName:my_log.py;-> FuncName:printLog;  LineNo.:76; LevelNo.:20;--->LevelName:INFO;----->LogMessage:已经存在目录：D:\Users\Administrator\PycharmProjects\AppSpecialTest\monkeyAndPerformance/codeResult/2019 
Time:2019-07-12 16:42:41,406; FileName:my_log.py;-> FuncName:printLog;  LineNo.:76; LevelNo.:20;--->LevelName:INFO;----->LogMessage:已经存在目录：D:\Users\Administrator\PycharmProjects\AppSpecialTest\monkeyAndPerformance/codeResult/2019 
Time:2019-07-12 16:42:41,411; FileName:my_log.py;-> FuncName:printLog;  LineNo.:76; LevelNo.:20;--->LevelName:INFO;----->LogMessage:已经存在目录：D:\Users\Administrator\PycharmProjects\AppSpecialTest\monkeyAndPerformance/codeResult/2019/201907 
Time:2019-07-12 16:42:41,412; FileName:my_log.py;-> FuncName:printLog;  LineNo.:76; LevelNo.:20;--->LevelName:INFO;----->LogMessage:时间串年月：201907 
Time:2019-07-12 16:42:41,412; FileName:my_log.py;-> FuncName:printLog;  LineNo.:76; LevelNo.:20;--->LevelName:INFO;----->LogMessage:已经存在目录：D:\Users\Administrator\PycharmProjects\AppSpecialTest\monkeyAndPerformance/codeResult/2019/201907/20190712 
Time:2019-07-12 16:42:41,413; FileName:my_log.py;-> FuncName:printLog;  LineNo.:76; LevelNo.:20;--->LevelName:INFO;----->LogMessage:已经存在目录：D:\Users\Administrator\PycharmProjects\AppSpecialTest\monkeyAndPerformance/codeResult/2019 
Time:2019-07-12 16:42:41,414; FileName:my_log.py;-> FuncName:printLog;  LineNo.:76; LevelNo.:20;--->LevelName:INFO;----->LogMessage:已经存在目录：D:\Users\Administrator\PycharmProjects\AppSpecialTest\monkeyAndPerformance/codeResult/2019/201907 
Time:2019-07-12 16:42:41,414; FileName:my_log.py;-> FuncName:printLog;  LineNo.:76; LevelNo.:20;--->LevelName:INFO;----->LogMessage:已经存在目录：D:\Users\Administrator\PycharmProjects\AppSpecialTest\monkeyAndPerformance/codeResult/2019/201907 
Time:2019-07-12 16:42:41,414; FileName:my_log.py;-> FuncName:printLog;  LineNo.:76; LevelNo.:20;--->LevelName:INFO;----->LogMessage:已经创建目录：D:\Users\Administrator\PycharmProjects\AppSpecialTest\monkeyAndPerformance/codeResult/2019/201907/20190712/20190712164241 
Time:2019-07-12 16:42:41,415; FileName:my_log.py;-> FuncName:printLog;  LineNo.:76; LevelNo.:20;--->LevelName:INFO;----->LogMessage:已经存在目录：D:\Users\Administrator\PycharmProjects\AppSpecialTest\monkeyAndPerformance/codeResult/2019/201907/20190712 
Time:2019-07-12 16:42:41,415; FileName:my_log.py;-> FuncName:printLog;  LineNo.:76; LevelNo.:20;--->LevelName:INFO;----->LogMessage:已经存在目录：D:\Users\Administrator\PycharmProjects\AppSpecialTest\monkeyAndPerformance/codeResult/2019/201907/20190712 
Time:2019-07-12 16:42:41,415; FileName:my_log.py;-> FuncName:printLog;  LineNo.:76; LevelNo.:20;--->LevelName:INFO;----->LogMessage:Monkey Log Name:com.ahdi.qrindo.wallet_20190712164241_monkey.log 
Time:2019-07-12 16:42:41,416; FileName:my_log.py;-> FuncName:printLog;  LineNo.:76; LevelNo.:20;--->LevelName:INFO;----->LogMessage:已经存在目录：D:\Users\Administrator\PycharmProjects\AppSpecialTest\monkeyAndPerformance/codeResult/2019/201907/20190712/20190712164241 
Time:2019-07-12 16:43:21,322; FileName:my_log.py;-> FuncName:printLog;  LineNo.:76; LevelNo.:20;--->LevelName:INFO;----->LogMessage:Kill monkey success！ 
Time:2019-07-12 16:43:33,774; FileName:my_log.py;-> FuncName:printLog;  LineNo.:76; LevelNo.:20;--->LevelName:INFO;----->LogMessage:No monkey Running！ 
Time:2019-07-12 16:43:59,859; FileName:my_log.py;-> FuncName:printLog;  LineNo.:76; LevelNo.:20;--->LevelName:INFO;----->LogMessage:No monkey Running！ 
Time:2019-07-12 16:45:51,773; FileName:my_log.py;-> FuncName:printLog;  LineNo.:76; LevelNo.:20;--->LevelName:INFO;----->LogMessage:当前时间：2019-07-12 16:45:51.772748 
Time:2019-07-12 16:45:51,774; FileName:my_log.py;-> FuncName:printLog;  LineNo.:76; LevelNo.:20;--->LevelName:INFO;----->LogMessage:时间串：20190712164551 
Time:2019-07-12 16:45:51,776; FileName:my_log.py;-> FuncName:printLog;  LineNo.:76; LevelNo.:20;--->LevelName:INFO;----->LogMessage:D:\Users\Administrator\PycharmProjects\AppSpecialTest\monkeyAndPerformance\allCode\monkey 
Time:2019-07-12 16:45:51,776; FileName:my_log.py;-> FuncName:printLog;  LineNo.:76; LevelNo.:20;--->LevelName:INFO;----->LogMessage:启动线程：35944 
Time:2019-07-12 16:45:51,778; FileName:my_log.py;-> FuncName:printLog;  LineNo.:76; LevelNo.:20;--->LevelName:INFO;----->LogMessage:('com.ahdi.qrindo.wallet', '1000', '360', '810EBM32TZ4K') 
Time:2019-07-12 16:45:51,778; FileName:my_log.py;-> FuncName:printLog;  LineNo.:76; LevelNo.:20;--->LevelName:INFO;----->LogMessage:('com.ahdi.qrindo.wallet', '1000', '360', '810EBM32TZ4K') 
Time:2019-07-12 16:45:51,778; FileName:my_log.py;-> FuncName:printLog;  LineNo.:76; LevelNo.:20;--->LevelName:INFO;----->LogMessage:启动线程：34784 
Time:2019-07-12 16:45:51,778; FileName:my_log.py;-> FuncName:printLog;  LineNo.:76; LevelNo.:20;--->LevelName:INFO;----->LogMessage:启动线程：34784 
Time:2019-07-12 16:45:51,779; FileName:my_log.py;-> FuncName:printLog;  LineNo.:76; LevelNo.:20;--->LevelName:INFO;----->LogMessage:启动线程：35812 
Time:2019-07-12 16:45:51,780; FileName:my_log.py;-> FuncName:printLog;  LineNo.:76; LevelNo.:20;--->LevelName:INFO;----->LogMessage:基础目录为：D:\Users\Administrator\PycharmProjects\AppSpecialTest\monkeyAndPerformance/codeResult 
Time:2019-07-12 16:45:51,782; FileName:my_log.py;-> FuncName:printLog;  LineNo.:76; LevelNo.:20;--->LevelName:INFO;----->LogMessage:当前时间：2019-07-12 16:45:51.780748 
Time:2019-07-12 16:45:51,783; FileName:my_log.py;-> FuncName:printLog;  LineNo.:76; LevelNo.:20;--->LevelName:INFO;----->LogMessage:启动线程：36948 
Time:2019-07-12 16:45:51,784; FileName:my_log.py;-> FuncName:printLog;  LineNo.:76; LevelNo.:20;--->LevelName:INFO;----->LogMessage:时间串年月：201907 
Time:2019-07-12 16:45:51,784; FileName:my_log.py;-> FuncName:printLog;  LineNo.:76; LevelNo.:20;--->LevelName:INFO;----->LogMessage:时间串年月：201907 
Time:2019-07-12 16:45:51,784; FileName:my_log.py;-> FuncName:printLog;  LineNo.:76; LevelNo.:20;--->LevelName:INFO;----->LogMessage:基础目录为：D:\Users\Administrator\PycharmProjects\AppSpecialTest\monkeyAndPerformance/codeResult 
Time:2019-07-12 16:45:51,784; FileName:my_log.py;-> FuncName:printLog;  LineNo.:76; LevelNo.:20;--->LevelName:INFO;----->LogMessage:基础目录为：D:\Users\Administrator\PycharmProjects\AppSpecialTest\monkeyAndPerformance/codeResult 
Time:2019-07-12 16:45:51,788; FileName:my_log.py;-> FuncName:printLog;  LineNo.:76; LevelNo.:20;--->LevelName:INFO;----->LogMessage:当前时间：2019-07-12 16:45:51.787749 
Time:2019-07-12 16:45:51,788; FileName:my_log.py;-> FuncName:printLog;  LineNo.:76; LevelNo.:20;--->LevelName:INFO;----->LogMessage:当前时间：2019-07-12 16:45:51.787749 
Time:2019-07-12 16:45:51,789; FileName:my_log.py;-> FuncName:printLog;  LineNo.:76; LevelNo.:20;--->LevelName:INFO;----->LogMessage:时间串年月：201907 
Time:2019-07-12 16:45:51,789; FileName:my_log.py;-> FuncName:printLog;  LineNo.:76; LevelNo.:20;--->LevelName:INFO;----->LogMessage:时间串年月：201907 
Time:2019-07-12 16:45:51,789; FileName:my_log.py;-> FuncName:printLog;  LineNo.:76; LevelNo.:20;--->LevelName:INFO;----->LogMessage:已经存在目录：D:\Users\Administrator\PycharmProjects\AppSpecialTest\monkeyAndPerformance/codeResult/2019 
Time:2019-07-12 16:45:51,789; FileName:my_log.py;-> FuncName:printLog;  LineNo.:76; LevelNo.:20;--->LevelName:INFO;----->LogMessage:已经存在目录：D:\Users\Administrator\PycharmProjects\AppSpecialTest\monkeyAndPerformance/codeResult/2019 
Time:2019-07-12 16:45:51,790; FileName:my_log.py;-> FuncName:printLog;  LineNo.:76; LevelNo.:20;--->LevelName:INFO;----->LogMessage:已经存在目录：D:\Users\Administrator\PycharmProjects\AppSpecialTest\monkeyAndPerformance/codeResult/2019/201907 
Time:2019-07-12 16:45:51,790; FileName:my_log.py;-> FuncName:printLog;  LineNo.:76; LevelNo.:20;--->LevelName:INFO;----->LogMessage:已经存在目录：D:\Users\Administrator\PycharmProjects\AppSpecialTest\monkeyAndPerformance/codeResult/2019/201907 
Time:2019-07-12 16:45:51,791; FileName:my_log.py;-> FuncName:printLog;  LineNo.:76; LevelNo.:20;--->LevelName:INFO;----->LogMessage:已经存在目录：D:\Users\Administrator\PycharmProjects\AppSpecialTest\monkeyAndPerformance/codeResult/2019/201907/20190712 
Time:2019-07-12 16:45:51,791; FileName:my_log.py;-> FuncName:printLog;  LineNo.:76; LevelNo.:20;--->LevelName:INFO;----->LogMessage:已经存在目录：D:\Users\Administrator\PycharmProjects\AppSpecialTest\monkeyAndPerformance/codeResult/2019/201907/20190712 
Time:2019-07-12 16:45:51,793; FileName:my_log.py;-> FuncName:printLog;  LineNo.:76; LevelNo.:20;--->LevelName:INFO;----->LogMessage:已经创建目录：D:\Users\Administrator\PycharmProjects\AppSpecialTest\monkeyAndPerformance/codeResult/2019/201907/20190712/20190712164551 
Time:2019-07-12 16:45:51,793; FileName:my_log.py;-> FuncName:printLog;  LineNo.:76; LevelNo.:20;--->LevelName:INFO;----->LogMessage:已经创建目录：D:\Users\Administrator\PycharmProjects\AppSpecialTest\monkeyAndPerformance/codeResult/2019/201907/20190712/20190712164551 
Time:2019-07-12 16:45:51,793; FileName:my_log.py;-> FuncName:printLog;  LineNo.:76; LevelNo.:20;--->LevelName:INFO;----->LogMessage:Monkey Log Name:com.ahdi.qrindo.wallet_20190712164551_monkey.log 
Time:2019-07-12 16:45:51,793; FileName:my_log.py;-> FuncName:printLog;  LineNo.:76; LevelNo.:20;--->LevelName:INFO;----->LogMessage:Monkey Log Name:com.ahdi.qrindo.wallet_20190712164551_monkey.log 
Time:2019-07-12 16:45:51,786; FileName:my_log.py;-> FuncName:printLog;  LineNo.:76; LevelNo.:20;--->LevelName:INFO;----->LogMessage:启动线程：36980 
Time:2019-07-12 16:45:51,796; FileName:my_log.py;-> FuncName:printLog;  LineNo.:76; LevelNo.:20;--->LevelName:INFO;----->LogMessage:已经存在目录：D:\Users\Administrator\PycharmProjects\AppSpecialTest\monkeyAndPerformance/codeResult/2019 
Time:2019-07-12 16:45:51,797; FileName:my_log.py;-> FuncName:printLog;  LineNo.:76; LevelNo.:20;--->LevelName:INFO;----->LogMessage:已经存在目录：D:\Users\Administrator\PycharmProjects\AppSpecialTest\monkeyAndPerformance/codeResult/2019/201907 
Time:2019-07-12 16:45:51,798; FileName:my_log.py;-> FuncName:printLog;  LineNo.:76; LevelNo.:20;--->LevelName:INFO;----->LogMessage:已经存在目录：D:\Users\Administrator\PycharmProjects\AppSpecialTest\monkeyAndPerformance/codeResult/2019/201907/20190712 
Time:2019-07-12 16:45:51,799; FileName:my_log.py;-> FuncName:printLog;  LineNo.:76; LevelNo.:20;--->LevelName:INFO;----->LogMessage:已经存在目录：D:\Users\Administrator\PycharmProjects\AppSpecialTest\monkeyAndPerformance/codeResult/2019/201907/20190712/20190712164551 
Time:2019-07-12 16:45:51,802; FileName:my_log.py;-> FuncName:printLog;  LineNo.:76; LevelNo.:20;--->LevelName:INFO;----->LogMessage:启动线程：36888 
Time:2019-07-12 16:45:51,821; FileName:my_log.py;-> FuncName:printLog;  LineNo.:76; LevelNo.:20;--->LevelName:INFO;----->LogMessage:启动线程：36988 
Time:2019-07-12 16:49:10,455; FileName:my_log.py;-> FuncName:printLog;  LineNo.:76; LevelNo.:20;--->LevelName:INFO;----->LogMessage: 
Time:2019-07-12 16:49:10,468; FileName:my_log.py;-> FuncName:printLog;  LineNo.:76; LevelNo.:20;--->LevelName:INFO;----->LogMessage:Please check Exception keywords in the "D:\Users\Administrator\PycharmProjects\AppSpecialTest\monkeyAndPerformance/codeResult/2019/201907/20190712/20190712164551/com.ahdi.qrindo.wallet_20190712164551_monkey.log_CRASH.txt"
 
Time:2019-07-12 16:49:10,480; FileName:my_log.py;-> FuncName:printLog;  LineNo.:76; LevelNo.:20;--->LevelName:INFO;----->LogMessage:Please check Exception keywords in the "D:\Users\Administrator\PycharmProjects\AppSpecialTest\monkeyAndPerformance/codeResult/2019/201907/20190712/20190712164551/com.ahdi.qrindo.wallet_20190712164551_monkey.log_Exception.txt"
 
Time:2019-07-12 16:49:10,483; FileName:my_log.py;-> FuncName:printLog;  LineNo.:76; LevelNo.:20;--->LevelName:INFO;----->LogMessage:Monkey finished! 
Time:2019-07-12 16:51:25,247; FileName:my_log.py;-> FuncName:printLog;  LineNo.:76; LevelNo.:20;--->LevelName:INFO;----->LogMessage:当前时间：2019-07-12 16:51:25.246822 
Time:2019-07-12 16:51:25,248; FileName:my_log.py;-> FuncName:printLog;  LineNo.:76; LevelNo.:20;--->LevelName:INFO;----->LogMessage:时间串：20190712165125 
Time:2019-07-12 16:51:25,250; FileName:my_log.py;-> FuncName:printLog;  LineNo.:76; LevelNo.:20;--->LevelName:INFO;----->LogMessage:D:\Users\Administrator\PycharmProjects\AppSpecialTest\monkeyAndPerformance\allCode\monkey 
Time:2019-07-12 16:51:25,250; FileName:my_log.py;-> FuncName:printLog;  LineNo.:76; LevelNo.:20;--->LevelName:INFO;----->LogMessage:启动线程：36284 
Time:2019-07-12 16:51:25,251; FileName:my_log.py;-> FuncName:printLog;  LineNo.:76; LevelNo.:20;--->LevelName:INFO;----->LogMessage:('com.ahdi.qrindo.wallet', '1000', '360', '810EBM32TZ4K') 
Time:2019-07-12 16:51:25,252; FileName:my_log.py;-> FuncName:printLog;  LineNo.:76; LevelNo.:20;--->LevelName:INFO;----->LogMessage:启动线程：35520 
Time:2019-07-12 16:51:25,252; FileName:my_log.py;-> FuncName:printLog;  LineNo.:76; LevelNo.:20;--->LevelName:INFO;----->LogMessage:启动线程：35520 
Time:2019-07-12 16:51:25,252; FileName:my_log.py;-> FuncName:printLog;  LineNo.:76; LevelNo.:20;--->LevelName:INFO;----->LogMessage:基础目录为：D:\Users\Administrator\PycharmProjects\AppSpecialTest\monkeyAndPerformance/codeResult 
Time:2019-07-12 16:51:25,252; FileName:my_log.py;-> FuncName:printLog;  LineNo.:76; LevelNo.:20;--->LevelName:INFO;----->LogMessage:基础目录为：D:\Users\Administrator\PycharmProjects\AppSpecialTest\monkeyAndPerformance/codeResult 
Time:2019-07-12 16:51:25,254; FileName:my_log.py;-> FuncName:printLog;  LineNo.:76; LevelNo.:20;--->LevelName:INFO;----->LogMessage:启动线程：36116 
Time:2019-07-12 16:51:25,254; FileName:my_log.py;-> FuncName:printLog;  LineNo.:76; LevelNo.:20;--->LevelName:INFO;----->LogMessage:启动线程：36116 
Time:2019-07-12 16:51:25,254; FileName:my_log.py;-> FuncName:printLog;  LineNo.:76; LevelNo.:20;--->LevelName:INFO;----->LogMessage:启动线程：36116 
Time:2019-07-12 16:51:25,254; FileName:my_log.py;-> FuncName:printLog;  LineNo.:76; LevelNo.:20;--->LevelName:INFO;----->LogMessage:当前时间：2019-07-12 16:51:25.253822 
Time:2019-07-12 16:51:25,254; FileName:my_log.py;-> FuncName:printLog;  LineNo.:76; LevelNo.:20;--->LevelName:INFO;----->LogMessage:当前时间：2019-07-12 16:51:25.253822 
Time:2019-07-12 16:51:25,256; FileName:my_log.py;-> FuncName:printLog;  LineNo.:76; LevelNo.:20;--->LevelName:INFO;----->LogMessage:时间串年月：201907 
Time:2019-07-12 16:51:25,256; FileName:my_log.py;-> FuncName:printLog;  LineNo.:76; LevelNo.:20;--->LevelName:INFO;----->LogMessage:时间串年月：201907 
Time:2019-07-12 16:51:25,254; FileName:my_log.py;-> FuncName:printLog;  LineNo.:76; LevelNo.:20;--->LevelName:INFO;----->LogMessage:基础目录为：D:\Users\Administrator\PycharmProjects\AppSpecialTest\monkeyAndPerformance/codeResult 
Time:2019-07-12 16:51:25,257; FileName:my_log.py;-> FuncName:printLog;  LineNo.:76; LevelNo.:20;--->LevelName:INFO;----->LogMessage:当前时间：2019-07-12 16:51:25.257822 
Time:2019-07-12 16:51:25,259; FileName:my_log.py;-> FuncName:printLog;  LineNo.:76; LevelNo.:20;--->LevelName:INFO;----->LogMessage:已经存在目录：D:\Users\Administrator\PycharmProjects\AppSpecialTest\monkeyAndPerformance/codeResult/2019 
Time:2019-07-12 16:51:25,259; FileName:my_log.py;-> FuncName:printLog;  LineNo.:76; LevelNo.:20;--->LevelName:INFO;----->LogMessage:已经存在目录：D:\Users\Administrator\PycharmProjects\AppSpecialTest\monkeyAndPerformance/codeResult/2019 
Time:2019-07-12 16:51:25,259; FileName:my_log.py;-> FuncName:printLog;  LineNo.:76; LevelNo.:20;--->LevelName:INFO;----->LogMessage:启动线程：36988 
Time:2019-07-12 16:51:25,259; FileName:my_log.py;-> FuncName:printLog;  LineNo.:76; LevelNo.:20;--->LevelName:INFO;----->LogMessage:启动线程：36988 
Time:2019-07-12 16:51:25,261; FileName:my_log.py;-> FuncName:printLog;  LineNo.:76; LevelNo.:20;--->LevelName:INFO;----->LogMessage:已经存在目录：D:\Users\Administrator\PycharmProjects\AppSpecialTest\monkeyAndPerformance/codeResult/2019/201907 
Time:2019-07-12 16:51:25,261; FileName:my_log.py;-> FuncName:printLog;  LineNo.:76; LevelNo.:20;--->LevelName:INFO;----->LogMessage:已经存在目录：D:\Users\Administrator\PycharmProjects\AppSpecialTest\monkeyAndPerformance/codeResult/2019/201907 
Time:2019-07-12 16:51:25,262; FileName:my_log.py;-> FuncName:printLog;  LineNo.:76; LevelNo.:20;--->LevelName:INFO;----->LogMessage:已经存在目录：D:\Users\Administrator\PycharmProjects\AppSpecialTest\monkeyAndPerformance/codeResult/2019/201907/20190712 
Time:2019-07-12 16:51:25,262; FileName:my_log.py;-> FuncName:printLog;  LineNo.:76; LevelNo.:20;--->LevelName:INFO;----->LogMessage:已经存在目录：D:\Users\Administrator\PycharmProjects\AppSpecialTest\monkeyAndPerformance/codeResult/2019/201907/20190712 
Time:2019-07-12 16:51:25,260; FileName:my_log.py;-> FuncName:printLog;  LineNo.:76; LevelNo.:20;--->LevelName:INFO;----->LogMessage:时间串年月：201907 
Time:2019-07-12 16:51:25,264; FileName:my_log.py;-> FuncName:printLog;  LineNo.:76; LevelNo.:20;--->LevelName:INFO;----->LogMessage:已经存在目录：D:\Users\Administrator\PycharmProjects\AppSpecialTest\monkeyAndPerformance/codeResult/2019 
Time:2019-07-12 16:51:25,265; FileName:my_log.py;-> FuncName:printLog;  LineNo.:76; LevelNo.:20;--->LevelName:INFO;----->LogMessage:已经存在目录：D:\Users\Administrator\PycharmProjects\AppSpecialTest\monkeyAndPerformance/codeResult/2019/201907 
Time:2019-07-12 16:51:25,266; FileName:my_log.py;-> FuncName:printLog;  LineNo.:76; LevelNo.:20;--->LevelName:INFO;----->LogMessage:已经存在目录：D:\Users\Administrator\PycharmProjects\AppSpecialTest\monkeyAndPerformance/codeResult/2019/201907/20190712 
Time:2019-07-12 16:51:25,267; FileName:my_log.py;-> FuncName:printLog;  LineNo.:76; LevelNo.:20;--->LevelName:INFO;----->LogMessage:已经存在目录：D:\Users\Administrator\PycharmProjects\AppSpecialTest\monkeyAndPerformance/codeResult/2019/201907/20190712/20190712165125 
Time:2019-07-12 16:51:25,268; FileName:my_log.py;-> FuncName:printLog;  LineNo.:76; LevelNo.:20;--->LevelName:INFO;----->LogMessage:Monkey Log Name:com.ahdi.qrindo.wallet_20190712165125_monkey.log 
Time:2019-07-12 16:51:25,268; FileName:my_log.py;-> FuncName:printLog;  LineNo.:76; LevelNo.:20;--->LevelName:INFO;----->LogMessage:Monkey Log Name:com.ahdi.qrindo.wallet_20190712165125_monkey.log 
Time:2019-07-12 16:51:25,267; FileName:my_log.py;-> FuncName:printLog;  LineNo.:76; LevelNo.:20;--->LevelName:INFO;----->LogMessage:已经创建目录：D:\Users\Administrator\PycharmProjects\AppSpecialTest\monkeyAndPerformance/codeResult/2019/201907/20190712/20190712165125 
Time:2019-07-12 16:51:25,267; FileName:my_log.py;-> FuncName:printLog;  LineNo.:76; LevelNo.:20;--->LevelName:INFO;----->LogMessage:已经创建目录：D:\Users\Administrator\PycharmProjects\AppSpecialTest\monkeyAndPerformance/codeResult/2019/201907/20190712/20190712165125 
Time:2019-07-12 16:51:25,277; FileName:my_log.py;-> FuncName:printLog;  LineNo.:76; LevelNo.:20;--->LevelName:INFO;----->LogMessage:启动线程：39932 
Time:2019-07-12 16:51:25,298; FileName:my_log.py;-> FuncName:printLog;  LineNo.:76; LevelNo.:20;--->LevelName:INFO;----->LogMessage:启动线程：39044 
Time:2019-07-12 16:51:25,305; FileName:my_log.py;-> FuncName:printLog;  LineNo.:76; LevelNo.:20;--->LevelName:INFO;----->LogMessage:启动线程：39436 
