:Monkey: seed=1554226625500 count=1000
:AllowPackage: com.ahdi.qrindo.wallet
:IncludeCategory: android.intent.category.LAUNCHER
:IncludeCategory: android.intent.category.MONKEY
// Selecting main activities from category android.intent.category.LAUNCHER
//   - NOT USING main activity com.android.dialer.DialtactsActivity (from package com.android.dialer)
//   - NOT USING main activity com.android.email.activity.EmailActivity (from package com.android.email)
//   - NOT USING main activity com.meizu.flyme.launcher.Launcher (from package com.meizu.flyme.launcher)
//   - NOT USING main activity com.meizu.media.gallery.GalleryActivity (from package com.meizu.media.gallery)
//   - NOT USING main activity com.android.mms.ui.ConversationList (from package com.android.mms)
//   - NOT USING main activity com.android.settings.Settings (from package com.android.settings)
//   - NOT USING main activity com.android.soundrecorder.MzRecorderActivity (from package com.android.soundrecorder)
//   - NOT USING main activity com.meizu.flyme.alarmclock.DeskClock (from package com.android.alarmclock)
//   - NOT USING main activity com.meizu.media.camera.CameraLauncher (from package com.meizu.media.camera)
//   - NOT USING main activity com.meizu.net.map.MainMapActivity (from package com.meizu.net.map)
//   - NOT USING main activity com.meizu.flyme.venice.modules.home.HomePageActivity (from package com.meizu.compaign)
//   - NOT USING main activity com.meizu.flyme.notepaper.app.NotePaperActivity (from package com.meizu.notepaper)
//   - NOT USING main activity com.meizu.flyme.update.SystemUpgradeListActivity (from package com.meizu.flyme.update)
//   - NOT USING main activity com.android.browser.BrowserActivity (from package com.android.browser)
//   - NOT USING main activity com.meizu.flyme.appcenter.activitys.AppMainActivity (from package com.meizu.mstore)
//   - NOT USING main activity com.meizu.flyme.mall.modules.home.HomeActivity (from package com.meizu.flyme.mall)
//   - NOT USING main activity com.achievo.vipshop.activity.LodingActivity (from package com.achievo.vipshop)
//   - NOT USING main activity com.meizu.net.pedometer.ui.PedometerMainActivitys (from package com.meizu.net.pedometer)
//   - NOT USING main activity com.meizu.datamigration.capture.DataMigrationActivity (from package com.meizu.datamigration)
//   - NOT USING main activity com.meizu.customizecenter.CustomizeCenterActivity (from package com.meizu.customizecenter)
//   - NOT USING main activity com.meizu.feedback.activity.MainActivity (from package com.meizu.feedback)
//   - NOT USING main activity com.meizu.media.music.MusicActivity (from package com.meizu.media.music)
//   - NOT USING main activity com.meizu.flyme.calendar.AllInOneActivity (from package com.android.calendar)
//   - NOT USING main activity com.meizu.flyme.filemanager.activity.HomeActivity (from package com.meizu.filemanager)
//   - NOT USING main activity com.meizu.flyme.toolbox.activity.ToolBoxActivity (from package com.meizu.flyme.toolbox)
//   - NOT USING main activity com.meizu.flyme.weather.WeatherMainActivity (from package com.meizu.flyme.weather)
//   - NOT USING main activity com.meizu.safe.SecurityMainActivity (from package com.meizu.safe)
//   - NOT USING main activity com.meizu.flyme.wallet.activity.WalletTabActivity (from package com.meizu.flyme.wallet)
//   - NOT USING main activity com.zhaoxitech.zxbook.splash.SplashActivity (from package com.meizu.media.ebook)
//   - NOT USING main activity com.meizu.media.reader.ReaderMainActivity (from package com.meizu.media.reader)
//   - NOT USING main activity com.meizu.voiceassistant.MainActivity (from package com.meizu.voiceassistant)
//   - NOT USING main activity com.meizu.mznfcpay.cardlist.AllCardListActivity (from package com.meizu.mznfcpay)
//   - NOT USING main activity com.android.providers.downloads.ui.DownloadActivity (from package com.android.providers.downloads.ui)
//   - NOT USING main activity com.meizu.media.life.base.home.HomeActivity (from package com.meizu.media.life)
//   - NOT USING main activity com.meizu.media.video.VideoMainActivity (from package com.meizu.media.video)
//   - NOT USING main activity com.meizu.flyme.gamecenter.activity.DefaultActivity (from package com.meizu.flyme.gamecenter)
//   - NOT USING main activity com.meizu.flyme.calculator.Calculator (from package com.meizu.flyme.calculator)
//   - NOT USING main activity com.ximalaya.ting.android.activity.account.WelComeActivity (from package com.ximalaya.ting.android)
//   - NOT USING main activity com.autonavi.map.activity.SplashActivity (from package com.autonavi.minimap)
//   - NOT USING main activity com.netease.nr.biz.ad.AdActivity (from package com.netease.newsreader.activity)
//   - NOT USING main activity com.qq.reader.activity.SplashActivity (from package com.qq.reader)
//   - NOT USING main activity com.sina.weibo.SplashActivity (from package com.sina.weibo)
//   - NOT USING main activity com.scanning.SplashActivity (from package com.scanning)
//   - NOT USING main activity com.tencent.mm.ui.LauncherUI (from package com.tencent.mm)
//   - NOT USING main activity com.dianping.main.guide.SplashScreenActivity (from package com.dianping.v1)
//   - NOT USING main activity com.rc.main.MainActivity (from package com.rc.main)
//   - NOT USING main activity com.meizu.store.newhome.NewHomeActivity (from package com.flyme.meizu.store)
//   - NOT USING main activity com.meizu.mcare.ui.SplashActivity (from package com.meizu.mcare)
//   - NOT USING main activity com.sogou.activity.src.SplashActivity (from package com.sogou.activity.src)
//   - NOT USING main activity com.ahdi.app.main.ui.activities.MainActivity (from package com.ahdi.qrindomain.merchant)
//   - NOT USING main activity com.ahdi.pay.demo.DemoMainActivity (from package com.ahdi.pay.demo)
//   - NOT USING main activity com.github.uiautomator.MainActivity (from package com.github.uiautomator)
//   - NOT USING main activity com.nd.assistance.ui.AssistanceActivity (from package com.nd.assistance)
//   - NOT USING main activity com.jingdong.app.mall.main.MainActivity (from package com.jingdong.app.mall)
//   - NOT USING main activity com.tencent.mobileqq.activity.SplashActivity (from package com.tencent.mobileqq)
//   + Using main activity com.ahdi.wallet.ui.activities.SplashActivity (from package com.ahdi.qrindo.wallet)
//   - NOT USING main activity com.flyme.videoclips.activity.HomeWeexActivity (from package com.flyme.videoclips)
// Selecting main activities from category android.intent.category.MONKEY
//   - NOT USING main activity com.meizu.flyme.launcher.Launcher (from package com.meizu.flyme.launcher)
//   - NOT USING main activity com.android.settings.Settings$RunningServicesActivity (from package com.android.settings)
//   - NOT USING main activity com.android.settings.Settings$StorageUseActivity (from package com.android.settings)
//   - NOT USING main activity com.meizu.battery.BatteryMainActivity (from package com.meizu.battery)
//   - NOT USING main activity com.meizu.backup.mvp.main.MainBackActivity (from package com.meizu.backup)
//   - NOT USING main activity com.meizu.connectivitysettings.ConnectivitySettingsMonkeyActivity (from package com.meizu.connectivitysettings)
// Seeded: 1554226625500
// Event percentages:
//   0: 40.0%
//   1: 2.4390244%
//   2: 0.4878049%
//   3: 3.6585367%
//   4: -0.0%
//   5: 20.0%
//   6: 20.0%
//   7: -0.0%
//   8: 10.0%
//   9: 0.24390244%
//   10: 3.1707318%
:Switch: #Intent;action=android.intent.action.MAIN;category=android.intent.category.LAUNCHER;launchFlags=0x10200000;component=com.ahdi.qrindo.wallet/com.ahdi.wallet.ui.activities.SplashActivity;end
    // Allowing start of Intent { act=android.intent.action.MAIN cat=[android.intent.category.LAUNCHER] cmp=com.ahdi.qrindo.wallet/com.ahdi.wallet.ui.activities.SplashActivity } in package com.ahdi.qrindo.wallet
Sleeping for 360 milliseconds
:Sending Key (ACTION_DOWN): 20    // KEYCODE_DPAD_DOWN
    // Allowing start of Intent { cmp=com.ahdi.qrindo.wallet/com.ahdi.wallet.ui.activities.LoginActivity } in package com.ahdi.qrindo.wallet
    // activityResuming(com.ahdi.qrindo.wallet)
:Sending Key (ACTION_UP): 20    // KEYCODE_DPAD_DOWN
Sleeping for 360 milliseconds
:Sending Flip keyboardOpen=false
Got IOException performing flipjava.io.IOException: write failed: EINVAL (Invalid argument)
    // Injection Failed
Sleeping for 360 milliseconds
:Sending Touch (ACTION_DOWN): 0:(49.0,1006.0)
:Sending Touch (ACTION_UP): 0:(48.979774,1012.4954)
Sleeping for 360 milliseconds
:Sending Trackball (ACTION_MOVE): 0:(-4.0,2.0)
:Sending Trackball (ACTION_MOVE): 0:(-5.0,1.0)
:Sending Trackball (ACTION_MOVE): 0:(-1.0,-4.0)
:Sending Trackball (ACTION_MOVE): 0:(-2.0,1.0)
:Sending Trackball (ACTION_MOVE): 0:(-4.0,-2.0)
:Sending Trackball (ACTION_MOVE): 0:(-3.0,0.0)
:Sending Trackball (ACTION_MOVE): 0:(1.0,-1.0)
:Sending Trackball (ACTION_MOVE): 0:(4.0,2.0)
:Sending Trackball (ACTION_MOVE): 0:(-2.0,2.0)
:Sending Trackball (ACTION_MOVE): 0:(2.0,2.0)
:Sending Touch (ACTION_DOWN): 0:(212.0,622.0)
:Sending Touch (ACTION_UP): 0:(208.3305,622.24945)
Sleeping for 360 milliseconds
:Sending Touch (ACTION_DOWN): 0:(601.0,999.0)
:Sending Touch (ACTION_UP): 0:(602.8762,1010.3661)
Sleeping for 360 milliseconds
:Switch: #Intent;action=android.intent.action.MAIN;category=android.intent.category.LAUNCHER;launchFlags=0x10200000;component=com.ahdi.qrindo.wallet/com.ahdi.wallet.ui.activities.SplashActivity;end
    // Allowing start of Intent { act=android.intent.action.MAIN cat=[android.intent.category.LAUNCHER] cmp=com.ahdi.qrindo.wallet/com.ahdi.wallet.ui.activities.SplashActivity } in package com.ahdi.qrindo.wallet
Sleeping for 360 milliseconds
:Sending Key (ACTION_DOWN): 82    // KEYCODE_MENU
:Sending Key (ACTION_UP): 82    // KEYCODE_MENU
Sleeping for 360 milliseconds
:Sending Key (ACTION_DOWN): 23    // KEYCODE_DPAD_CENTER
:Sending Key (ACTION_UP): 23    // KEYCODE_DPAD_CENTER
Sleeping for 360 milliseconds
:Sending Touch (ACTION_DOWN): 0:(768.0,1913.0)
:Sending Touch (ACTION_UP): 0:(760.18207,1901.4489)
Sleeping for 360 milliseconds
:Sending Trackball (ACTION_MOVE): 0:(3.0,-5.0)
:Sending Trackball (ACTION_MOVE): 0:(1.0,-1.0)
:Sending Trackball (ACTION_MOVE): 0:(3.0,0.0)
:Sending Trackball (ACTION_MOVE): 0:(-3.0,-5.0)
:Sending Trackball (ACTION_MOVE): 0:(2.0,-4.0)
:Sending Trackball (ACTION_MOVE): 0:(-4.0,-3.0)
:Sending Trackball (ACTION_MOVE): 0:(-4.0,1.0)
:Sending Trackball (ACTION_MOVE): 0:(-3.0,0.0)
:Sending Trackball (ACTION_MOVE): 0:(0.0,-5.0)
:Sending Trackball (ACTION_MOVE): 0:(2.0,0.0)
:Switch: #Intent;action=android.intent.action.MAIN;category=android.intent.category.LAUNCHER;launchFlags=0x10200000;component=com.ahdi.qrindo.wallet/com.ahdi.wallet.ui.activities.SplashActivity;end
    // Allowing start of Intent { act=android.intent.action.MAIN cat=[android.intent.category.LAUNCHER] cmp=com.ahdi.qrindo.wallet/com.ahdi.wallet.ui.activities.SplashActivity } in package com.ahdi.qrindo.wallet
Sleeping for 360 milliseconds
:Sending Key (ACTION_DOWN): 21    // KEYCODE_DPAD_LEFT
:Sending Key (ACTION_UP): 21    // KEYCODE_DPAD_LEFT
Sleeping for 360 milliseconds
:Sending Key (ACTION_DOWN): 82    // KEYCODE_MENU
:Sending Key (ACTION_UP): 82    // KEYCODE_MENU
Sleeping for 360 milliseconds
:Sending Touch (ACTION_DOWN): 0:(998.0,156.0)
:Sending Touch (ACTION_UP): 0:(1008.3558,159.51442)
Sleeping for 360 milliseconds
:Sending Touch (ACTION_DOWN): 0:(41.0,914.0)
:Sending Touch (ACTION_UP): 0:(19.838789,912.2926)
Sleeping for 360 milliseconds
:Sending Touch (ACTION_DOWN): 0:(868.0,1520.0)
:Sending Touch (ACTION_UP): 0:(868.83044,1520.135)
Sleeping for 360 milliseconds
:Sending Touch (ACTION_DOWN): 0:(175.0,1426.0)
:Sending Touch (ACTION_MOVE): 0:(170.08609,1409.7112)
:Sending Touch (ACTION_MOVE): 0:(163.81291,1391.0835)
:Sending Touch (ACTION_MOVE): 0:(159.88051,1377.8904)
:Sending Touch (ACTION_MOVE): 0:(153.50806,1377.6545)
:Sending Touch (ACTION_MOVE): 0:(144.36966,1357.0795)
:Sending Touch (ACTION_MOVE): 0:(137.5437,1354.2023)
:Sending Touch (ACTION_MOVE): 0:(134.3766,1343.3319)
:Sending Touch (ACTION_UP): 0:(122.97511,1336.5658)
Sleeping for 360 milliseconds
:Sending Touch (ACTION_DOWN): 0:(511.0,436.0)
:Sending Touch (ACTION_UP): 0:(507.9177,423.56598)
Sleeping for 360 milliseconds
:Sending Key (ACTION_DOWN): 22    // KEYCODE_DPAD_RIGHT
:Sending Key (ACTION_UP): 22    // KEYCODE_DPAD_RIGHT
Sleeping for 360 milliseconds
:Sending Key (ACTION_DOWN): 20    // KEYCODE_DPAD_DOWN
:Sending Key (ACTION_UP): 20    // KEYCODE_DPAD_DOWN
Sleeping for 360 milliseconds
:Switch: #Intent;action=android.intent.action.MAIN;category=android.intent.category.LAUNCHER;launchFlags=0x10200000;component=com.ahdi.qrindo.wallet/com.ahdi.wallet.ui.activities.SplashActivity;end
    // Allowing start of Intent { act=android.intent.action.MAIN cat=[android.intent.category.LAUNCHER] cmp=com.ahdi.qrindo.wallet/com.ahdi.wallet.ui.activities.SplashActivity } in package com.ahdi.qrindo.wallet
Sleeping for 360 milliseconds
:Sending Touch (ACTION_DOWN): 0:(830.0,701.0)
:Sending Touch (ACTION_UP): 0:(830.2373,700.5466)
Sleeping for 360 milliseconds
:Sending Key (ACTION_DOWN): 23    // KEYCODE_DPAD_CENTER
:Sending Key (ACTION_UP): 23    // KEYCODE_DPAD_CENTER
Sleeping for 360 milliseconds
:Switch: #Intent;action=android.intent.action.MAIN;category=android.intent.category.LAUNCHER;launchFlags=0x10200000;component=com.ahdi.qrindo.wallet/com.ahdi.wallet.ui.activities.SplashActivity;end
    // Allowing start of Intent { act=android.intent.action.MAIN cat=[android.intent.category.LAUNCHER] cmp=com.ahdi.qrindo.wallet/com.ahdi.wallet.ui.activities.SplashActivity } in package com.ahdi.qrindo.wallet
Sleeping for 360 milliseconds
:Sending Key (ACTION_DOWN): 23    // KEYCODE_DPAD_CENTER
:Sending Key (ACTION_UP): 23    // KEYCODE_DPAD_CENTER
Sleeping for 360 milliseconds
:Sending Key (ACTION_DOWN): 21    // KEYCODE_DPAD_LEFT
:Sending Key (ACTION_UP): 21    // KEYCODE_DPAD_LEFT
Sleeping for 360 milliseconds
:Sending Key (ACTION_DOWN): 23    // KEYCODE_DPAD_CENTER
:Sending Key (ACTION_UP): 23    // KEYCODE_DPAD_CENTER
Sleeping for 360 milliseconds
:Sending Touch (ACTION_DOWN): 0:(182.0,471.0)
:Sending Touch (ACTION_UP): 0:(184.41357,470.47974)
Sleeping for 360 milliseconds
:Sending Key (ACTION_DOWN): 21    // KEYCODE_DPAD_LEFT
:Sending Key (ACTION_UP): 21    // KEYCODE_DPAD_LEFT
Sleeping for 360 milliseconds
:Sending Touch (ACTION_DOWN): 0:(881.0,716.0)
:Sending Touch (ACTION_UP): 0:(866.0607,720.9494)
Sleeping for 360 milliseconds
:Sending Key (ACTION_DOWN): 22    // KEYCODE_DPAD_RIGHT
:Sending Key (ACTION_UP): 22    // KEYCODE_DPAD_RIGHT
Sleeping for 360 milliseconds
:Sending Touch (ACTION_DOWN): 0:(378.0,1407.0)
:Sending Touch (ACTION_UP): 0:(379.3064,1403.6625)
Sleeping for 360 milliseconds
:Sending Key (ACTION_DOWN): 23    // KEYCODE_DPAD_CENTER
:Sending Key (ACTION_UP): 23    // KEYCODE_DPAD_CENTER
Sleeping for 360 milliseconds
:Sending Key (ACTION_DOWN): 72    // KEYCODE_RIGHT_BRACKET
:Sending Key (ACTION_UP): 72    // KEYCODE_RIGHT_BRACKET
Sleeping for 360 milliseconds
:Sending Key (ACTION_DOWN): 21    // KEYCODE_DPAD_LEFT
:Sending Key (ACTION_UP): 21    // KEYCODE_DPAD_LEFT
Sleeping for 360 milliseconds
:Sending Touch (ACTION_DOWN): 0:(544.0,1044.0)
:Sending Touch (ACTION_UP): 0:(563.41974,1046.2662)
Sleeping for 360 milliseconds
:Sending Key (ACTION_DOWN): 82    // KEYCODE_MENU
:Sending Key (ACTION_UP): 82    // KEYCODE_MENU
Sleeping for 360 milliseconds
:Sending Flip keyboardOpen=true
Got IOException performing flipjava.io.IOException: write failed: EINVAL (Invalid argument)
    // Injection Failed
Sleeping for 360 milliseconds
:Sending Key (ACTION_DOWN): 20    // KEYCODE_DPAD_DOWN
:Sending Key (ACTION_UP): 20    // KEYCODE_DPAD_DOWN
Sleeping for 360 milliseconds
:Sending Touch (ACTION_DOWN): 0:(772.0,1046.0)
:Sending Touch (ACTION_UP): 0:(764.41144,1066.593)
    //[calendar_time:2019-03-29 12:10:39.127  system_uptime:8126425]
    // Sending event #100
Sleeping for 360 milliseconds
    //[calendar_time:2019-03-29 12:10:39.664  system_uptime:8126786]
    // Sending event #100
:Sending Trackball (ACTION_MOVE): 0:(-4.0,2.0)
:Sending Trackball (ACTION_MOVE): 0:(2.0,1.0)
:Sending Trackball (ACTION_MOVE): 0:(-1.0,-4.0)
:Sending Trackball (ACTION_MOVE): 0:(2.0,-3.0)
:Sending Trackball (ACTION_MOVE): 0:(-4.0,3.0)
:Sending Trackball (ACTION_MOVE): 0:(-5.0,-5.0)
:Sending Trackball (ACTION_MOVE): 0:(-5.0,1.0)
:Sending Trackball (ACTION_MOVE): 0:(3.0,-2.0)
:Sending Trackball (ACTION_MOVE): 0:(1.0,2.0)
:Sending Trackball (ACTION_MOVE): 0:(-3.0,-5.0)
:Sending Key (ACTION_DOWN): 19    // KEYCODE_DPAD_UP
:Sending Key (ACTION_UP): 19    // KEYCODE_DPAD_UP
Sleeping for 360 milliseconds
:Sending Key (ACTION_DOWN): 23    // KEYCODE_DPAD_CENTER
:Sending Key (ACTION_UP): 23    // KEYCODE_DPAD_CENTER
Sleeping for 360 milliseconds
:Sending Touch (ACTION_DOWN): 0:(718.0,1337.0)
:Sending Touch (ACTION_UP): 0:(716.28253,1322.3525)
Sleeping for 360 milliseconds
:Sending Key (ACTION_DOWN): 19    // KEYCODE_DPAD_UP
:Sending Key (ACTION_UP): 19    // KEYCODE_DPAD_UP
Sleeping for 360 milliseconds
:Sending Touch (ACTION_DOWN): 0:(875.0,573.0)
:Sending Touch (ACTION_UP): 0:(876.05756,573.0088)
Sleeping for 360 milliseconds
:Sending Key (ACTION_DOWN): 23    // KEYCODE_DPAD_CENTER
:Sending Key (ACTION_UP): 23    // KEYCODE_DPAD_CENTER
Sleeping for 360 milliseconds
:Switch: #Intent;action=android.intent.action.MAIN;category=android.intent.category.LAUNCHER;launchFlags=0x10200000;component=com.ahdi.qrindo.wallet/com.ahdi.wallet.ui.activities.SplashActivity;end
    // Allowing start of Intent { act=android.intent.action.MAIN cat=[android.intent.category.LAUNCHER] cmp=com.ahdi.qrindo.wallet/com.ahdi.wallet.ui.activities.SplashActivity } in package com.ahdi.qrindo.wallet
Sleeping for 360 milliseconds
:Sending Key (ACTION_DOWN): 82    // KEYCODE_MENU
:Sending Key (ACTION_UP): 82    // KEYCODE_MENU
Sleeping for 360 milliseconds
:Sending Touch (ACTION_DOWN): 0:(572.0,119.0)
:Sending Touch (ACTION_UP): 0:(571.51465,120.412605)
Sleeping for 360 milliseconds
:Sending Trackball (ACTION_MOVE): 0:(-4.0,-2.0)
:Sending Trackball (ACTION_MOVE): 0:(-5.0,1.0)
:Sending Trackball (ACTION_MOVE): 0:(2.0,-5.0)
:Sending Trackball (ACTION_MOVE): 0:(-3.0,3.0)
:Sending Trackball (ACTION_MOVE): 0:(-3.0,-4.0)
:Sending Trackball (ACTION_MOVE): 0:(4.0,3.0)
:Sending Trackball (ACTION_MOVE): 0:(1.0,0.0)
:Sending Trackball (ACTION_MOVE): 0:(-1.0,-3.0)
:Sending Trackball (ACTION_MOVE): 0:(2.0,-5.0)
:Sending Trackball (ACTION_MOVE): 0:(-1.0,0.0)
:Sending Touch (ACTION_DOWN): 0:(577.0,1842.0)
:Sending Touch (ACTION_UP): 0:(571.3533,1837.6523)
Sleeping for 360 milliseconds
:Sending Key (ACTION_DOWN): 82    // KEYCODE_MENU
:Sending Key (ACTION_UP): 82    // KEYCODE_MENU
Sleeping for 360 milliseconds
:Sending Touch (ACTION_DOWN): 0:(269.0,185.0)
:Sending Touch (ACTION_UP): 0:(280.49323,184.36124)
Sleeping for 360 milliseconds
:Sending Touch (ACTION_DOWN): 0:(692.0,987.0)
:Sending Touch (ACTION_UP): 0:(684.59894,995.8712)
Sleeping for 360 milliseconds
:Sending Touch (ACTION_DOWN): 0:(797.0,34.0)
:Sending Touch (ACTION_UP): 0:(810.6098,34.758972)
Sleeping for 360 milliseconds
:Sending Key (ACTION_DOWN): 22    // KEYCODE_DPAD_RIGHT
:Sending Key (ACTION_UP): 22    // KEYCODE_DPAD_RIGHT
Sleeping for 360 milliseconds
:Sending Touch (ACTION_DOWN): 0:(1046.0,1114.0)
:Sending Touch (ACTION_UP): 0:(1044.0332,1127.5131)
Sleeping for 360 milliseconds
:Sending Touch (ACTION_DOWN): 0:(660.0,1678.0)
:Sending Touch (ACTION_UP): 0:(651.85065,1688.5013)
Sleeping for 360 milliseconds
:Switch: #Intent;action=android.intent.action.MAIN;category=android.intent.category.LAUNCHER;launchFlags=0x10200000;component=com.ahdi.qrindo.wallet/com.ahdi.wallet.ui.activities.SplashActivity;end
    // Allowing start of Intent { act=android.intent.action.MAIN cat=[android.intent.category.LAUNCHER] cmp=com.ahdi.qrindo.wallet/com.ahdi.wallet.ui.activities.SplashActivity } in package com.ahdi.qrindo.wallet
Sleeping for 360 milliseconds
:Sending Trackball (ACTION_MOVE): 0:(-4.0,4.0)
:Sending Trackball (ACTION_MOVE): 0:(-3.0,3.0)
:Sending Trackball (ACTION_MOVE): 0:(-4.0,-4.0)
:Sending Trackball (ACTION_MOVE): 0:(3.0,4.0)
:Sending Trackball (ACTION_MOVE): 0:(-1.0,0.0)
:Sending Trackball (ACTION_MOVE): 0:(2.0,0.0)
:Sending Trackball (ACTION_MOVE): 0:(-4.0,-1.0)
:Sending Trackball (ACTION_MOVE): 0:(2.0,-2.0)
:Sending Trackball (ACTION_MOVE): 0:(1.0,-3.0)
:Sending Trackball (ACTION_MOVE): 0:(-1.0,2.0)
:Sending Trackball (ACTION_DOWN): 0:(0.0,0.0)
:Sending Trackball (ACTION_UP): 0:(0.0,0.0)
Sleeping for 360 milliseconds
:Sending Key (ACTION_DOWN): 22    // KEYCODE_DPAD_RIGHT
:Sending Key (ACTION_UP): 22    // KEYCODE_DPAD_RIGHT
Sleeping for 360 milliseconds
:Sending Key (ACTION_DOWN): 82    // KEYCODE_MENU
:Sending Key (ACTION_UP): 82    // KEYCODE_MENU
Sleeping for 360 milliseconds
:Sending Touch (ACTION_DOWN): 0:(905.0,1256.0)
:Sending Touch (ACTION_UP): 0:(910.8069,1260.4333)
Sleeping for 360 milliseconds
:Switch: #Intent;action=android.intent.action.MAIN;category=android.intent.category.LAUNCHER;launchFlags=0x10200000;component=com.ahdi.qrindo.wallet/com.ahdi.wallet.ui.activities.SplashActivity;end
    // Allowing start of Intent { act=android.intent.action.MAIN cat=[android.intent.category.LAUNCHER] cmp=com.ahdi.qrindo.wallet/com.ahdi.wallet.ui.activities.SplashActivity } in package com.ahdi.qrindo.wallet
Sleeping for 360 milliseconds
:Sending Touch (ACTION_DOWN): 0:(951.0,1550.0)
:Sending Touch (ACTION_UP): 0:(951.1815,1552.019)
Sleeping for 360 milliseconds
:Switch: #Intent;action=android.intent.action.MAIN;category=android.intent.category.LAUNCHER;launchFlags=0x10200000;component=com.ahdi.qrindo.wallet/com.ahdi.wallet.ui.activities.SplashActivity;end
    // Allowing start of Intent { act=android.intent.action.MAIN cat=[android.intent.category.LAUNCHER] cmp=com.ahdi.qrindo.wallet/com.ahdi.wallet.ui.activities.SplashActivity } in package com.ahdi.qrindo.wallet
Sleeping for 360 milliseconds
:Sending Touch (ACTION_DOWN): 0:(63.0,778.0)
:Sending Touch (ACTION_UP): 0:(60.48175,769.8173)
Sleeping for 360 milliseconds
:Sending Trackball (ACTION_MOVE): 0:(-5.0,-5.0)
:Sending Trackball (ACTION_MOVE): 0:(2.0,2.0)
:Sending Trackball (ACTION_MOVE): 0:(1.0,2.0)
:Sending Trackball (ACTION_MOVE): 0:(-1.0,4.0)
:Sending Trackball (ACTION_MOVE): 0:(4.0,-3.0)
:Sending Trackball (ACTION_MOVE): 0:(-2.0,0.0)
:Sending Trackball (ACTION_MOVE): 0:(-5.0,-5.0)
:Sending Trackball (ACTION_MOVE): 0:(-3.0,4.0)
:Sending Trackball (ACTION_MOVE): 0:(-1.0,3.0)
:Sending Trackball (ACTION_MOVE): 0:(-1.0,3.0)
:Sending Key (ACTION_DOWN): 82    // KEYCODE_MENU
:Sending Key (ACTION_UP): 82    // KEYCODE_MENU
Sleeping for 360 milliseconds
:Sending Key (ACTION_DOWN): 82    // KEYCODE_MENU
:Sending Key (ACTION_UP): 82    // KEYCODE_MENU
Sleeping for 360 milliseconds
:Sending Touch (ACTION_DOWN): 0:(594.0,238.0)
:Sending Touch (ACTION_UP): 0:(580.7045,252.50288)
Sleeping for 360 milliseconds
:Switch: #Intent;action=android.intent.action.MAIN;category=android.intent.category.LAUNCHER;launchFlags=0x10200000;component=com.ahdi.qrindo.wallet/com.ahdi.wallet.ui.activities.SplashActivity;end
    // Allowing start of Intent { act=android.intent.action.MAIN cat=[android.intent.category.LAUNCHER] cmp=com.ahdi.qrindo.wallet/com.ahdi.wallet.ui.activities.SplashActivity } in package com.ahdi.qrindo.wallet
Sleeping for 360 milliseconds
:Sending Key (ACTION_DOWN): 23    // KEYCODE_DPAD_CENTER
:Sending Key (ACTION_UP): 23    // KEYCODE_DPAD_CENTER
Sleeping for 360 milliseconds
:Sending Trackball (ACTION_MOVE): 0:(0.0,1.0)
:Sending Trackball (ACTION_MOVE): 0:(-1.0,2.0)
:Sending Trackball (ACTION_MOVE): 0:(-1.0,1.0)
    //[calendar_time:2019-03-29 12:10:51.314  system_uptime:8138436]
    // Sending event #200
:Sending Trackball (ACTION_MOVE): 0:(-3.0,2.0)
:Sending Trackball (ACTION_MOVE): 0:(-5.0,0.0)
:Sending Trackball (ACTION_MOVE): 0:(-2.0,0.0)
:Sending Trackball (ACTION_MOVE): 0:(-3.0,-2.0)
:Sending Trackball (ACTION_MOVE): 0:(0.0,3.0)
:Sending Trackball (ACTION_MOVE): 0:(3.0,4.0)
:Sending Trackball (ACTION_MOVE): 0:(-4.0,2.0)
:Sending Key (ACTION_DOWN): 22    // KEYCODE_DPAD_RIGHT
:Sending Key (ACTION_UP): 22    // KEYCODE_DPAD_RIGHT
Sleeping for 360 milliseconds
:Sending Touch (ACTION_DOWN): 0:(282.0,1399.0)
:Sending Touch (ACTION_UP): 0:(270.11133,1400.2395)
Sleeping for 360 milliseconds
:Sending Key (ACTION_DOWN): 22    // KEYCODE_DPAD_RIGHT
:Sending Key (ACTION_UP): 22    // KEYCODE_DPAD_RIGHT
Sleeping for 360 milliseconds
:Sending Touch (ACTION_DOWN): 0:(1016.0,176.0)
:Sending Touch (ACTION_UP): 0:(1004.7974,158.87373)
Sleeping for 360 milliseconds
:Sending Touch (ACTION_DOWN): 0:(286.0,715.0)
:Sending Touch (ACTION_MOVE): 0:(268.27524,713.6507)
:Sending Touch (ACTION_MOVE): 0:(257.9624,708.9277)
:Sending Touch (ACTION_MOVE): 0:(254.02103,708.3335)
:Sending Touch (ACTION_MOVE): 0:(244.23285,705.29016)
:Sending Touch (ACTION_UP): 0:(224.92268,700.05975)
Sleeping for 360 milliseconds
:Sending Touch (ACTION_DOWN): 0:(219.0,82.0)
:Sending Touch (ACTION_UP): 0:(237.60207,81.96688)
Sleeping for 360 milliseconds
:Sending Touch (ACTION_DOWN): 0:(372.0,987.0)
:Sending Touch (ACTION_UP): 0:(371.15002,970.18494)
Sleeping for 360 milliseconds
:Switch: #Intent;action=android.intent.action.MAIN;category=android.intent.category.LAUNCHER;launchFlags=0x10200000;component=com.ahdi.qrindo.wallet/com.ahdi.wallet.ui.activities.SplashActivity;end
    // Allowing start of Intent { act=android.intent.action.MAIN cat=[android.intent.category.LAUNCHER] cmp=com.ahdi.qrindo.wallet/com.ahdi.wallet.ui.activities.SplashActivity } in package com.ahdi.qrindo.wallet
Sleeping for 360 milliseconds
:Sending Touch (ACTION_DOWN): 0:(206.0,1016.0)
:Sending Touch (ACTION_UP): 0:(206.84009,1005.16315)
Sleeping for 360 milliseconds
:Sending Key (ACTION_DOWN): 21    // KEYCODE_DPAD_LEFT
:Sending Key (ACTION_UP): 21    // KEYCODE_DPAD_LEFT
Sleeping for 360 milliseconds
:Sending Trackball (ACTION_MOVE): 0:(-4.0,1.0)
:Sending Trackball (ACTION_MOVE): 0:(0.0,0.0)
:Sending Trackball (ACTION_MOVE): 0:(-4.0,2.0)
:Sending Trackball (ACTION_MOVE): 0:(2.0,-3.0)
:Sending Trackball (ACTION_MOVE): 0:(0.0,0.0)
:Sending Trackball (ACTION_MOVE): 0:(-3.0,-5.0)
:Sending Trackball (ACTION_MOVE): 0:(-3.0,0.0)
:Sending Trackball (ACTION_MOVE): 0:(-3.0,4.0)
:Sending Trackball (ACTION_MOVE): 0:(-2.0,-4.0)
:Sending Trackball (ACTION_MOVE): 0:(2.0,-1.0)
:Switch: #Intent;action=android.intent.action.MAIN;category=android.intent.category.LAUNCHER;launchFlags=0x10200000;component=com.ahdi.qrindo.wallet/com.ahdi.wallet.ui.activities.SplashActivity;end
    // Allowing start of Intent { act=android.intent.action.MAIN cat=[android.intent.category.LAUNCHER] cmp=com.ahdi.qrindo.wallet/com.ahdi.wallet.ui.activities.SplashActivity } in package com.ahdi.qrindo.wallet
Sleeping for 360 milliseconds
:Sending Touch (ACTION_DOWN): 0:(867.0,932.0)
:Sending Touch (ACTION_UP): 0:(856.1971,937.25073)
Sleeping for 360 milliseconds
:Sending Touch (ACTION_DOWN): 0:(47.0,911.0)
:Sending Touch (ACTION_UP): 0:(42.719887,908.47217)
Sleeping for 360 milliseconds
:Sending Touch (ACTION_DOWN): 0:(782.0,1102.0)
:Sending Touch (ACTION_UP): 0:(782.74,1100.5809)
Sleeping for 360 milliseconds
:Sending Key (ACTION_DOWN): 22    // KEYCODE_DPAD_RIGHT
:Sending Key (ACTION_UP): 22    // KEYCODE_DPAD_RIGHT
Sleeping for 360 milliseconds
:Switch: #Intent;action=android.intent.action.MAIN;category=android.intent.category.LAUNCHER;launchFlags=0x10200000;component=com.ahdi.qrindo.wallet/com.ahdi.wallet.ui.activities.SplashActivity;end
    // Allowing start of Intent { act=android.intent.action.MAIN cat=[android.intent.category.LAUNCHER] cmp=com.ahdi.qrindo.wallet/com.ahdi.wallet.ui.activities.SplashActivity } in package com.ahdi.qrindo.wallet
Sleeping for 360 milliseconds
:Sending Touch (ACTION_DOWN): 0:(686.0,598.0)
:Sending Touch (ACTION_UP): 0:(691.3566,614.0065)
Sleeping for 360 milliseconds
:Sending Key (ACTION_DOWN): 20    // KEYCODE_DPAD_DOWN
:Sending Key (ACTION_UP): 20    // KEYCODE_DPAD_DOWN
Sleeping for 360 milliseconds
:Sending Touch (ACTION_DOWN): 0:(575.0,476.0)
:Sending Touch (ACTION_UP): 0:(577.7177,475.8776)
Sleeping for 360 milliseconds
:Sending Key (ACTION_DOWN): 22    // KEYCODE_DPAD_RIGHT
:Sending Key (ACTION_UP): 22    // KEYCODE_DPAD_RIGHT
Sleeping for 360 milliseconds
:Sending Touch (ACTION_DOWN): 0:(250.0,524.0)
:Sending Touch (ACTION_UP): 0:(244.135,532.97394)
Sleeping for 360 milliseconds
:Sending Key (ACTION_DOWN): 23    // KEYCODE_DPAD_CENTER
:Sending Key (ACTION_UP): 23    // KEYCODE_DPAD_CENTER
Sleeping for 360 milliseconds
:Sending Touch (ACTION_DOWN): 0:(986.0,1440.0)
:Sending Touch (ACTION_UP): 0:(987.95514,1436.5426)
Sleeping for 360 milliseconds
:Sending Key (ACTION_DOWN): 82    // KEYCODE_MENU
:Sending Key (ACTION_UP): 82    // KEYCODE_MENU
Sleeping for 360 milliseconds
:Sending Key (ACTION_DOWN): 21    // KEYCODE_DPAD_LEFT
:Sending Key (ACTION_UP): 21    // KEYCODE_DPAD_LEFT
Sleeping for 360 milliseconds
:Sending Key (ACTION_DOWN): 175    // KEYCODE_CAPTIONS
:Sending Key (ACTION_UP): 175    // KEYCODE_CAPTIONS
Sleeping for 360 milliseconds
:Switch: #Intent;action=android.intent.action.MAIN;category=android.intent.category.LAUNCHER;launchFlags=0x10200000;component=com.ahdi.qrindo.wallet/com.ahdi.wallet.ui.activities.SplashActivity;end
    // Allowing start of Intent { act=android.intent.action.MAIN cat=[android.intent.category.LAUNCHER] cmp=com.ahdi.qrindo.wallet/com.ahdi.wallet.ui.activities.SplashActivity } in package com.ahdi.qrindo.wallet
Sleeping for 360 milliseconds
:Sending Key (ACTION_DOWN): 19    // KEYCODE_DPAD_UP
:Sending Key (ACTION_UP): 19    // KEYCODE_DPAD_UP
Sleeping for 360 milliseconds
:Sending Key (ACTION_DOWN): 82    // KEYCODE_MENU
:Sending Key (ACTION_UP): 82    // KEYCODE_MENU
Sleeping for 360 milliseconds
:Sending Touch (ACTION_DOWN): 0:(357.0,1010.0)
:Sending Touch (ACTION_UP): 0:(334.14038,1005.8597)
Sleeping for 360 milliseconds
:Sending Key (ACTION_DOWN): 82    // KEYCODE_MENU
:Sending Key (ACTION_UP): 82    // KEYCODE_MENU
Sleeping for 360 milliseconds
:Sending Key (ACTION_DOWN): 20    // KEYCODE_DPAD_DOWN
:Sending Key (ACTION_UP): 20    // KEYCODE_DPAD_DOWN
Sleeping for 360 milliseconds
:Sending Trackball (ACTION_MOVE): 0:(-4.0,2.0)
:Sending Trackball (ACTION_MOVE): 0:(4.0,3.0)
:Sending Trackball (ACTION_MOVE): 0:(-2.0,0.0)
:Sending Trackball (ACTION_MOVE): 0:(-5.0,3.0)
:Sending Trackball (ACTION_MOVE): 0:(4.0,-2.0)
:Sending Trackball (ACTION_MOVE): 0:(-4.0,0.0)
:Sending Trackball (ACTION_MOVE): 0:(-1.0,1.0)
:Sending Trackball (ACTION_MOVE): 0:(-4.0,-2.0)
:Sending Trackball (ACTION_MOVE): 0:(1.0,3.0)
:Sending Trackball (ACTION_MOVE): 0:(2.0,3.0)
:Sending Key (ACTION_DOWN): 21    // KEYCODE_DPAD_LEFT
:Sending Key (ACTION_UP): 21    // KEYCODE_DPAD_LEFT
Sleeping for 360 milliseconds
:Sending Touch (ACTION_DOWN): 0:(76.0,1786.0)
:Sending Touch (ACTION_UP): 0:(74.20045,1778.8833)
Sleeping for 360 milliseconds
:Switch: #Intent;action=android.intent.action.MAIN;category=android.intent.category.LAUNCHER;launchFlags=0x10200000;component=com.ahdi.qrindo.wallet/com.ahdi.wallet.ui.activities.SplashActivity;end
    // Allowing start of Intent { act=android.intent.action.MAIN cat=[android.intent.category.LAUNCHER] cmp=com.ahdi.qrindo.wallet/com.ahdi.wallet.ui.activities.SplashActivity } in package com.ahdi.qrindo.wallet
Sleeping for 360 milliseconds
:Sending Touch (ACTION_DOWN): 0:(8.0,754.0)
:Sending Touch (ACTION_UP): 0:(0.48430252,730.9359)
Sleeping for 360 milliseconds
:Sending Touch (ACTION_DOWN): 0:(308.0,447.0)
:Sending Touch (ACTION_UP): 0:(311.73013,430.65826)
    //[calendar_time:2019-03-29 12:11:04.776  system_uptime:8151899]
    // Sending event #300
Sleeping for 360 milliseconds
    //[calendar_time:2019-03-29 12:11:05.139  system_uptime:8152262]
    // Sending event #300
:Sending Key (ACTION_DOWN): 82    // KEYCODE_MENU
:Sending Key (ACTION_UP): 82    // KEYCODE_MENU
Sleeping for 360 milliseconds
:Sending Trackball (ACTION_MOVE): 0:(-4.0,4.0)
:Sending Trackball (ACTION_MOVE): 0:(-2.0,-4.0)
:Sending Trackball (ACTION_MOVE): 0:(-5.0,-1.0)
:Sending Trackball (ACTION_MOVE): 0:(-4.0,-3.0)
:Sending Trackball (ACTION_MOVE): 0:(3.0,-4.0)
:Sending Trackball (ACTION_MOVE): 0:(-1.0,1.0)
:Sending Trackball (ACTION_MOVE): 0:(-5.0,2.0)
:Sending Trackball (ACTION_MOVE): 0:(1.0,-1.0)
:Sending Trackball (ACTION_MOVE): 0:(-5.0,2.0)
:Sending Trackball (ACTION_MOVE): 0:(-2.0,2.0)
:Sending Touch (ACTION_DOWN): 0:(246.0,1066.0)
:Sending Touch (ACTION_UP): 0:(252.14127,1067.5674)
Sleeping for 360 milliseconds
:Sending Flip keyboardOpen=false
Got IOException performing flipjava.io.IOException: write failed: EINVAL (Invalid argument)
    // Injection Failed
Sleeping for 360 milliseconds
:Sending Key (ACTION_DOWN): 19    // KEYCODE_DPAD_UP
:Sending Key (ACTION_UP): 19    // KEYCODE_DPAD_UP
Sleeping for 360 milliseconds
:Sending Key (ACTION_DOWN): 82    // KEYCODE_MENU
:Sending Key (ACTION_UP): 82    // KEYCODE_MENU
Sleeping for 360 milliseconds
:Sending Key (ACTION_DOWN): 132    // KEYCODE_F2
:Sending Key (ACTION_UP): 132    // KEYCODE_F2
Sleeping for 360 milliseconds
:Sending Key (ACTION_DOWN): 21    // KEYCODE_DPAD_LEFT
:Sending Key (ACTION_UP): 21    // KEYCODE_DPAD_LEFT
Sleeping for 360 milliseconds
:Switch: #Intent;action=android.intent.action.MAIN;category=android.intent.category.LAUNCHER;launchFlags=0x10200000;component=com.ahdi.qrindo.wallet/com.ahdi.wallet.ui.activities.SplashActivity;end
    // Allowing start of Intent { act=android.intent.action.MAIN cat=[android.intent.category.LAUNCHER] cmp=com.ahdi.qrindo.wallet/com.ahdi.wallet.ui.activities.SplashActivity } in package com.ahdi.qrindo.wallet
Sleeping for 360 milliseconds
:Sending Key (ACTION_DOWN): 23    // KEYCODE_DPAD_CENTER
:Sending Key (ACTION_UP): 23    // KEYCODE_DPAD_CENTER
Sleeping for 360 milliseconds
:Sending Key (ACTION_DOWN): 23    // KEYCODE_DPAD_CENTER
:Sending Key (ACTION_UP): 23    // KEYCODE_DPAD_CENTER
Sleeping for 360 milliseconds
:Sending Key (ACTION_DOWN): 21    // KEYCODE_DPAD_LEFT
:Sending Key (ACTION_UP): 21    // KEYCODE_DPAD_LEFT
Sleeping for 360 milliseconds
:Sending Key (ACTION_DOWN): 82    // KEYCODE_MENU
:Sending Key (ACTION_UP): 82    // KEYCODE_MENU
Sleeping for 360 milliseconds
:Sending Touch (ACTION_DOWN): 0:(1035.0,974.0)
:Sending Touch (ACTION_UP): 0:(1020.938,973.9901)
Sleeping for 360 milliseconds
:Sending Touch (ACTION_DOWN): 0:(533.0,792.0)
:Sending Touch (ACTION_UP): 0:(527.07074,780.5381)
Sleeping for 360 milliseconds
:Sending Touch (ACTION_DOWN): 0:(353.0,1747.0)
:Sending Touch (ACTION_UP): 0:(354.73618,1742.6754)
Sleeping for 360 milliseconds
:Sending Key (ACTION_DOWN): 19    // KEYCODE_DPAD_UP
:Sending Key (ACTION_UP): 19    // KEYCODE_DPAD_UP
Sleeping for 360 milliseconds
:Sending Key (ACTION_DOWN): 23    // KEYCODE_DPAD_CENTER
:Sending Key (ACTION_UP): 23    // KEYCODE_DPAD_CENTER
Sleeping for 360 milliseconds
:Sending Key (ACTION_DOWN): 82    // KEYCODE_MENU
:Sending Key (ACTION_UP): 82    // KEYCODE_MENU
Sleeping for 360 milliseconds
:Sending Key (ACTION_DOWN): 23    // KEYCODE_DPAD_CENTER
:Sending Key (ACTION_UP): 23    // KEYCODE_DPAD_CENTER
Sleeping for 360 milliseconds
:Sending Touch (ACTION_DOWN): 0:(507.0,208.0)
:Sending Touch (ACTION_UP): 0:(495.50006,212.64272)
Sleeping for 360 milliseconds
:Sending Touch (ACTION_DOWN): 0:(928.0,1532.0)
:Sending Touch (ACTION_UP): 0:(949.3391,1536.5563)
Sleeping for 360 milliseconds
:Switch: #Intent;action=android.intent.action.MAIN;category=android.intent.category.LAUNCHER;launchFlags=0x10200000;component=com.ahdi.qrindo.wallet/com.ahdi.wallet.ui.activities.SplashActivity;end
    // Allowing start of Intent { act=android.intent.action.MAIN cat=[android.intent.category.LAUNCHER] cmp=com.ahdi.qrindo.wallet/com.ahdi.wallet.ui.activities.SplashActivity } in package com.ahdi.qrindo.wallet
Sleeping for 360 milliseconds
:Sending Key (ACTION_DOWN): 23    // KEYCODE_DPAD_CENTER
:Sending Key (ACTION_UP): 23    // KEYCODE_DPAD_CENTER
Sleeping for 360 milliseconds
:Sending Key (ACTION_DOWN): 21    // KEYCODE_DPAD_LEFT
:Sending Key (ACTION_UP): 21    // KEYCODE_DPAD_LEFT
Sleeping for 360 milliseconds
:Sending Touch (ACTION_DOWN): 0:(337.0,1876.0)
:Sending Touch (ACTION_UP): 0:(338.472,1883.6725)
Sleeping for 360 milliseconds
:Sending Touch (ACTION_DOWN): 0:(671.0,335.0)
:Sending Touch (ACTION_UP): 0:(673.77325,331.8261)
Sleeping for 360 milliseconds
:Switch: #Intent;action=android.intent.action.MAIN;category=android.intent.category.LAUNCHER;launchFlags=0x10200000;component=com.ahdi.qrindo.wallet/com.ahdi.wallet.ui.activities.SplashActivity;end
    // Allowing start of Intent { act=android.intent.action.MAIN cat=[android.intent.category.LAUNCHER] cmp=com.ahdi.qrindo.wallet/com.ahdi.wallet.ui.activities.SplashActivity } in package com.ahdi.qrindo.wallet
Sleeping for 360 milliseconds
:Sending Touch (ACTION_DOWN): 0:(102.0,103.0)
:Sending Touch (ACTION_UP): 0:(100.76757,105.92892)
Sleeping for 360 milliseconds
:Sending Key (ACTION_DOWN): 22    // KEYCODE_DPAD_RIGHT
:Sending Key (ACTION_UP): 22    // KEYCODE_DPAD_RIGHT
Sleeping for 360 milliseconds
:Sending Touch (ACTION_DOWN): 0:(409.0,1356.0)
:Sending Touch (ACTION_UP): 0:(423.74323,1350.5452)
Sleeping for 360 milliseconds
:Sending Flip keyboardOpen=true
Got IOException performing flipjava.io.IOException: write failed: EINVAL (Invalid argument)
    // Injection Failed
Sleeping for 360 milliseconds
:Switch: #Intent;action=android.intent.action.MAIN;category=android.intent.category.LAUNCHER;launchFlags=0x10200000;component=com.ahdi.qrindo.wallet/com.ahdi.wallet.ui.activities.SplashActivity;end
    // Allowing start of Intent { act=android.intent.action.MAIN cat=[android.intent.category.LAUNCHER] cmp=com.ahdi.qrindo.wallet/com.ahdi.wallet.ui.activities.SplashActivity } in package com.ahdi.qrindo.wallet
Sleeping for 360 milliseconds
:Sending Key (ACTION_DOWN): 23    // KEYCODE_DPAD_CENTER
:Sending Key (ACTION_UP): 23    // KEYCODE_DPAD_CENTER
Sleeping for 360 milliseconds
:Sending Key (ACTION_DOWN): 22    // KEYCODE_DPAD_RIGHT
:Sending Key (ACTION_UP): 22    // KEYCODE_DPAD_RIGHT
Sleeping for 360 milliseconds
:Sending Touch (ACTION_DOWN): 0:(578.0,1535.0)
:Sending Touch (ACTION_UP): 0:(575.7432,1525.5144)
Sleeping for 360 milliseconds
:Switch: #Intent;action=android.intent.action.MAIN;category=android.intent.category.LAUNCHER;launchFlags=0x10200000;component=com.ahdi.qrindo.wallet/com.ahdi.wallet.ui.activities.SplashActivity;end
    // Allowing start of Intent { act=android.intent.action.MAIN cat=[android.intent.category.LAUNCHER] cmp=com.ahdi.qrindo.wallet/com.ahdi.wallet.ui.activities.SplashActivity } in package com.ahdi.qrindo.wallet
Sleeping for 360 milliseconds
:Switch: #Intent;action=android.intent.action.MAIN;category=android.intent.category.LAUNCHER;launchFlags=0x10200000;component=com.ahdi.qrindo.wallet/com.ahdi.wallet.ui.activities.SplashActivity;end
    // Allowing start of Intent { act=android.intent.action.MAIN cat=[android.intent.category.LAUNCHER] cmp=com.ahdi.qrindo.wallet/com.ahdi.wallet.ui.activities.SplashActivity } in package com.ahdi.qrindo.wallet
Sleeping for 360 milliseconds
:Sending Key (ACTION_DOWN): 19    // KEYCODE_DPAD_UP
:Sending Key (ACTION_UP): 19    // KEYCODE_DPAD_UP
Sleeping for 360 milliseconds
:Sending Key (ACTION_DOWN): 20    // KEYCODE_DPAD_DOWN
:Sending Key (ACTION_UP): 20    // KEYCODE_DPAD_DOWN
Sleeping for 360 milliseconds
:Sending Key (ACTION_DOWN): 23    // KEYCODE_DPAD_CENTER
:Sending Key (ACTION_UP): 23    // KEYCODE_DPAD_CENTER
Sleeping for 360 milliseconds
:Sending Key (ACTION_DOWN): 20    // KEYCODE_DPAD_DOWN
:Sending Key (ACTION_UP): 20    // KEYCODE_DPAD_DOWN
Sleeping for 360 milliseconds
:Sending Key (ACTION_DOWN): 23    // KEYCODE_DPAD_CENTER
:Sending Key (ACTION_UP): 23    // KEYCODE_DPAD_CENTER
Sleeping for 360 milliseconds
:Sending Key (ACTION_DOWN): 82    // KEYCODE_MENU
:Sending Key (ACTION_UP): 82    // KEYCODE_MENU
Sleeping for 360 milliseconds
:Sending Key (ACTION_DOWN): 82    // KEYCODE_MENU
:Sending Key (ACTION_UP): 82    // KEYCODE_MENU
Sleeping for 360 milliseconds
:Sending Touch (ACTION_DOWN): 0:(81.0,1178.0)
:Sending Touch (ACTION_UP): 0:(73.998795,1171.4218)
Sleeping for 360 milliseconds
:Sending Touch (ACTION_DOWN): 0:(532.0,507.0)
:Sending Touch (ACTION_POINTER_DOWN 1): 0:(531.505,507.28098) 1:(485.0,771.0)
:Sending Touch (ACTION_POINTER_UP 1): 0:(521.77716,508.04596) 1:(491.9591,767.28156)
:Sending Touch (ACTION_UP): 0:(507.3698,509.11694)
Sleeping for 360 milliseconds
:Sending Touch (ACTION_DOWN): 0:(646.0,629.0)
:Sending Touch (ACTION_UP): 0:(631.8027,616.1674)
Sleeping for 360 milliseconds
:Sending Key (ACTION_DOWN): 19    // KEYCODE_DPAD_UP
:Sending Key (ACTION_UP): 19    // KEYCODE_DPAD_UP
    //[calendar_time:2019-03-29 12:11:22.712  system_uptime:8169835]
    // Sending event #400
Sleeping for 360 milliseconds
    //[calendar_time:2019-03-29 12:11:23.075  system_uptime:8170198]
    // Sending event #400
:Sending Touch (ACTION_DOWN): 0:(1049.0,857.0)
:Sending Touch (ACTION_UP): 0:(1049.3684,878.27356)
Sleeping for 360 milliseconds
:Sending Key (ACTION_DOWN): 22    // KEYCODE_DPAD_RIGHT
:Sending Key (ACTION_UP): 22    // KEYCODE_DPAD_RIGHT
Sleeping for 360 milliseconds
:Sending Key (ACTION_DOWN): 23    // KEYCODE_DPAD_CENTER
:Sending Key (ACTION_UP): 23    // KEYCODE_DPAD_CENTER
Sleeping for 360 milliseconds
:Switch: #Intent;action=android.intent.action.MAIN;category=android.intent.category.LAUNCHER;launchFlags=0x10200000;component=com.ahdi.qrindo.wallet/com.ahdi.wallet.ui.activities.SplashActivity;end
    // Allowing start of Intent { act=android.intent.action.MAIN cat=[android.intent.category.LAUNCHER] cmp=com.ahdi.qrindo.wallet/com.ahdi.wallet.ui.activities.SplashActivity } in package com.ahdi.qrindo.wallet
Sleeping for 360 milliseconds
:Sending Touch (ACTION_DOWN): 0:(1067.0,1280.0)
:Sending Touch (ACTION_UP): 0:(1076.3501,1278.1605)
Sleeping for 360 milliseconds
:Sending Trackball (ACTION_MOVE): 0:(-4.0,-2.0)
:Sending Trackball (ACTION_MOVE): 0:(-2.0,2.0)
:Sending Trackball (ACTION_MOVE): 0:(-1.0,-3.0)
:Sending Trackball (ACTION_MOVE): 0:(4.0,3.0)
:Sending Trackball (ACTION_MOVE): 0:(-4.0,2.0)
:Sending Trackball (ACTION_MOVE): 0:(2.0,-1.0)
:Sending Trackball (ACTION_MOVE): 0:(0.0,-3.0)
:Sending Trackball (ACTION_MOVE): 0:(4.0,-5.0)
:Sending Trackball (ACTION_MOVE): 0:(-3.0,-5.0)
:Sending Trackball (ACTION_MOVE): 0:(-2.0,2.0)
:Sending Touch (ACTION_DOWN): 0:(17.0,414.0)
:Sending Touch (ACTION_UP): 0:(16.999147,410.8382)
Sleeping for 360 milliseconds
:Sending Touch (ACTION_DOWN): 0:(838.0,1579.0)
:Sending Touch (ACTION_UP): 0:(845.96625,1568.8206)
Sleeping for 360 milliseconds
:Sending Key (ACTION_DOWN): 20    // KEYCODE_DPAD_DOWN
:Sending Key (ACTION_UP): 20    // KEYCODE_DPAD_DOWN
Sleeping for 360 milliseconds
:Switch: #Intent;action=android.intent.action.MAIN;category=android.intent.category.LAUNCHER;launchFlags=0x10200000;component=com.ahdi.qrindo.wallet/com.ahdi.wallet.ui.activities.SplashActivity;end
    // Allowing start of Intent { act=android.intent.action.MAIN cat=[android.intent.category.LAUNCHER] cmp=com.ahdi.qrindo.wallet/com.ahdi.wallet.ui.activities.SplashActivity } in package com.ahdi.qrindo.wallet
Sleeping for 360 milliseconds
:Sending Key (ACTION_DOWN): 23    // KEYCODE_DPAD_CENTER
:Sending Key (ACTION_UP): 23    // KEYCODE_DPAD_CENTER
Sleeping for 360 milliseconds
:Sending Trackball (ACTION_MOVE): 0:(-4.0,-5.0)
:Sending Trackball (ACTION_MOVE): 0:(-5.0,1.0)
:Sending Trackball (ACTION_MOVE): 0:(3.0,-1.0)
:Sending Trackball (ACTION_MOVE): 0:(-5.0,0.0)
:Sending Trackball (ACTION_MOVE): 0:(-4.0,0.0)
:Sending Trackball (ACTION_MOVE): 0:(0.0,-2.0)
:Sending Trackball (ACTION_MOVE): 0:(-5.0,-2.0)
:Sending Trackball (ACTION_MOVE): 0:(0.0,1.0)
:Sending Trackball (ACTION_MOVE): 0:(-5.0,1.0)
:Sending Trackball (ACTION_MOVE): 0:(-5.0,1.0)
:Sending Flip keyboardOpen=false
Got IOException performing flipjava.io.IOException: write failed: EINVAL (Invalid argument)
    // Injection Failed
Sleeping for 360 milliseconds
:Switch: #Intent;action=android.intent.action.MAIN;category=android.intent.category.LAUNCHER;launchFlags=0x10200000;component=com.ahdi.qrindo.wallet/com.ahdi.wallet.ui.activities.SplashActivity;end
    // Allowing start of Intent { act=android.intent.action.MAIN cat=[android.intent.category.LAUNCHER] cmp=com.ahdi.qrindo.wallet/com.ahdi.wallet.ui.activities.SplashActivity } in package com.ahdi.qrindo.wallet
Sleeping for 360 milliseconds
:Sending Touch (ACTION_DOWN): 0:(797.0,682.0)
:Sending Touch (ACTION_UP): 0:(801.02545,688.72076)
Sleeping for 360 milliseconds
:Sending Touch (ACTION_DOWN): 0:(611.0,11.0)
:Sending Touch (ACTION_UP): 0:(592.9221,3.2908506)
Sleeping for 360 milliseconds
:Switch: #Intent;action=android.intent.action.MAIN;category=android.intent.category.LAUNCHER;launchFlags=0x10200000;component=com.ahdi.qrindo.wallet/com.ahdi.wallet.ui.activities.SplashActivity;end
    // Allowing start of Intent { act=android.intent.action.MAIN cat=[android.intent.category.LAUNCHER] cmp=com.ahdi.qrindo.wallet/com.ahdi.wallet.ui.activities.SplashActivity } in package com.ahdi.qrindo.wallet
Sleeping for 360 milliseconds
:Sending Touch (ACTION_DOWN): 0:(848.0,1275.0)
:Sending Touch (ACTION_UP): 0:(841.10236,1280.5629)
Sleeping for 360 milliseconds
:Sending Touch (ACTION_DOWN): 0:(765.0,1228.0)
:Sending Touch (ACTION_UP): 0:(766.6987,1236.7837)
Sleeping for 360 milliseconds
:Sending Key (ACTION_DOWN): 82    // KEYCODE_MENU
:Sending Key (ACTION_UP): 82    // KEYCODE_MENU
Sleeping for 360 milliseconds
:Sending Key (ACTION_DOWN): 22    // KEYCODE_DPAD_RIGHT
:Sending Key (ACTION_UP): 22    // KEYCODE_DPAD_RIGHT
Sleeping for 360 milliseconds
:Sending Touch (ACTION_DOWN): 0:(266.0,655.0)
:Sending Touch (ACTION_UP): 0:(266.41104,647.0337)
Sleeping for 360 milliseconds
:Sending Key (ACTION_DOWN): 22    // KEYCODE_DPAD_RIGHT
:Sending Key (ACTION_UP): 22    // KEYCODE_DPAD_RIGHT
Sleeping for 360 milliseconds
:Switch: #Intent;action=android.intent.action.MAIN;category=android.intent.category.LAUNCHER;launchFlags=0x10200000;component=com.ahdi.qrindo.wallet/com.ahdi.wallet.ui.activities.SplashActivity;end
    // Allowing start of Intent { act=android.intent.action.MAIN cat=[android.intent.category.LAUNCHER] cmp=com.ahdi.qrindo.wallet/com.ahdi.wallet.ui.activities.SplashActivity } in package com.ahdi.qrindo.wallet
Sleeping for 360 milliseconds
:Sending Touch (ACTION_DOWN): 0:(567.0,1480.0)
:Sending Touch (ACTION_UP): 0:(558.758,1486.0203)
Sleeping for 360 milliseconds
:Sending Touch (ACTION_DOWN): 0:(250.0,407.0)
:Sending Touch (ACTION_UP): 0:(247.79996,411.58783)
Sleeping for 360 milliseconds
:Sending Key (ACTION_DOWN): 82    // KEYCODE_MENU
:Sending Key (ACTION_UP): 82    // KEYCODE_MENU
Sleeping for 360 milliseconds
:Sending Touch (ACTION_DOWN): 0:(314.0,1041.0)
:Sending Touch (ACTION_UP): 0:(307.12854,1047.102)
Sleeping for 360 milliseconds
:Sending Key (ACTION_DOWN): 82    // KEYCODE_MENU
:Sending Key (ACTION_UP): 82    // KEYCODE_MENU
Sleeping for 360 milliseconds
:Sending Key (ACTION_DOWN): 21    // KEYCODE_DPAD_LEFT
:Sending Key (ACTION_UP): 21    // KEYCODE_DPAD_LEFT
Sleeping for 360 milliseconds
:Sending Key (ACTION_DOWN): 23    // KEYCODE_DPAD_CENTER
:Sending Key (ACTION_UP): 23    // KEYCODE_DPAD_CENTER
Sleeping for 360 milliseconds
:Sending Key (ACTION_DOWN): 23    // KEYCODE_DPAD_CENTER
:Sending Key (ACTION_UP): 23    // KEYCODE_DPAD_CENTER
Sleeping for 360 milliseconds
:Switch: #Intent;action=android.intent.action.MAIN;category=android.intent.category.LAUNCHER;launchFlags=0x10200000;component=com.ahdi.qrindo.wallet/com.ahdi.wallet.ui.activities.SplashActivity;end
    // Allowing start of Intent { act=android.intent.action.MAIN cat=[android.intent.category.LAUNCHER] cmp=com.ahdi.qrindo.wallet/com.ahdi.wallet.ui.activities.SplashActivity } in package com.ahdi.qrindo.wallet
Sleeping for 360 milliseconds
:Sending Key (ACTION_DOWN): 19    // KEYCODE_DPAD_UP
:Sending Key (ACTION_UP): 19    // KEYCODE_DPAD_UP
Sleeping for 360 milliseconds
:Switch: #Intent;action=android.intent.action.MAIN;category=android.intent.category.LAUNCHER;launchFlags=0x10200000;component=com.ahdi.qrindo.wallet/com.ahdi.wallet.ui.activities.SplashActivity;end
    // Allowing start of Intent { act=android.intent.action.MAIN cat=[android.intent.category.LAUNCHER] cmp=com.ahdi.qrindo.wallet/com.ahdi.wallet.ui.activities.SplashActivity } in package com.ahdi.qrindo.wallet
Sleeping for 360 milliseconds
:Sending Touch (ACTION_DOWN): 0:(461.0,746.0)
:Sending Touch (ACTION_UP): 0:(461.10327,749.22577)
Sleeping for 360 milliseconds
:Sending Touch (ACTION_DOWN): 0:(621.0,1471.0)
:Sending Touch (ACTION_MOVE): 0:(630.7002,1467.5564)
:Sending Touch (ACTION_MOVE): 0:(633.4211,1465.2238)
:Sending Touch (ACTION_MOVE): 0:(644.9976,1462.6244)
:Sending Touch (ACTION_UP): 0:(649.10077,1459.655)
Sleeping for 360 milliseconds
:Sending Touch (ACTION_DOWN): 0:(128.0,1107.0)
:Sending Touch (ACTION_UP): 0:(130.31389,1118.3278)
Sleeping for 360 milliseconds
:Sending Key (ACTION_DOWN): 23    // KEYCODE_DPAD_CENTER
:Sending Key (ACTION_UP): 23    // KEYCODE_DPAD_CENTER
Sleeping for 360 milliseconds
:Sending Touch (ACTION_DOWN): 0:(640.0,342.0)
:Sending Touch (ACTION_UP): 0:(640.11914,339.33804)
Sleeping for 360 milliseconds
:Switch: #Intent;action=android.intent.action.MAIN;category=android.intent.category.LAUNCHER;launchFlags=0x10200000;component=com.ahdi.qrindo.wallet/com.ahdi.wallet.ui.activities.SplashActivity;end
    // Allowing start of Intent { act=android.intent.action.MAIN cat=[android.intent.category.LAUNCHER] cmp=com.ahdi.qrindo.wallet/com.ahdi.wallet.ui.activities.SplashActivity } in package com.ahdi.qrindo.wallet
Sleeping for 360 milliseconds
:Sending Touch (ACTION_DOWN): 0:(38.0,655.0)
:Sending Touch (ACTION_UP): 0:(38.06879,651.6207)
Sleeping for 360 milliseconds
:Switch: #Intent;action=android.intent.action.MAIN;category=android.intent.category.LAUNCHER;launchFlags=0x10200000;component=com.ahdi.qrindo.wallet/com.ahdi.wallet.ui.activities.SplashActivity;end
    // Allowing start of Intent { act=android.intent.action.MAIN cat=[android.intent.category.LAUNCHER] cmp=com.ahdi.qrindo.wallet/com.ahdi.wallet.ui.activities.SplashActivity } in package com.ahdi.qrindo.wallet
Sleeping for 360 milliseconds
:Sending Touch (ACTION_DOWN): 0:(617.0,890.0)
:Sending Touch (ACTION_UP): 0:(615.3746,892.27704)
Sleeping for 360 milliseconds
:Switch: #Intent;action=android.intent.action.MAIN;category=android.intent.category.LAUNCHER;launchFlags=0x10200000;component=com.ahdi.qrindo.wallet/com.ahdi.wallet.ui.activities.SplashActivity;end
    // Allowing start of Intent { act=android.intent.action.MAIN cat=[android.intent.category.LAUNCHER] cmp=com.ahdi.qrindo.wallet/com.ahdi.wallet.ui.activities.SplashActivity } in package com.ahdi.qrindo.wallet
Sleeping for 360 milliseconds
:Sending Key (ACTION_DOWN): 103    // KEYCODE_BUTTON_R1
:Sending Key (ACTION_UP): 103    // KEYCODE_BUTTON_R1
    //[calendar_time:2019-03-29 12:11:39.214  system_uptime:8186337]
    // Sending event #500
Sleeping for 360 milliseconds
    //[calendar_time:2019-03-29 12:11:39.577  system_uptime:8186700]
    // Sending event #500
:Sending Touch (ACTION_DOWN): 0:(984.0,492.0)
:Sending Touch (ACTION_UP): 0:(997.1097,502.24942)
Sleeping for 360 milliseconds
:Sending Touch (ACTION_DOWN): 0:(853.0,378.0)
:Sending Touch (ACTION_UP): 0:(854.95215,384.50168)
Sleeping for 360 milliseconds
:Sending Key (ACTION_DOWN): 23    // KEYCODE_DPAD_CENTER
:Sending Key (ACTION_UP): 23    // KEYCODE_DPAD_CENTER
Sleeping for 360 milliseconds
:Sending Key (ACTION_DOWN): 21    // KEYCODE_DPAD_LEFT
:Sending Key (ACTION_UP): 21    // KEYCODE_DPAD_LEFT
Sleeping for 360 milliseconds
:Sending Key (ACTION_DOWN): 82    // KEYCODE_MENU
:Sending Key (ACTION_UP): 82    // KEYCODE_MENU
Sleeping for 360 milliseconds
:Sending Touch (ACTION_DOWN): 0:(74.0,605.0)
:Sending Touch (ACTION_UP): 0:(57.188576,595.6553)
Sleeping for 360 milliseconds
:Sending Key (ACTION_DOWN): 23    // KEYCODE_DPAD_CENTER
:Sending Key (ACTION_UP): 23    // KEYCODE_DPAD_CENTER
Sleeping for 360 milliseconds
:Sending Key (ACTION_DOWN): 21    // KEYCODE_DPAD_LEFT
:Sending Key (ACTION_UP): 21    // KEYCODE_DPAD_LEFT
Sleeping for 360 milliseconds
:Sending Touch (ACTION_DOWN): 0:(343.0,687.0)
:Sending Touch (ACTION_UP): 0:(356.59244,687.8832)
Sleeping for 360 milliseconds
:Sending Touch (ACTION_DOWN): 0:(324.0,933.0)
:Sending Touch (ACTION_UP): 0:(324.11624,935.3964)
Sleeping for 360 milliseconds
:Sending Key (ACTION_DOWN): 22    // KEYCODE_DPAD_RIGHT
:Sending Key (ACTION_UP): 22    // KEYCODE_DPAD_RIGHT
Sleeping for 360 milliseconds
:Sending Touch (ACTION_DOWN): 0:(1042.0,1027.0)
:Sending Touch (ACTION_UP): 0:(1041.9983,1029.9468)
Sleeping for 360 milliseconds
:Sending Key (ACTION_DOWN): 22    // KEYCODE_DPAD_RIGHT
:Sending Key (ACTION_UP): 22    // KEYCODE_DPAD_RIGHT
Sleeping for 360 milliseconds
:Sending Touch (ACTION_DOWN): 0:(528.0,1104.0)
:Sending Touch (ACTION_UP): 0:(541.54224,1104.8066)
Sleeping for 360 milliseconds
:Sending Key (ACTION_DOWN): 155    // KEYCODE_NUMPAD_MULTIPLY
:Sending Key (ACTION_UP): 155    // KEYCODE_NUMPAD_MULTIPLY
Sleeping for 360 milliseconds
:Sending Key (ACTION_DOWN): 21    // KEYCODE_DPAD_LEFT
:Sending Key (ACTION_UP): 21    // KEYCODE_DPAD_LEFT
Sleeping for 360 milliseconds
    // Allowing start of Intent { cmp=com.ahdi.qrindo.wallet/com.ahdi.wallet.ui.activities.AppMainActivity } in package com.ahdi.qrindo.wallet
:Sending Key (ACTION_DOWN): 19    // KEYCODE_DPAD_UP
:Sending Key (ACTION_UP): 19    // KEYCODE_DPAD_UP
Sleeping for 360 milliseconds
:Sending Touch (ACTION_DOWN): 0:(729.0,1620.0)
:Sending Touch (ACTION_UP): 0:(726.8743,1635.281)
Sleeping for 360 milliseconds
:Sending Key (ACTION_DOWN): 23    // KEYCODE_DPAD_CENTER
:Sending Key (ACTION_UP): 23    // KEYCODE_DPAD_CENTER
Sleeping for 360 milliseconds
:Sending Touch (ACTION_DOWN): 0:(274.0,108.0)
:Sending Touch (ACTION_UP): 0:(286.2097,104.471085)
Sleeping for 360 milliseconds
:Sending Touch (ACTION_DOWN): 0:(82.0,172.0)
:Sending Touch (ACTION_UP): 0:(80.778824,162.71675)
Sleeping for 360 milliseconds
:Sending Touch (ACTION_DOWN): 0:(580.0,106.0)
:Sending Touch (ACTION_UP): 0:(589.88367,102.79322)
Sleeping for 360 milliseconds
:Sending Touch (ACTION_DOWN): 0:(830.0,1627.0)
:Sending Touch (ACTION_UP): 0:(824.26624,1619.7816)
Sleeping for 360 milliseconds
:Sending Key (ACTION_DOWN): 22    // KEYCODE_DPAD_RIGHT
:Sending Key (ACTION_UP): 22    // KEYCODE_DPAD_RIGHT
Sleeping for 360 milliseconds
:Sending Touch (ACTION_DOWN): 0:(242.0,1918.0)
:Sending Touch (ACTION_UP): 0:(241.91037,1910.1941)
Sleeping for 360 milliseconds
:Sending Touch (ACTION_DOWN): 0:(1077.0,915.0)
:Sending Touch (ACTION_UP): 0:(1080.0,916.4206)
Sleeping for 360 milliseconds
:Sending Key (ACTION_DOWN): 21    // KEYCODE_DPAD_LEFT
:Sending Key (ACTION_UP): 21    // KEYCODE_DPAD_LEFT
Sleeping for 360 milliseconds
:Sending Key (ACTION_DOWN): 82    // KEYCODE_MENU
:Sending Key (ACTION_UP): 82    // KEYCODE_MENU
Sleeping for 360 milliseconds
:Switch: #Intent;action=android.intent.action.MAIN;category=android.intent.category.LAUNCHER;launchFlags=0x10200000;component=com.ahdi.qrindo.wallet/com.ahdi.wallet.ui.activities.SplashActivity;end
    // Allowing start of Intent { act=android.intent.action.MAIN cat=[android.intent.category.LAUNCHER] cmp=com.ahdi.qrindo.wallet/com.ahdi.wallet.ui.activities.SplashActivity } in package com.ahdi.qrindo.wallet
Sleeping for 360 milliseconds
:Sending Touch (ACTION_DOWN): 0:(734.0,806.0)
:Sending Touch (ACTION_UP): 0:(721.8933,814.33496)
Sleeping for 360 milliseconds
:Sending Touch (ACTION_DOWN): 0:(357.0,1274.0)
:Sending Touch (ACTION_UP): 0:(350.28452,1280.1272)
Sleeping for 360 milliseconds
    // Allowing start of Intent { cmp=com.ahdi.qrindo.wallet/com.ahdi.wallet.ui.activities.BalanceActivity } in package com.ahdi.qrindo.wallet
:Sending Touch (ACTION_DOWN): 0:(971.0,1422.0)
:Sending Touch (ACTION_UP): 0:(958.7533,1411.8644)
Sleeping for 360 milliseconds
:Sending Touch (ACTION_DOWN): 0:(265.0,1536.0)
:Sending Touch (ACTION_UP): 0:(278.47998,1533.1156)
Sleeping for 360 milliseconds
:Sending Key (ACTION_DOWN): 23    // KEYCODE_DPAD_CENTER
:Sending Key (ACTION_UP): 23    // KEYCODE_DPAD_CENTER
Sleeping for 360 milliseconds
:Sending Trackball (ACTION_MOVE): 0:(-4.0,2.0)
:Sending Trackball (ACTION_MOVE): 0:(2.0,-3.0)
:Sending Trackball (ACTION_MOVE): 0:(-2.0,-1.0)
:Sending Trackball (ACTION_MOVE): 0:(2.0,-3.0)
:Sending Trackball (ACTION_MOVE): 0:(-3.0,2.0)
:Sending Trackball (ACTION_MOVE): 0:(3.0,-3.0)
:Sending Trackball (ACTION_MOVE): 0:(0.0,-2.0)
:Sending Trackball (ACTION_MOVE): 0:(-3.0,-4.0)
:Sending Trackball (ACTION_MOVE): 0:(2.0,1.0)
:Sending Trackball (ACTION_MOVE): 0:(-2.0,-5.0)
:Switch: #Intent;action=android.intent.action.MAIN;category=android.intent.category.LAUNCHER;launchFlags=0x10200000;component=com.ahdi.qrindo.wallet/com.ahdi.wallet.ui.activities.SplashActivity;end
    // Allowing start of Intent { act=android.intent.action.MAIN cat=[android.intent.category.LAUNCHER] cmp=com.ahdi.qrindo.wallet/com.ahdi.wallet.ui.activities.SplashActivity } in package com.ahdi.qrindo.wallet
Sleeping for 360 milliseconds
:Sending Touch (ACTION_DOWN): 0:(481.0,1866.0)
:Sending Touch (ACTION_UP): 0:(461.75558,1860.8644)
Sleeping for 360 milliseconds
:Sending Key (ACTION_DOWN): 183    // KEYCODE_PROG_RED
:Sending Key (ACTION_UP): 183    // KEYCODE_PROG_RED
Sleeping for 360 milliseconds
:Sending Touch (ACTION_DOWN): 0:(765.0,892.0)
:Sending Touch (ACTION_UP): 0:(764.9609,895.791)
Sleeping for 360 milliseconds
:Sending Touch (ACTION_DOWN): 0:(1061.0,272.0)
:Sending Touch (ACTION_UP): 0:(1062.004,272.9928)
Sleeping for 360 milliseconds
:Sending Touch (ACTION_DOWN): 0:(1042.0,1655.0)
:Sending Touch (ACTION_UP): 0:(1044.3885,1668.5842)
Sleeping for 360 milliseconds
:Sending Key (ACTION_DOWN): 19    // KEYCODE_DPAD_UP
:Sending Key (ACTION_UP): 19    // KEYCODE_DPAD_UP
Sleeping for 360 milliseconds
:Sending Key (ACTION_DOWN): 21    // KEYCODE_DPAD_LEFT
:Sending Key (ACTION_UP): 21    // KEYCODE_DPAD_LEFT
Sleeping for 360 milliseconds
:Sending Touch (ACTION_DOWN): 0:(795.0,1801.0)
:Sending Touch (ACTION_UP): 0:(796.0411,1804.1372)
Sleeping for 360 milliseconds
:Sending Key (ACTION_DOWN): 82    // KEYCODE_MENU
:Sending Key (ACTION_UP): 82    // KEYCODE_MENU
Sleeping for 360 milliseconds
:Sending Key (ACTION_DOWN): 20    // KEYCODE_DPAD_DOWN
:Sending Key (ACTION_UP): 20    // KEYCODE_DPAD_DOWN
Sleeping for 360 milliseconds
:Sending Touch (ACTION_DOWN): 0:(176.0,1658.0)
:Sending Touch (ACTION_UP): 0:(177.97472,1656.4734)
    //[calendar_time:2019-03-29 12:11:56.549  system_uptime:8203672]
    // Sending event #600
Sleeping for 360 milliseconds
    //[calendar_time:2019-03-29 12:11:56.916  system_uptime:8204039]
    // Sending event #600
:Sending Key (ACTION_DOWN): 20    // KEYCODE_DPAD_DOWN
:Sending Key (ACTION_UP): 20    // KEYCODE_DPAD_DOWN
Sleeping for 360 milliseconds
:Switch: #Intent;action=android.intent.action.MAIN;category=android.intent.category.LAUNCHER;launchFlags=0x10200000;component=com.ahdi.qrindo.wallet/com.ahdi.wallet.ui.activities.SplashActivity;end
    // Allowing start of Intent { act=android.intent.action.MAIN cat=[android.intent.category.LAUNCHER] cmp=com.ahdi.qrindo.wallet/com.ahdi.wallet.ui.activities.SplashActivity } in package com.ahdi.qrindo.wallet
Sleeping for 360 milliseconds
:Sending Touch (ACTION_DOWN): 0:(225.0,841.0)
:Sending Touch (ACTION_UP): 0:(219.39595,845.5772)
Sleeping for 360 milliseconds
:Sending Key (ACTION_DOWN): 23    // KEYCODE_DPAD_CENTER
:Sending Key (ACTION_UP): 23    // KEYCODE_DPAD_CENTER
Sleeping for 360 milliseconds
:Sending Trackball (ACTION_MOVE): 0:(2.0,-4.0)
:Sending Trackball (ACTION_MOVE): 0:(0.0,3.0)
:Sending Trackball (ACTION_MOVE): 0:(3.0,-1.0)
:Sending Trackball (ACTION_MOVE): 0:(2.0,0.0)
:Sending Trackball (ACTION_MOVE): 0:(-1.0,1.0)
:Sending Trackball (ACTION_MOVE): 0:(-3.0,1.0)
:Sending Trackball (ACTION_MOVE): 0:(-4.0,4.0)
:Sending Trackball (ACTION_MOVE): 0:(-1.0,-3.0)
:Sending Trackball (ACTION_MOVE): 0:(1.0,1.0)
:Sending Trackball (ACTION_MOVE): 0:(-2.0,1.0)
:Sending Touch (ACTION_DOWN): 0:(64.0,1295.0)
:Sending Touch (ACTION_UP): 0:(58.726524,1298.2761)
Sleeping for 360 milliseconds
:Sending Key (ACTION_DOWN): 23    // KEYCODE_DPAD_CENTER
:Sending Key (ACTION_UP): 23    // KEYCODE_DPAD_CENTER
Sleeping for 360 milliseconds
    // activityResuming(com.ahdi.qrindo.wallet)
    // activityResuming(com.ahdi.qrindo.wallet)
:Switch: #Intent;action=android.intent.action.MAIN;category=android.intent.category.LAUNCHER;launchFlags=0x10200000;component=com.ahdi.qrindo.wallet/com.ahdi.wallet.ui.activities.SplashActivity;end
    // Allowing start of Intent { act=android.intent.action.MAIN cat=[android.intent.category.LAUNCHER] cmp=com.ahdi.qrindo.wallet/com.ahdi.wallet.ui.activities.SplashActivity } in package com.ahdi.qrindo.wallet
Sleeping for 360 milliseconds
:Sending Touch (ACTION_DOWN): 0:(389.0,1596.0)
:Sending Touch (ACTION_UP): 0:(388.86523,1589.6858)
Sleeping for 360 milliseconds
:Sending Key (ACTION_DOWN): 22    // KEYCODE_DPAD_RIGHT
:Sending Key (ACTION_UP): 22    // KEYCODE_DPAD_RIGHT
Sleeping for 360 milliseconds
:Sending Key (ACTION_DOWN): 20    // KEYCODE_DPAD_DOWN
:Sending Key (ACTION_UP): 20    // KEYCODE_DPAD_DOWN
Sleeping for 360 milliseconds
:Sending Touch (ACTION_DOWN): 0:(917.0,1027.0)
:Sending Touch (ACTION_UP): 0:(920.27527,1040.5199)
Sleeping for 360 milliseconds
    // Allowing start of Intent { cmp=com.ahdi.qrindo.wallet/com.ahdi.wallet.ui.activities.BalanceActivity } in package com.ahdi.qrindo.wallet
:Sending Key (ACTION_DOWN): 23    // KEYCODE_DPAD_CENTER
:Sending Key (ACTION_UP): 23    // KEYCODE_DPAD_CENTER
Sleeping for 360 milliseconds
:Sending Key (ACTION_DOWN): 21    // KEYCODE_DPAD_LEFT
:Sending Key (ACTION_UP): 21    // KEYCODE_DPAD_LEFT
Sleeping for 360 milliseconds
:Sending Key (ACTION_DOWN): 21    // KEYCODE_DPAD_LEFT
:Sending Key (ACTION_UP): 21    // KEYCODE_DPAD_LEFT
Sleeping for 360 milliseconds
:Sending Key (ACTION_DOWN): 21    // KEYCODE_DPAD_LEFT
:Sending Key (ACTION_UP): 21    // KEYCODE_DPAD_LEFT
Sleeping for 360 milliseconds
:Sending Key (ACTION_DOWN): 82    // KEYCODE_MENU
:Sending Key (ACTION_UP): 82    // KEYCODE_MENU
Sleeping for 360 milliseconds
:Sending Key (ACTION_DOWN): 21    // KEYCODE_DPAD_LEFT
:Sending Key (ACTION_UP): 21    // KEYCODE_DPAD_LEFT
Sleeping for 360 milliseconds
:Sending Key (ACTION_DOWN): 21    // KEYCODE_DPAD_LEFT
:Sending Key (ACTION_UP): 21    // KEYCODE_DPAD_LEFT
Sleeping for 360 milliseconds
:Sending Touch (ACTION_DOWN): 0:(303.0,956.0)
:Sending Touch (ACTION_UP): 0:(310.68988,954.49554)
Sleeping for 360 milliseconds
:Switch: #Intent;action=android.intent.action.MAIN;category=android.intent.category.LAUNCHER;launchFlags=0x10200000;component=com.ahdi.qrindo.wallet/com.ahdi.wallet.ui.activities.SplashActivity;end
    // Allowing start of Intent { act=android.intent.action.MAIN cat=[android.intent.category.LAUNCHER] cmp=com.ahdi.qrindo.wallet/com.ahdi.wallet.ui.activities.SplashActivity } in package com.ahdi.qrindo.wallet
Sleeping for 360 milliseconds
:Sending Touch (ACTION_DOWN): 0:(637.0,1276.0)
:Sending Touch (ACTION_UP): 0:(634.4558,1276.3416)
Sleeping for 360 milliseconds
:Sending Key (ACTION_DOWN): 20    // KEYCODE_DPAD_DOWN
:Sending Key (ACTION_UP): 20    // KEYCODE_DPAD_DOWN
Sleeping for 360 milliseconds
:Sending Key (ACTION_DOWN): 82    // KEYCODE_MENU
:Sending Key (ACTION_UP): 82    // KEYCODE_MENU
Sleeping for 360 milliseconds
:Sending Touch (ACTION_DOWN): 0:(34.0,812.0)
:Sending Touch (ACTION_UP): 0:(43.666286,806.7567)
Sleeping for 360 milliseconds
:Sending Key (ACTION_DOWN): 20    // KEYCODE_DPAD_DOWN
:Sending Key (ACTION_UP): 20    // KEYCODE_DPAD_DOWN
Sleeping for 360 milliseconds
:Sending Key (ACTION_DOWN): 22    // KEYCODE_DPAD_RIGHT
:Sending Key (ACTION_UP): 22    // KEYCODE_DPAD_RIGHT
Sleeping for 360 milliseconds
:Sending Touch (ACTION_DOWN): 0:(1005.0,848.0)
:Sending Touch (ACTION_UP): 0:(987.6307,839.2814)
Sleeping for 360 milliseconds
:Sending Touch (ACTION_DOWN): 0:(675.0,750.0)
:Sending Touch (ACTION_UP): 0:(672.6361,749.75793)
Sleeping for 360 milliseconds
:Sending Touch (ACTION_DOWN): 0:(970.0,93.0)
:Sending Touch (ACTION_UP): 0:(972.033,98.79458)
Sleeping for 360 milliseconds
    // Allowing start of Intent { cmp=com.ahdi.qrindo.wallet/com.ahdi.wallet.ui.activities.WithdrawActivity } in package com.ahdi.qrindo.wallet
:Sending Touch (ACTION_DOWN): 0:(651.0,103.0)
    // Injection Failed
:Sending Touch (ACTION_UP): 0:(653.9848,104.20813)
    // Injection Failed
Sleeping for 360 milliseconds
:Sending Touch (ACTION_DOWN): 0:(608.0,998.0)
:Sending Touch (ACTION_UP): 0:(606.3365,996.77295)
Sleeping for 360 milliseconds
:Sending Key (ACTION_DOWN): 22    // KEYCODE_DPAD_RIGHT
:Sending Key (ACTION_UP): 22    // KEYCODE_DPAD_RIGHT
Sleeping for 360 milliseconds
:Sending Key (ACTION_DOWN): 96    // KEYCODE_BUTTON_A
:Sending Key (ACTION_UP): 96    // KEYCODE_BUTTON_A
Sleeping for 360 milliseconds
:Sending Key (ACTION_DOWN): 23    // KEYCODE_DPAD_CENTER
:Sending Key (ACTION_UP): 23    // KEYCODE_DPAD_CENTER
Sleeping for 360 milliseconds
:Sending Flip keyboardOpen=true
Got IOException performing flipjava.io.IOException: write failed: EINVAL (Invalid argument)
    // Injection Failed
Sleeping for 360 milliseconds
:Sending Key (ACTION_DOWN): 23    // KEYCODE_DPAD_CENTER
:Sending Key (ACTION_UP): 23    // KEYCODE_DPAD_CENTER
Sleeping for 360 milliseconds
:Sending Key (ACTION_DOWN): 23    // KEYCODE_DPAD_CENTER
:Sending Key (ACTION_UP): 23    // KEYCODE_DPAD_CENTER
Sleeping for 360 milliseconds
:Sending Key (ACTION_DOWN): 82    // KEYCODE_MENU
:Sending Key (ACTION_UP): 82    // KEYCODE_MENU
Sleeping for 360 milliseconds
:Sending Key (ACTION_DOWN): 82    // KEYCODE_MENU
:Sending Key (ACTION_UP): 82    // KEYCODE_MENU
Sleeping for 360 milliseconds
:Sending Touch (ACTION_DOWN): 0:(1015.0,958.0)
:Sending Touch (ACTION_UP): 0:(1015.9333,959.7206)
Sleeping for 360 milliseconds
:Sending Key (ACTION_DOWN): 22    // KEYCODE_DPAD_RIGHT
:Sending Key (ACTION_UP): 22    // KEYCODE_DPAD_RIGHT
Sleeping for 360 milliseconds
:Sending Key (ACTION_DOWN): 22    // KEYCODE_DPAD_RIGHT
:Sending Key (ACTION_UP): 22    // KEYCODE_DPAD_RIGHT
Sleeping for 360 milliseconds
:Sending Key (ACTION_DOWN): 22    // KEYCODE_DPAD_RIGHT
:Sending Key (ACTION_UP): 22    // KEYCODE_DPAD_RIGHT
Sleeping for 360 milliseconds
:Sending Key (ACTION_DOWN): 19    // KEYCODE_DPAD_UP
:Sending Key (ACTION_UP): 19    // KEYCODE_DPAD_UP
Sleeping for 360 milliseconds
:Sending Touch (ACTION_DOWN): 0:(1028.0,1287.0)
:Sending Touch (ACTION_UP): 0:(1017.0857,1279.7831)
Sleeping for 360 milliseconds
:Sending Touch (ACTION_DOWN): 0:(986.0,1526.0)
:Sending Touch (ACTION_UP): 0:(996.8002,1517.7384)
Sleeping for 360 milliseconds
:Sending Touch (ACTION_DOWN): 0:(571.0,1386.0)
:Sending Touch (ACTION_UP): 0:(565.4383,1397.6057)
    //[calendar_time:2019-03-29 12:12:14.106  system_uptime:8221229]
    // Sending event #700
Sleeping for 360 milliseconds
    //[calendar_time:2019-03-29 12:12:14.468  system_uptime:8221591]
    // Sending event #700
:Sending Touch (ACTION_DOWN): 0:(600.0,66.0)
:Sending Touch (ACTION_UP): 0:(599.93097,65.036674)
Sleeping for 360 milliseconds
:Sending Touch (ACTION_DOWN): 0:(287.0,575.0)
:Sending Touch (ACTION_UP): 0:(267.47675,569.36615)
Sleeping for 360 milliseconds
:Sending Key (ACTION_DOWN): 19    // KEYCODE_DPAD_UP
:Sending Key (ACTION_UP): 19    // KEYCODE_DPAD_UP
Sleeping for 360 milliseconds
:Sending Touch (ACTION_DOWN): 0:(681.0,1565.0)
:Sending Touch (ACTION_UP): 0:(680.9173,1561.97)
Sleeping for 360 milliseconds
:Sending Touch (ACTION_DOWN): 0:(297.0,649.0)
:Sending Touch (ACTION_UP): 0:(298.74243,648.5635)
Sleeping for 360 milliseconds
:Sending Touch (ACTION_DOWN): 0:(1041.0,884.0)
:Sending Touch (ACTION_UP): 0:(1032.2357,882.39075)
Sleeping for 360 milliseconds
:Sending Key (ACTION_DOWN): 22    // KEYCODE_DPAD_RIGHT
:Sending Key (ACTION_UP): 22    // KEYCODE_DPAD_RIGHT
Sleeping for 360 milliseconds
:Sending Key (ACTION_DOWN): 19    // KEYCODE_DPAD_UP
:Sending Key (ACTION_UP): 19    // KEYCODE_DPAD_UP
Sleeping for 360 milliseconds
:Sending Trackball (ACTION_MOVE): 0:(-2.0,0.0)
:Sending Trackball (ACTION_MOVE): 0:(-5.0,-4.0)
:Sending Trackball (ACTION_MOVE): 0:(4.0,-1.0)
:Sending Trackball (ACTION_MOVE): 0:(-2.0,-1.0)
:Sending Trackball (ACTION_MOVE): 0:(0.0,2.0)
:Sending Trackball (ACTION_MOVE): 0:(-5.0,-1.0)
:Sending Trackball (ACTION_MOVE): 0:(0.0,-1.0)
:Sending Trackball (ACTION_MOVE): 0:(4.0,1.0)
:Sending Trackball (ACTION_MOVE): 0:(3.0,4.0)
:Sending Trackball (ACTION_MOVE): 0:(-2.0,4.0)
:Sending Touch (ACTION_DOWN): 0:(599.0,1375.0)
:Sending Touch (ACTION_UP): 0:(612.46204,1368.5383)
Sleeping for 360 milliseconds
:Sending Key (ACTION_DOWN): 144    // KEYCODE_NUMPAD_0
:Sending Key (ACTION_UP): 144    // KEYCODE_NUMPAD_0
Sleeping for 360 milliseconds
:Sending Touch (ACTION_DOWN): 0:(354.0,688.0)
:Sending Touch (ACTION_UP): 0:(346.13422,686.18427)
Sleeping for 360 milliseconds
:Sending Touch (ACTION_DOWN): 0:(818.0,595.0)
:Sending Touch (ACTION_UP): 0:(807.7862,587.69324)
Sleeping for 360 milliseconds
:Switch: #Intent;action=android.intent.action.MAIN;category=android.intent.category.LAUNCHER;launchFlags=0x10200000;component=com.ahdi.qrindo.wallet/com.ahdi.wallet.ui.activities.SplashActivity;end
    // Allowing start of Intent { act=android.intent.action.MAIN cat=[android.intent.category.LAUNCHER] cmp=com.ahdi.qrindo.wallet/com.ahdi.wallet.ui.activities.SplashActivity } in package com.ahdi.qrindo.wallet
Sleeping for 360 milliseconds
:Sending Touch (ACTION_DOWN): 0:(871.0,472.0)
:Sending Touch (ACTION_UP): 0:(871.73395,470.57776)
Sleeping for 360 milliseconds
:Sending Flip keyboardOpen=false
Got IOException performing flipjava.io.IOException: write failed: EINVAL (Invalid argument)
    // Injection Failed
Sleeping for 360 milliseconds
:Sending Trackball (ACTION_MOVE): 0:(-3.0,-4.0)
:Sending Trackball (ACTION_MOVE): 0:(-4.0,1.0)
:Sending Trackball (ACTION_MOVE): 0:(4.0,3.0)
:Sending Trackball (ACTION_MOVE): 0:(3.0,-3.0)
:Sending Trackball (ACTION_MOVE): 0:(2.0,-4.0)
:Sending Trackball (ACTION_MOVE): 0:(-5.0,-2.0)
:Sending Trackball (ACTION_MOVE): 0:(2.0,-5.0)
:Sending Trackball (ACTION_MOVE): 0:(-3.0,-4.0)
:Sending Trackball (ACTION_MOVE): 0:(2.0,4.0)
:Sending Trackball (ACTION_MOVE): 0:(-3.0,-2.0)
:Sending Touch (ACTION_DOWN): 0:(235.0,1771.0)
:Sending Touch (ACTION_MOVE): 0:(235.9404,1773.7798)
:Sending Touch (ACTION_MOVE): 0:(238.51926,1773.9789)
:Sending Touch (ACTION_MOVE): 0:(241.95631,1774.2234)
:Sending Touch (ACTION_MOVE): 0:(248.1006,1778.2021)
:Sending Touch (ACTION_MOVE): 0:(254.79517,1782.2686)
:Sending Touch (ACTION_MOVE): 0:(261.89148,1787.5654)
:Sending Touch (ACTION_MOVE): 0:(268.55658,1787.9668)
:Sending Touch (ACTION_MOVE): 0:(275.02686,1792.0028)
:Sending Touch (ACTION_MOVE): 0:(280.62344,1794.0247)
:Sending Touch (ACTION_UP): 0:(282.17242,1794.1665)
Sleeping for 360 milliseconds
:Sending Touch (ACTION_DOWN): 0:(955.0,1218.0)
:Sending Touch (ACTION_UP): 0:(958.8257,1213.1653)
Sleeping for 360 milliseconds
:Switch: #Intent;action=android.intent.action.MAIN;category=android.intent.category.LAUNCHER;launchFlags=0x10200000;component=com.ahdi.qrindo.wallet/com.ahdi.wallet.ui.activities.SplashActivity;end
    // Allowing start of Intent { act=android.intent.action.MAIN cat=[android.intent.category.LAUNCHER] cmp=com.ahdi.qrindo.wallet/com.ahdi.wallet.ui.activities.SplashActivity } in package com.ahdi.qrindo.wallet
Sleeping for 360 milliseconds
:Sending Key (ACTION_DOWN): 19    // KEYCODE_DPAD_UP
:Sending Key (ACTION_UP): 19    // KEYCODE_DPAD_UP
Sleeping for 360 milliseconds
:Sending Key (ACTION_DOWN): 21    // KEYCODE_DPAD_LEFT
:Sending Key (ACTION_UP): 21    // KEYCODE_DPAD_LEFT
Sleeping for 360 milliseconds
:Sending Key (ACTION_DOWN): 23    // KEYCODE_DPAD_CENTER
:Sending Key (ACTION_UP): 23    // KEYCODE_DPAD_CENTER
Sleeping for 360 milliseconds
    // activityResuming(com.ahdi.qrindo.wallet)
    // activityResuming(com.ahdi.qrindo.wallet)
:Sending Key (ACTION_DOWN): 23    // KEYCODE_DPAD_CENTER
:Sending Key (ACTION_UP): 23    // KEYCODE_DPAD_CENTER
Sleeping for 360 milliseconds
:Switch: #Intent;action=android.intent.action.MAIN;category=android.intent.category.LAUNCHER;launchFlags=0x10200000;component=com.ahdi.qrindo.wallet/com.ahdi.wallet.ui.activities.SplashActivity;end
    // Allowing start of Intent { act=android.intent.action.MAIN cat=[android.intent.category.LAUNCHER] cmp=com.ahdi.qrindo.wallet/com.ahdi.wallet.ui.activities.SplashActivity } in package com.ahdi.qrindo.wallet
Sleeping for 360 milliseconds
:Sending Trackball (ACTION_MOVE): 0:(-5.0,3.0)
:Sending Trackball (ACTION_MOVE): 0:(3.0,-3.0)
:Sending Trackball (ACTION_MOVE): 0:(-5.0,-1.0)
:Sending Trackball (ACTION_MOVE): 0:(4.0,4.0)
:Sending Trackball (ACTION_MOVE): 0:(-2.0,-2.0)
:Sending Trackball (ACTION_MOVE): 0:(-5.0,4.0)
:Sending Trackball (ACTION_MOVE): 0:(-3.0,-5.0)
:Sending Trackball (ACTION_MOVE): 0:(0.0,1.0)
:Sending Trackball (ACTION_MOVE): 0:(0.0,2.0)
:Sending Trackball (ACTION_MOVE): 0:(4.0,-3.0)
:Sending Key (ACTION_DOWN): 99    // KEYCODE_BUTTON_X
:Sending Key (ACTION_UP): 99    // KEYCODE_BUTTON_X
Sleeping for 360 milliseconds
:Sending Key (ACTION_DOWN): 82    // KEYCODE_MENU
:Sending Key (ACTION_UP): 82    // KEYCODE_MENU
Sleeping for 360 milliseconds
:Sending Touch (ACTION_DOWN): 0:(957.0,1393.0)
:Sending Touch (ACTION_MOVE): 0:(968.28815,1381.6982)
:Sending Touch (ACTION_MOVE): 0:(974.73615,1374.8715)
:Sending Touch (ACTION_MOVE): 0:(982.5622,1372.1279)
:Sending Touch (ACTION_MOVE): 0:(992.3985,1361.2523)
:Sending Touch (ACTION_MOVE): 0:(1002.0459,1358.4391)
:Sending Touch (ACTION_MOVE): 0:(1007.5497,1352.747)
:Sending Touch (ACTION_MOVE): 0:(1014.70026,1347.6246)
:Sending Touch (ACTION_MOVE): 0:(1022.6596,1344.036)
:Sending Touch (ACTION_MOVE): 0:(1023.5956,1343.245)
:Sending Touch (ACTION_UP): 0:(1025.3046,1340.9095)
Sleeping for 360 milliseconds
:Sending Touch (ACTION_DOWN): 0:(291.0,881.0)
:Sending Touch (ACTION_UP): 0:(290.37234,887.668)
Sleeping for 360 milliseconds
:Sending Key (ACTION_DOWN): 82    // KEYCODE_MENU
:Sending Key (ACTION_UP): 82    // KEYCODE_MENU
    //[calendar_time:2019-03-29 12:12:24.662  system_uptime:8231785]
    // Sending event #800
Sleeping for 360 milliseconds
    //[calendar_time:2019-03-29 12:12:25.024  system_uptime:8232146]
    // Sending event #800
:Sending Touch (ACTION_DOWN): 0:(461.0,579.0)
:Sending Touch (ACTION_UP): 0:(453.93713,581.2358)
Sleeping for 360 milliseconds
    // Allowing start of Intent { cmp=com.ahdi.qrindo.wallet/com.ahdi.wallet.ui.activities.TopUpActivity } in package com.ahdi.qrindo.wallet
:Sending Key (ACTION_DOWN): 19    // KEYCODE_DPAD_UP
:Sending Key (ACTION_UP): 19    // KEYCODE_DPAD_UP
Sleeping for 360 milliseconds
:Sending Touch (ACTION_DOWN): 0:(942.0,1431.0)
:Sending Touch (ACTION_UP): 0:(938.8572,1428.7649)
Sleeping for 360 milliseconds
:Sending Key (ACTION_DOWN): 23    // KEYCODE_DPAD_CENTER
:Sending Key (ACTION_UP): 23    // KEYCODE_DPAD_CENTER
Sleeping for 360 milliseconds
:Sending Trackball (ACTION_MOVE): 0:(1.0,3.0)
:Sending Trackball (ACTION_MOVE): 0:(-2.0,4.0)
:Sending Trackball (ACTION_MOVE): 0:(2.0,-3.0)
:Sending Trackball (ACTION_MOVE): 0:(-2.0,-4.0)
:Sending Trackball (ACTION_MOVE): 0:(2.0,-4.0)
:Sending Trackball (ACTION_MOVE): 0:(2.0,-2.0)
:Sending Trackball (ACTION_MOVE): 0:(-4.0,-3.0)
:Sending Trackball (ACTION_MOVE): 0:(4.0,4.0)
:Sending Trackball (ACTION_MOVE): 0:(4.0,0.0)
:Sending Trackball (ACTION_MOVE): 0:(4.0,3.0)
:Sending Key (ACTION_DOWN): 23    // KEYCODE_DPAD_CENTER
:Sending Key (ACTION_UP): 23    // KEYCODE_DPAD_CENTER
Sleeping for 360 milliseconds
    // activityResuming(com.ahdi.qrindo.wallet)
    // activityResuming(com.ahdi.qrindo.wallet)
:Sending Touch (ACTION_DOWN): 0:(84.0,1157.0)
:Sending Touch (ACTION_UP): 0:(102.24279,1139.1476)
Sleeping for 360 milliseconds
:Sending Key (ACTION_DOWN): 20    // KEYCODE_DPAD_DOWN
:Sending Key (ACTION_UP): 20    // KEYCODE_DPAD_DOWN
Sleeping for 360 milliseconds
:Sending Touch (ACTION_DOWN): 0:(313.0,158.0)
:Sending Touch (ACTION_UP): 0:(315.42447,178.51361)
Sleeping for 360 milliseconds
:Sending Key (ACTION_DOWN): 22    // KEYCODE_DPAD_RIGHT
:Sending Key (ACTION_UP): 22    // KEYCODE_DPAD_RIGHT
Sleeping for 360 milliseconds
:Sending Key (ACTION_DOWN): 21    // KEYCODE_DPAD_LEFT
:Sending Key (ACTION_UP): 21    // KEYCODE_DPAD_LEFT
Sleeping for 360 milliseconds
:Sending Key (ACTION_DOWN): 82    // KEYCODE_MENU
:Sending Key (ACTION_UP): 82    // KEYCODE_MENU
Sleeping for 360 milliseconds
:Sending Trackball (ACTION_MOVE): 0:(3.0,-4.0)
:Sending Trackball (ACTION_MOVE): 0:(-2.0,-2.0)
:Sending Trackball (ACTION_MOVE): 0:(-2.0,-3.0)
:Sending Trackball (ACTION_MOVE): 0:(-4.0,1.0)
:Sending Trackball (ACTION_MOVE): 0:(-1.0,1.0)
:Sending Trackball (ACTION_MOVE): 0:(4.0,-3.0)
:Sending Trackball (ACTION_MOVE): 0:(-4.0,4.0)
:Sending Trackball (ACTION_MOVE): 0:(-5.0,2.0)
:Sending Trackball (ACTION_MOVE): 0:(-2.0,1.0)
:Sending Trackball (ACTION_MOVE): 0:(3.0,0.0)
:Sending Touch (ACTION_DOWN): 0:(1046.0,126.0)
:Sending Touch (ACTION_UP): 0:(1045.5598,123.736374)
Sleeping for 360 milliseconds
:Sending Touch (ACTION_DOWN): 0:(225.0,550.0)
:Sending Touch (ACTION_UP): 0:(219.12874,544.0601)
Sleeping for 360 milliseconds
    // Allowing start of Intent { cmp=com.ahdi.qrindo.wallet/com.ahdi.wallet.ui.activities.TopUpActivity } in package com.ahdi.qrindo.wallet
:Sending Key (ACTION_DOWN): 21    // KEYCODE_DPAD_LEFT
:Sending Key (ACTION_UP): 21    // KEYCODE_DPAD_LEFT
Sleeping for 360 milliseconds
:Sending Touch (ACTION_DOWN): 0:(233.0,1689.0)
:Sending Touch (ACTION_MOVE): 0:(236.87302,1688.5242)
:Sending Touch (ACTION_MOVE): 0:(248.6025,1682.4987)
:Sending Touch (ACTION_MOVE): 0:(252.12999,1681.1426)
:Sending Touch (ACTION_MOVE): 0:(255.83606,1677.6322)
:Sending Touch (ACTION_MOVE): 0:(267.91705,1672.7343)
:Sending Touch (ACTION_MOVE): 0:(273.01553,1667.3523)
:Sending Touch (ACTION_UP): 0:(282.96008,1655.2363)
Sleeping for 360 milliseconds
:Sending Touch (ACTION_DOWN): 0:(812.0,541.0)
:Sending Touch (ACTION_UP): 0:(806.4193,542.71655)
Sleeping for 360 milliseconds
:Sending Touch (ACTION_DOWN): 0:(994.0,1646.0)
:Sending Touch (ACTION_UP): 0:(1007.7815,1645.9493)
Sleeping for 360 milliseconds
:Sending Key (ACTION_DOWN): 23    // KEYCODE_DPAD_CENTER
:Sending Key (ACTION_UP): 23    // KEYCODE_DPAD_CENTER
Sleeping for 360 milliseconds
:Sending Touch (ACTION_DOWN): 0:(983.0,559.0)
:Sending Touch (ACTION_UP): 0:(983.3917,553.0738)
Sleeping for 360 milliseconds
:Sending Touch (ACTION_DOWN): 0:(945.0,573.0)
:Sending Touch (ACTION_UP): 0:(954.9128,573.22235)
Sleeping for 360 milliseconds
:Sending Touch (ACTION_DOWN): 0:(599.0,21.0)
:Sending Touch (ACTION_UP): 0:(590.9635,22.831638)
Sleeping for 360 milliseconds
:Sending Key (ACTION_DOWN): 82    // KEYCODE_MENU
:Sending Key (ACTION_UP): 82    // KEYCODE_MENU
Sleeping for 360 milliseconds
:Sending Touch (ACTION_DOWN): 0:(181.0,1582.0)
:Sending Touch (ACTION_UP): 0:(178.95474,1586.1622)
Sleeping for 360 milliseconds
:Sending Touch (ACTION_DOWN): 0:(846.0,1206.0)
:Sending Touch (ACTION_UP): 0:(864.15106,1200.5745)
Sleeping for 360 milliseconds
    // Allowing start of Intent { cmp=com.ahdi.qrindo.wallet/com.ahdi.wallet.ui.activities.WebCommonActivity } in package com.ahdi.qrindo.wallet
:Sending Touch (ACTION_DOWN): 0:(897.0,73.0)
    // Injection Failed
:Sending Touch (ACTION_UP): 0:(893.20917,72.13049)
    // Injection Failed
Sleeping for 360 milliseconds
:Sending Touch (ACTION_DOWN): 0:(428.0,1360.0)
:Sending Touch (ACTION_UP): 0:(428.76965,1356.8892)
Sleeping for 360 milliseconds
:Sending Touch (ACTION_DOWN): 0:(541.0,530.0)
:Sending Touch (ACTION_UP): 0:(544.6798,532.3313)
Sleeping for 360 milliseconds
:Sending Touch (ACTION_DOWN): 0:(281.0,1665.0)
:Sending Touch (ACTION_UP): 0:(282.18564,1648.1058)
Sleeping for 360 milliseconds
:Sending Touch (ACTION_DOWN): 0:(111.0,11.0)
:Sending Touch (ACTION_MOVE): 0:(122.52314,5.497598)
:Sending Touch (ACTION_MOVE): 0:(134.42418,0.0)
:Sending Touch (ACTION_MOVE): 0:(136.88013,0.0)
:Sending Touch (ACTION_MOVE): 0:(142.5253,0.0)
:Sending Touch (ACTION_MOVE): 0:(161.0216,0.0)
:Sending Touch (ACTION_MOVE): 0:(174.66113,0.0)
:Sending Touch (ACTION_MOVE): 0:(191.70227,0.0)
:Sending Touch (ACTION_MOVE): 0:(211.59177,0.0)
:Sending Touch (ACTION_UP): 0:(224.6518,0.0)
Sleeping for 360 milliseconds
:Sending Touch (ACTION_DOWN): 0:(655.0,676.0)
:Sending Touch (ACTION_UP): 0:(659.9475,685.13574)
Sleeping for 360 milliseconds
:Sending Key (ACTION_DOWN): 23    // KEYCODE_DPAD_CENTER
:Sending Key (ACTION_UP): 23    // KEYCODE_DPAD_CENTER
Sleeping for 360 milliseconds
:Sending Touch (ACTION_DOWN): 0:(62.0,488.0)
:Sending Touch (ACTION_UP): 0:(62.900764,489.6366)
Sleeping for 360 milliseconds
:Sending Key (ACTION_DOWN): 142    // KEYCODE_F12
:Sending Key (ACTION_UP): 142    // KEYCODE_F12
    //[calendar_time:2019-03-29 12:12:36.898  system_uptime:8244020]
    // Sending event #900
Sleeping for 360 milliseconds
    //[calendar_time:2019-03-29 12:12:37.259  system_uptime:8244382]
    // Sending event #900
:Sending Key (ACTION_DOWN): 82    // KEYCODE_MENU
:Sending Key (ACTION_UP): 82    // KEYCODE_MENU
Sleeping for 360 milliseconds
:Switch: #Intent;action=android.intent.action.MAIN;category=android.intent.category.LAUNCHER;launchFlags=0x10200000;component=com.ahdi.qrindo.wallet/com.ahdi.wallet.ui.activities.SplashActivity;end
    // Allowing start of Intent { act=android.intent.action.MAIN cat=[android.intent.category.LAUNCHER] cmp=com.ahdi.qrindo.wallet/com.ahdi.wallet.ui.activities.SplashActivity } in package com.ahdi.qrindo.wallet
Sleeping for 360 milliseconds
:Sending Trackball (ACTION_MOVE): 0:(-1.0,-5.0)
:Sending Trackball (ACTION_MOVE): 0:(0.0,3.0)
:Sending Trackball (ACTION_MOVE): 0:(3.0,4.0)
:Sending Trackball (ACTION_MOVE): 0:(4.0,-3.0)
:Sending Trackball (ACTION_MOVE): 0:(0.0,1.0)
:Sending Trackball (ACTION_MOVE): 0:(-5.0,-4.0)
:Sending Trackball (ACTION_MOVE): 0:(3.0,0.0)
:Sending Trackball (ACTION_MOVE): 0:(2.0,2.0)
:Sending Trackball (ACTION_MOVE): 0:(-3.0,-5.0)
:Sending Trackball (ACTION_MOVE): 0:(3.0,1.0)
:Sending Key (ACTION_DOWN): 23    // KEYCODE_DPAD_CENTER
:Sending Key (ACTION_UP): 23    // KEYCODE_DPAD_CENTER
Sleeping for 360 milliseconds
:Sending Key (ACTION_DOWN): 23    // KEYCODE_DPAD_CENTER
:Sending Key (ACTION_UP): 23    // KEYCODE_DPAD_CENTER
Sleeping for 360 milliseconds
:Switch: #Intent;action=android.intent.action.MAIN;category=android.intent.category.LAUNCHER;launchFlags=0x10200000;component=com.ahdi.qrindo.wallet/com.ahdi.wallet.ui.activities.SplashActivity;end
    // Allowing start of Intent { act=android.intent.action.MAIN cat=[android.intent.category.LAUNCHER] cmp=com.ahdi.qrindo.wallet/com.ahdi.wallet.ui.activities.SplashActivity } in package com.ahdi.qrindo.wallet
Sleeping for 360 milliseconds
:Sending Key (ACTION_DOWN): 20    // KEYCODE_DPAD_DOWN
:Sending Key (ACTION_UP): 20    // KEYCODE_DPAD_DOWN
Sleeping for 360 milliseconds
:Sending Touch (ACTION_DOWN): 0:(45.0,196.0)
:Sending Touch (ACTION_UP): 0:(61.55471,206.63126)
Sleeping for 360 milliseconds
    // activityResuming(com.ahdi.qrindo.wallet)
:Sending Touch (ACTION_DOWN): 0:(1028.0,303.0)
:Sending Touch (ACTION_UP): 0:(1026.7837,299.29666)
Sleeping for 360 milliseconds
:Sending Touch (ACTION_DOWN): 0:(175.0,942.0)
:Sending Touch (ACTION_UP): 0:(166.61055,938.9227)
Sleeping for 360 milliseconds
:Switch: #Intent;action=android.intent.action.MAIN;category=android.intent.category.LAUNCHER;launchFlags=0x10200000;component=com.ahdi.qrindo.wallet/com.ahdi.wallet.ui.activities.SplashActivity;end
    // Allowing start of Intent { act=android.intent.action.MAIN cat=[android.intent.category.LAUNCHER] cmp=com.ahdi.qrindo.wallet/com.ahdi.wallet.ui.activities.SplashActivity } in package com.ahdi.qrindo.wallet
Sleeping for 360 milliseconds
:Sending Key (ACTION_DOWN): 82    // KEYCODE_MENU
:Sending Key (ACTION_UP): 82    // KEYCODE_MENU
Sleeping for 360 milliseconds
:Sending Trackball (ACTION_MOVE): 0:(1.0,-4.0)
:Sending Trackball (ACTION_MOVE): 0:(-5.0,3.0)
:Sending Trackball (ACTION_MOVE): 0:(-2.0,3.0)
:Sending Trackball (ACTION_MOVE): 0:(-3.0,4.0)
:Sending Trackball (ACTION_MOVE): 0:(2.0,1.0)
:Sending Trackball (ACTION_MOVE): 0:(-3.0,-4.0)
:Sending Trackball (ACTION_MOVE): 0:(1.0,3.0)
:Sending Trackball (ACTION_MOVE): 0:(2.0,-3.0)
:Sending Trackball (ACTION_MOVE): 0:(-4.0,-2.0)
:Sending Trackball (ACTION_MOVE): 0:(-5.0,-2.0)
:Sending Touch (ACTION_DOWN): 0:(488.0,1602.0)
:Sending Touch (ACTION_UP): 0:(489.50632,1604.7861)
Sleeping for 360 milliseconds
:Sending Touch (ACTION_DOWN): 0:(211.0,1480.0)
:Sending Touch (ACTION_UP): 0:(200.53114,1477.7458)
Sleeping for 360 milliseconds
:Sending Key (ACTION_DOWN): 20    // KEYCODE_DPAD_DOWN
:Sending Key (ACTION_UP): 20    // KEYCODE_DPAD_DOWN
Sleeping for 360 milliseconds
    // Allowing start of Intent { cmp=com.ahdi.qrindo.wallet/com.ahdi.wallet.ui.activities.WebCommonActivity } in package com.ahdi.qrindo.wallet
:Sending Key (ACTION_DOWN): 20    // KEYCODE_DPAD_DOWN
:Sending Key (ACTION_UP): 20    // KEYCODE_DPAD_DOWN
Sleeping for 360 milliseconds
:Sending Key (ACTION_DOWN): 23    // KEYCODE_DPAD_CENTER
:Sending Key (ACTION_UP): 23    // KEYCODE_DPAD_CENTER
Sleeping for 360 milliseconds
:Sending Key (ACTION_DOWN): 20    // KEYCODE_DPAD_DOWN
:Sending Key (ACTION_UP): 20    // KEYCODE_DPAD_DOWN
Sleeping for 360 milliseconds
:Sending Key (ACTION_DOWN): 19    // KEYCODE_DPAD_UP
:Sending Key (ACTION_UP): 19    // KEYCODE_DPAD_UP
Sleeping for 360 milliseconds
:Sending Key (ACTION_DOWN): 236    // KEYCODE_TV_TERRESTRIAL_DIGITAL
:Sending Key (ACTION_UP): 236    // KEYCODE_TV_TERRESTRIAL_DIGITAL
Sleeping for 360 milliseconds
:Sending Touch (ACTION_DOWN): 0:(104.0,831.0)
:Sending Touch (ACTION_UP): 0:(94.78233,820.9883)
Sleeping for 360 milliseconds
:Sending Touch (ACTION_DOWN): 0:(21.0,1802.0)
:Sending Touch (ACTION_UP): 0:(12.728604,1813.4148)
Sleeping for 360 milliseconds
:Sending Touch (ACTION_DOWN): 0:(774.0,1761.0)
:Sending Touch (ACTION_UP): 0:(783.18854,1758.264)
Sleeping for 360 milliseconds
:Sending Touch (ACTION_DOWN): 0:(619.0,1644.0)
:Sending Touch (ACTION_UP): 0:(619.6085,1652.9845)
Sleeping for 360 milliseconds
:Sending Touch (ACTION_DOWN): 0:(529.0,114.0)
:Sending Touch (ACTION_UP): 0:(532.02673,115.02907)
Sleeping for 360 milliseconds
:Sending Key (ACTION_DOWN): 159    // KEYCODE_NUMPAD_COMMA
:Sending Key (ACTION_UP): 159    // KEYCODE_NUMPAD_COMMA
Sleeping for 360 milliseconds
:Sending Key (ACTION_DOWN): 23    // KEYCODE_DPAD_CENTER
:Sending Key (ACTION_UP): 23    // KEYCODE_DPAD_CENTER
Sleeping for 360 milliseconds
:Sending Trackball (ACTION_MOVE): 0:(0.0,-5.0)
:Sending Trackball (ACTION_MOVE): 0:(-2.0,-1.0)
:Sending Trackball (ACTION_MOVE): 0:(2.0,4.0)
:Sending Trackball (ACTION_MOVE): 0:(4.0,2.0)
:Sending Trackball (ACTION_MOVE): 0:(3.0,3.0)
:Sending Trackball (ACTION_MOVE): 0:(-4.0,4.0)
:Sending Trackball (ACTION_MOVE): 0:(-5.0,-1.0)
:Sending Trackball (ACTION_MOVE): 0:(-4.0,-3.0)
:Sending Trackball (ACTION_MOVE): 0:(3.0,3.0)
:Sending Trackball (ACTION_MOVE): 0:(-1.0,4.0)
:Sending Key (ACTION_DOWN): 73    // KEYCODE_BACKSLASH
:Sending Key (ACTION_UP): 73    // KEYCODE_BACKSLASH
Sleeping for 360 milliseconds
:Sending Touch (ACTION_DOWN): 0:(787.0,1319.0)
:Sending Touch (ACTION_UP): 0:(782.16376,1330.3055)
Sleeping for 360 milliseconds
:Sending Touch (ACTION_DOWN): 0:(438.0,960.0)
:Sending Touch (ACTION_UP): 0:(455.78116,961.7931)
Sleeping for 360 milliseconds
:Sending Touch (ACTION_DOWN): 0:(20.0,1595.0)
:Sending Touch (ACTION_UP): 0:(19.82197,1598.1179)
Sleeping for 360 milliseconds
:Sending Key (ACTION_DOWN): 82    // KEYCODE_MENU
:Sending Key (ACTION_UP): 82    // KEYCODE_MENU
Sleeping for 360 milliseconds
:Sending Touch (ACTION_DOWN): 0:(288.0,1449.0)
:Sending Touch (ACTION_UP): 0:(292.61713,1455.6978)
Sleeping for 360 milliseconds
:Switch: #Intent;action=android.intent.action.MAIN;category=android.intent.category.LAUNCHER;launchFlags=0x10200000;component=com.ahdi.qrindo.wallet/com.ahdi.wallet.ui.activities.SplashActivity;end
    // Allowing start of Intent { act=android.intent.action.MAIN cat=[android.intent.category.LAUNCHER] cmp=com.ahdi.qrindo.wallet/com.ahdi.wallet.ui.activities.SplashActivity } in package com.ahdi.qrindo.wallet
Sleeping for 360 milliseconds
:Sending Touch (ACTION_DOWN): 0:(800.0,1692.0)
:Sending Touch (ACTION_UP): 0:(791.02075,1692.9706)
Sleeping for 360 milliseconds
:Sending Touch (ACTION_DOWN): 0:(229.0,1345.0)
:Sending Touch (ACTION_UP): 0:(226.16447,1344.5853)
Sleeping for 360 milliseconds
:Sending Touch (ACTION_DOWN): 0:(108.0,1371.0)
:Sending Touch (ACTION_UP): 0:(113.96213,1384.7212)
Sleeping for 360 milliseconds
:Sending Touch (ACTION_DOWN): 0:(413.0,636.0)
:Sending Touch (ACTION_UP): 0:(404.41446,636.64703)
Events injected: 1000
:Sending rotation degree=0, persist=false
:Dropped: keys=0 pointers=4 trackballs=0 flips=7 rotations=0
## Network stats: elapsed time=148753ms (0ms mobile, 0ms wifi, 148753ms not connected)
// Monkey finished
